TN:
SF:src\App.tsx
FN:13,ProtectedRoute
FN:18,App
FN:22,(anonymous_2)
FN:26,(anonymous_3)
FNF:4
FNH:0
FNDA:0,ProtectedRoute
FNDA:0,App
FNDA:0,(anonymous_2)
FNDA:0,(anonymous_3)
DA:14,0
DA:15,0
DA:19,0
DA:20,0
DA:22,0
DA:23,0
DA:26,0
DA:27,0
DA:30,0
LF:9
LH:0
BRDA:15,0,0,0
BRDA:15,0,1,0
BRDA:35,1,0,0
BRDA:35,1,1,0
BRDA:36,2,0,0
BRDA:36,2,1,0
BRDA:50,3,0,0
BRDA:50,3,1,0
BRF:8
BRH:0
end_of_record
TN:
SF:src\components\ContextMenuWrapper.tsx
FN:11,(anonymous_0)
FN:20,(anonymous_1)
FN:21,(anonymous_2)
FN:54,(anonymous_3)
FN:57,(anonymous_4)
FN:58,(anonymous_5)
FN:67,(anonymous_6)
FNF:7
FNH:0
FNDA:0,(anonymous_0)
FNDA:0,(anonymous_1)
FNDA:0,(anonymous_2)
FNDA:0,(anonymous_3)
FNDA:0,(anonymous_4)
FNDA:0,(anonymous_5)
FNDA:0,(anonymous_6)
DA:11,0
DA:17,0
DA:18,0
DA:20,0
DA:21,0
DA:22,0
DA:23,0
DA:25,0
DA:26,0
DA:27,0
DA:28,0
DA:30,0
DA:31,0
DA:34,0
DA:35,0
DA:37,0
DA:38,0
DA:42,0
DA:43,0
DA:45,0
DA:46,0
DA:49,0
DA:53,0
DA:54,0
DA:57,0
DA:58,0
DA:59,0
DA:60,0
DA:61,0
DA:66,0
DA:67,0
DA:70,0
LF:32
LH:0
BRDA:23,0,0,0
BRDA:23,0,1,0
BRDA:34,1,0,0
BRDA:34,1,1,0
BRDA:37,2,0,0
BRDA:37,2,1,0
BRDA:42,3,0,0
BRDA:42,3,1,0
BRDA:45,4,0,0
BRDA:45,4,1,0
BRDA:59,5,0,0
BRDA:59,5,1,0
BRDA:60,6,0,0
BRDA:60,6,1,0
BRDA:60,7,0,0
BRDA:60,7,1,0
BRF:16
BRH:0
end_of_record
TN:
SF:src\components\DragGhost.tsx
FN:6,DragGhost
FN:12,(anonymous_1)
FN:22,(anonymous_2)
FN:26,(anonymous_3)
FN:56,(anonymous_4)
FN:61,(anonymous_5)
FN:67,(anonymous_6)
FN:86,(anonymous_7)
FN:93,(anonymous_8)
FNF:9
FNH:0
FNDA:0,DragGhost
FNDA:0,(anonymous_1)
FNDA:0,(anonymous_2)
FNDA:0,(anonymous_3)
FNDA:0,(anonymous_4)
FNDA:0,(anonymous_5)
FNDA:0,(anonymous_6)
FNDA:0,(anonymous_7)
FNDA:0,(anonymous_8)
DA:7,0
DA:8,0
DA:9,0
DA:10,0
DA:12,0
DA:13,0
DA:14,0
DA:15,0
DA:16,0
DA:17,0
DA:18,0
DA:22,0
DA:23,0
DA:26,0
DA:27,0
DA:28,0
DA:30,0
DA:31,0
DA:32,0
DA:35,0
DA:36,0
DA:37,0
DA:38,0
DA:39,0
DA:46,0
DA:47,0
DA:49,0
DA:52,0
DA:56,0
DA:57,0
DA:58,0
DA:61,0
DA:62,0
DA:63,0
DA:67,0
DA:68,0
DA:69,0
DA:70,0
DA:73,0
DA:74,0
DA:76,0
DA:77,0
DA:78,0
DA:79,0
DA:81,0
DA:82,0
DA:83,0
DA:84,0
DA:86,0
DA:87,0
DA:88,0
DA:89,0
DA:90,0
DA:93,0
DA:94,0
DA:98,0
DA:101,0
DA:102,0
DA:104,0
DA:116,0
DA:117,0
DA:118,0
DA:119,0
DA:120,0
DA:121,0
DA:123,0
LF:66
LH:0
BRDA:16,0,0,0
BRDA:16,0,1,0
BRDA:30,1,0,0
BRDA:30,1,1,0
BRDA:36,2,0,0
BRDA:36,2,1,0
BRDA:38,3,0,0
BRDA:38,3,1,0
BRDA:38,4,0,0
BRDA:38,4,1,0
BRDA:38,4,2,0
BRDA:38,4,3,0
BRDA:62,5,0,0
BRDA:62,5,1,0
BRDA:68,6,0,0
BRDA:68,6,1,0
BRDA:68,7,0,0
BRDA:68,7,1,0
BRDA:98,8,0,0
BRDA:98,8,1,0
BRDA:98,9,0,0
BRDA:98,9,1,0
BRDA:98,9,2,0
BRDA:106,10,0,0
BRDA:106,10,1,0
BRDA:107,11,0,0
BRDA:107,11,1,0
BRDA:117,12,0,0
BRDA:117,12,1,0
BRDA:118,13,0,0
BRDA:118,13,1,0
BRDA:119,14,0,0
BRDA:119,14,1,0
BRDA:119,15,0,0
BRDA:119,15,1,0
BRDA:120,16,0,0
BRDA:120,16,1,0
BRDA:121,17,0,0
BRDA:121,17,1,0
BRDA:157,18,0,0
BRDA:157,18,1,0
BRDA:157,18,2,0
BRDA:162,19,0,0
BRDA:162,19,1,0
BRDA:164,20,0,0
BRDA:164,20,1,0
BRDA:188,21,0,0
BRDA:188,21,1,0
BRDA:188,21,2,0
BRF:49
BRH:0
end_of_record
TN:
SF:src\components\Portal.tsx
FN:10,Portal
FN:13,(anonymous_1)
FN:27,(anonymous_2)
FNF:3
FNH:0
FNDA:0,Portal
FNDA:0,(anonymous_1)
FNDA:0,(anonymous_2)
DA:11,0
DA:13,0
DA:15,0
DA:16,0
DA:17,0
DA:21,0
DA:22,0
DA:23,0
DA:24,0
DA:27,0
DA:28,0
DA:29,0
DA:34,0
DA:35,0
DA:38,0
LF:15
LH:0
BRDA:10,0,0,0
BRDA:15,1,0,0
BRDA:15,1,1,0
BRDA:28,2,0,0
BRDA:28,2,1,0
BRDA:34,3,0,0
BRDA:34,3,1,0
BRF:7
BRH:0
end_of_record
TN:
SF:src\components\canvas\CanvasGrid.tsx
FN:10,CanvasGrid
FNF:1
FNH:0
FNDA:0,CanvasGrid
DA:11,0
DA:13,0
DA:16,0
DA:17,0
DA:20,0
DA:23,0
DA:24,0
DA:27,0
DA:29,0
LF:9
LH:0
BRDA:13,0,0,0
BRDA:13,0,1,0
BRF:2
BRH:0
end_of_record
TN:
SF:src\components\canvas\CanvasMinimap.tsx
FN:26,CanvasMinimap
FN:46,(anonymous_1)
FN:67,(anonymous_2)
FN:118,(anonymous_3)
FN:150,(anonymous_4)
FN:163,(anonymous_5)
FN:176,(anonymous_6)
FN:217,(anonymous_7)
FN:222,(anonymous_8)
FN:240,(anonymous_9)
FN:244,(anonymous_10)
FN:249,(anonymous_11)
FN:286,(anonymous_12)
FN:287,(anonymous_13)
FNF:14
FNH:0
FNDA:0,CanvasMinimap
FNDA:0,(anonymous_1)
FNDA:0,(anonymous_2)
FNDA:0,(anonymous_3)
FNDA:0,(anonymous_4)
FNDA:0,(anonymous_5)
FNDA:0,(anonymous_6)
FNDA:0,(anonymous_7)
FNDA:0,(anonymous_8)
FNDA:0,(anonymous_9)
FNDA:0,(anonymous_10)
FNDA:0,(anonymous_11)
FNDA:0,(anonymous_12)
FNDA:0,(anonymous_13)
DA:38,0
DA:39,0
DA:40,0
DA:41,0
DA:42,0
DA:43,0
DA:46,0
DA:47,0
DA:54,0
DA:55,0
DA:57,0
DA:58,0
DA:59,0
DA:62,0
DA:63,0
DA:64,0
DA:65,0
DA:67,0
DA:68,0
DA:69,0
DA:70,0
DA:71,0
DA:72,0
DA:73,0
DA:77,0
DA:78,0
DA:79,0
DA:80,0
DA:81,0
DA:84,0
DA:92,0
DA:93,0
DA:95,0
DA:96,0
DA:99,0
DA:102,0
DA:103,0
DA:104,0
DA:106,0
DA:107,0
DA:109,0
DA:110,0
DA:111,0
DA:114,0
DA:118,0
DA:119,0
DA:120,0
DA:122,0
DA:123,0
DA:126,0
DA:127,0
DA:128,0
DA:129,0
DA:133,0
DA:134,0
DA:137,0
DA:140,0
DA:141,0
DA:144,0
DA:147,0
DA:148,0
DA:149,0
DA:150,0
DA:151,0
DA:152,0
DA:153,0
DA:154,0
DA:155,0
DA:156,0
DA:160,0
DA:161,0
DA:162,0
DA:163,0
DA:164,0
DA:165,0
DA:166,0
DA:167,0
DA:168,0
DA:169,0
DA:173,0
DA:174,0
DA:175,0
DA:176,0
DA:177,0
DA:178,0
DA:179,0
DA:180,0
DA:181,0
DA:182,0
DA:186,0
DA:194,0
DA:195,0
DA:196,0
DA:197,0
DA:201,0
DA:202,0
DA:203,0
DA:204,0
DA:207,0
DA:208,0
DA:209,0
DA:212,0
DA:213,0
DA:217,0
DA:218,0
DA:219,0
DA:222,0
DA:223,0
DA:225,0
DA:226,0
DA:232,0
DA:233,0
DA:235,0
DA:237,0
DA:240,0
DA:241,0
DA:244,0
DA:245,0
DA:249,0
DA:250,0
DA:252,0
DA:253,0
DA:254,0
DA:257,0
DA:258,0
DA:259,0
DA:260,0
DA:261,0
DA:264,0
DA:265,0
DA:268,0
DA:269,0
DA:271,0
DA:274,0
DA:286,0
DA:287,0
LF:136
LH:0
BRDA:57,0,0,0
BRDA:57,0,1,0
BRDA:68,1,0,0
BRDA:68,1,1,0
BRDA:69,2,0,0
BRDA:69,2,1,0
BRDA:92,3,0,0
BRDA:92,3,1,0
BRDA:95,4,0,0
BRDA:95,4,1,0
BRDA:109,5,0,0
BRDA:109,5,1,0
BRDA:120,6,0,0
BRDA:120,6,1,0
BRDA:123,7,0,0
BRDA:123,7,1,0
BRDA:223,8,0,0
BRDA:223,8,1,0
BRDA:279,9,0,0
BRDA:279,9,1,0
BRF:20
BRH:0
end_of_record
TN:
SF:src\components\canvas\CanvasToolbar.tsx
FN:22,CanvasToolbar
FN:51,(anonymous_1)
FN:60,(anonymous_2)
FN:82,(anonymous_3)
FN:83,(anonymous_4)
FN:96,(anonymous_5)
FN:98,(anonymous_6)
FN:100,(anonymous_7)
FN:107,(anonymous_8)
FN:142,(anonymous_9)
FN:150,(anonymous_10)
FN:324,(anonymous_11)
FN:330,(anonymous_12)
FN:350,(anonymous_13)
FN:355,(anonymous_14)
FN:374,(anonymous_15)
FN:379,(anonymous_16)
FNF:17
FNH:0
FNDA:0,CanvasToolbar
FNDA:0,(anonymous_1)
FNDA:0,(anonymous_2)
FNDA:0,(anonymous_3)
FNDA:0,(anonymous_4)
FNDA:0,(anonymous_5)
FNDA:0,(anonymous_6)
FNDA:0,(anonymous_7)
FNDA:0,(anonymous_8)
FNDA:0,(anonymous_9)
FNDA:0,(anonymous_10)
FNDA:0,(anonymous_11)
FNDA:0,(anonymous_12)
FNDA:0,(anonymous_13)
FNDA:0,(anonymous_14)
FNDA:0,(anonymous_15)
FNDA:0,(anonymous_16)
DA:12,0
DA:20,0
DA:23,0
DA:24,0
DA:26,0
DA:27,0
DA:29,0
DA:35,0
DA:41,0
DA:48,0
DA:49,0
DA:51,0
DA:52,0
DA:54,0
DA:55,0
DA:57,0
DA:58,0
DA:59,0
DA:60,0
DA:63,0
DA:71,0
DA:78,0
DA:82,0
DA:83,0
DA:84,0
DA:85,0
DA:86,0
DA:87,0
DA:88,0
DA:89,0
DA:91,0
DA:96,0
DA:98,0
DA:99,0
DA:100,0
DA:101,0
DA:102,0
DA:103,0
DA:104,0
DA:105,0
DA:107,0
DA:108,0
DA:109,0
DA:110,0
DA:111,0
DA:114,0
DA:128,0
DA:134,0
DA:136,0
DA:143,0
DA:144,0
DA:145,0
DA:147,0
DA:151,0
DA:152,0
DA:154,0
DA:325,0
DA:326,0
DA:327,0
DA:330,0
DA:351,0
DA:352,0
DA:355,0
DA:375,0
DA:376,0
DA:380,0
LF:66
LH:0
BRDA:52,0,0,0
BRDA:52,0,1,0
BRDA:52,1,0,0
BRDA:52,1,1,0
BRDA:74,2,0,0
BRDA:74,2,1,0
BRDA:84,3,0,0
BRDA:84,3,1,0
BRDA:86,4,0,0
BRDA:86,4,1,0
BRDA:88,5,0,0
BRDA:88,5,1,0
BRDA:99,6,0,0
BRDA:99,6,1,0
BRDA:101,7,0,0
BRDA:101,7,1,0
BRDA:151,8,0,0
BRDA:151,8,1,0
BRDA:159,9,0,0
BRDA:159,9,1,0
BRDA:168,10,0,0
BRDA:168,10,1,0
BRDA:180,11,0,0
BRDA:180,11,1,0
BRDA:187,12,0,0
BRDA:187,12,1,0
BRDA:194,13,0,0
BRDA:194,13,1,0
BRDA:208,14,0,0
BRDA:208,14,1,0
BRDA:228,15,0,0
BRDA:228,15,1,0
BRDA:243,16,0,0
BRDA:243,16,1,0
BRDA:260,17,0,0
BRDA:260,17,1,0
BRDA:275,18,0,0
BRDA:275,18,1,0
BRDA:289,19,0,0
BRDA:289,19,1,0
BRDA:290,20,0,0
BRDA:290,20,1,0
BRDA:292,21,0,0
BRDA:292,21,1,0
BRDA:295,22,0,0
BRDA:295,22,1,0
BRDA:298,23,0,0
BRDA:298,23,1,0
BRDA:300,24,0,0
BRDA:300,24,1,0
BRDA:317,25,0,0
BRDA:317,25,1,0
BRDA:319,26,0,0
BRDA:319,26,1,0
BRDA:333,27,0,0
BRDA:333,27,1,0
BRDA:358,28,0,0
BRDA:358,28,1,0
BRDA:384,29,0,0
BRDA:384,29,1,0
BRDA:402,30,0,0
BRDA:402,30,1,0
BRF:62
BRH:0
end_of_record
TN:
SF:src\components\canvas\CollaborationCursors.tsx
FN:11,CollaborationCursors
FN:18,(anonymous_1)
FN:64,RemoteSelection
FN:71,(anonymous_3)
FN:80,(anonymous_4)
FN:116,UserAvatars
FN:121,(anonymous_6)
FNF:7
FNH:0
FNDA:0,CollaborationCursors
FNDA:0,(anonymous_1)
FNDA:0,RemoteSelection
FNDA:0,(anonymous_3)
FNDA:0,(anonymous_4)
FNDA:0,UserAvatars
FNDA:0,(anonymous_6)
DA:12,0
DA:14,0
DA:16,0
DA:20,0
DA:22,0
DA:23,0
DA:26,0
DA:27,0
DA:29,0
DA:65,0
DA:67,0
DA:69,0
DA:73,0
DA:75,0
DA:76,0
DA:78,0
DA:81,0
DA:82,0
DA:84,0
DA:85,0
DA:86,0
DA:87,0
DA:89,0
DA:117,0
DA:119,0
DA:122,0
LF:26
LH:0
BRDA:14,0,0,0
BRDA:14,0,1,0
BRDA:14,1,0,0
BRDA:14,1,1,0
BRDA:20,2,0,0
BRDA:20,2,1,0
BRDA:20,3,0,0
BRDA:20,3,1,0
BRDA:23,4,0,0
BRDA:23,4,1,0
BRDA:23,5,0,0
BRDA:23,5,1,0
BRDA:67,6,0,0
BRDA:67,6,1,0
BRDA:67,7,0,0
BRDA:67,7,1,0
BRDA:73,8,0,0
BRDA:73,8,1,0
BRDA:73,9,0,0
BRDA:73,9,1,0
BRDA:76,10,0,0
BRDA:76,10,1,0
BRDA:76,11,0,0
BRDA:76,11,1,0
BRDA:76,11,2,0
BRDA:82,12,0,0
BRDA:82,12,1,0
BRDA:117,13,0,0
BRDA:117,13,1,0
BRDA:117,14,0,0
BRDA:117,14,1,0
BRDA:126,15,0,0
BRDA:126,15,1,0
BRF:33
BRH:0
end_of_record
TN:
SF:src\components\canvas\ConnectionLine.tsx
FN:17,getCurveThroughPoints
FN:42,getOrthogonalPath
FN:51,pointsToPath
FN:52,(anonymous_3)
FN:55,ConnectionLine
FN:68,(anonymous_5)
FN:97,(anonymous_6)
FN:98,(anonymous_7)
FN:99,(anonymous_8)
FN:141,(anonymous_9)
FN:142,(anonymous_10)
FN:143,(anonymous_11)
FN:179,(anonymous_12)
FN:180,(anonymous_13)
FN:181,(anonymous_14)
FN:210,(anonymous_15)
FN:211,(anonymous_16)
FN:212,(anonymous_17)
FN:243,(anonymous_18)
FN:244,(anonymous_19)
FN:245,(anonymous_20)
FNF:21
FNH:0
FNDA:0,getCurveThroughPoints
FNDA:0,getOrthogonalPath
FNDA:0,pointsToPath
FNDA:0,(anonymous_3)
FNDA:0,ConnectionLine
FNDA:0,(anonymous_5)
FNDA:0,(anonymous_6)
FNDA:0,(anonymous_7)
FNDA:0,(anonymous_8)
FNDA:0,(anonymous_9)
FNDA:0,(anonymous_10)
FNDA:0,(anonymous_11)
FNDA:0,(anonymous_12)
FNDA:0,(anonymous_13)
FNDA:0,(anonymous_14)
FNDA:0,(anonymous_15)
FNDA:0,(anonymous_16)
FNDA:0,(anonymous_17)
FNDA:0,(anonymous_18)
FNDA:0,(anonymous_19)
FNDA:0,(anonymous_20)
DA:18,0
DA:19,0
DA:20,0
DA:22,0
DA:24,0
DA:25,0
DA:26,0
DA:27,0
DA:28,0
DA:30,0
DA:31,0
DA:32,0
DA:33,0
DA:35,0
DA:38,0
DA:43,0
DA:52,0
DA:66,0
DA:68,0
DA:69,0
DA:70,0
DA:71,0
DA:72,0
DA:73,0
DA:74,0
DA:76,0
DA:77,0
DA:78,0
DA:79,0
DA:80,0
DA:81,0
DA:82,0
DA:85,0
DA:97,0
DA:98,0
DA:99,0
DA:120,0
DA:122,0
DA:124,0
DA:126,0
DA:131,0
DA:133,0
DA:141,0
DA:142,0
DA:143,0
DA:164,0
DA:165,0
DA:166,0
DA:167,0
DA:168,0
DA:169,0
DA:171,0
DA:179,0
DA:180,0
DA:181,0
DA:199,0
DA:200,0
DA:202,0
DA:210,0
DA:211,0
DA:212,0
DA:231,0
DA:232,0
DA:233,0
DA:235,0
DA:243,0
DA:244,0
DA:245,0
DA:265,0
DA:268,0
LF:70
LH:0
BRDA:18,0,0,0
BRDA:18,0,1,0
BRDA:19,1,0,0
BRDA:19,1,1,0
BRDA:20,2,0,0
BRDA:20,2,1,0
BRDA:52,3,0,0
BRDA:52,3,1,0
BRDA:69,4,0,0
BRDA:69,4,1,0
BRDA:77,5,0,0
BRDA:77,5,1,0
BRDA:77,6,0,0
BRDA:77,6,1,0
BRDA:87,7,0,0
BRDA:87,7,1,0
BRDA:109,8,0,0
BRDA:109,8,1,0
BRDA:109,9,0,0
BRDA:109,9,1,0
BRDA:111,10,0,0
BRDA:111,10,1,0
BRDA:111,11,0,0
BRDA:111,11,1,0
BRDA:112,12,0,0
BRDA:112,12,1,0
BRDA:112,13,0,0
BRDA:112,13,1,0
BRDA:115,14,0,0
BRDA:115,14,1,0
BRDA:120,15,0,0
BRDA:120,15,1,0
BRDA:122,16,0,0
BRDA:122,16,1,0
BRDA:124,17,0,0
BRDA:124,17,1,0
BRDA:149,18,0,0
BRDA:149,18,1,0
BRDA:149,19,0,0
BRDA:149,19,1,0
BRDA:152,20,0,0
BRDA:152,20,1,0
BRDA:152,21,0,0
BRDA:152,21,1,0
BRDA:153,22,0,0
BRDA:153,22,1,0
BRDA:153,23,0,0
BRDA:153,23,1,0
BRDA:156,24,0,0
BRDA:156,24,1,0
BRDA:187,25,0,0
BRDA:187,25,1,0
BRDA:187,26,0,0
BRDA:187,26,1,0
BRDA:190,27,0,0
BRDA:190,27,1,0
BRDA:190,28,0,0
BRDA:190,28,1,0
BRDA:191,29,0,0
BRDA:191,29,1,0
BRDA:191,30,0,0
BRDA:191,30,1,0
BRDA:194,31,0,0
BRDA:194,31,1,0
BRDA:199,32,0,0
BRDA:199,32,1,0
BRDA:218,33,0,0
BRDA:218,33,1,0
BRDA:218,34,0,0
BRDA:218,34,1,0
BRDA:222,35,0,0
BRDA:222,35,1,0
BRDA:222,36,0,0
BRDA:222,36,1,0
BRDA:223,37,0,0
BRDA:223,37,1,0
BRDA:223,38,0,0
BRDA:223,38,1,0
BRDA:226,39,0,0
BRDA:226,39,1,0
BRDA:231,40,0,0
BRDA:231,40,1,0
BRDA:232,41,0,0
BRDA:232,41,1,0
BRDA:251,42,0,0
BRDA:251,42,1,0
BRDA:251,43,0,0
BRDA:251,43,1,0
BRDA:255,44,0,0
BRDA:255,44,1,0
BRDA:255,45,0,0
BRDA:255,45,1,0
BRDA:256,46,0,0
BRDA:256,46,1,0
BRDA:256,47,0,0
BRDA:256,47,1,0
BRDA:259,48,0,0
BRDA:259,48,1,0
BRF:98
BRH:0
end_of_record
TN:
SF:src\components\canvas\ConnectionStylePanel.tsx
FN:6,ConnectionStylePanel
FN:15,(anonymous_1)
FN:16,(anonymous_2)
FN:94,(anonymous_3)
FN:102,(anonymous_4)
FN:116,(anonymous_5)
FN:124,(anonymous_6)
FN:138,(anonymous_7)
FN:147,(anonymous_8)
FN:155,(anonymous_9)
FN:174,(anonymous_10)
FN:185,(anonymous_11)
FN:193,(anonymous_12)
FN:209,(anonymous_13)
FNF:14
FNH:0
FNDA:0,ConnectionStylePanel
FNDA:0,(anonymous_1)
FNDA:0,(anonymous_2)
FNDA:0,(anonymous_3)
FNDA:0,(anonymous_4)
FNDA:0,(anonymous_5)
FNDA:0,(anonymous_6)
FNDA:0,(anonymous_7)
FNDA:0,(anonymous_8)
FNDA:0,(anonymous_9)
FNDA:0,(anonymous_10)
FNDA:0,(anonymous_11)
FNDA:0,(anonymous_12)
FNDA:0,(anonymous_13)
DA:7,0
DA:8,0
DA:10,0
DA:12,0
DA:13,0
DA:15,0
DA:16,0
DA:17,0
DA:18,0
DA:20,0
DA:21,0
DA:23,0
DA:29,0
DA:36,0
DA:42,0
DA:49,0
DA:59,0
DA:95,0
DA:102,0
DA:117,0
DA:124,0
DA:139,0
DA:147,0
DA:155,0
DA:174,0
DA:186,0
DA:193,0
DA:209,0
LF:28
LH:0
BRDA:10,0,0,0
BRDA:10,0,1,0
BRDA:10,1,0,0
BRDA:10,1,1,0
BRDA:12,2,0,0
BRDA:12,2,1,0
BRDA:13,3,0,0
BRDA:13,3,1,0
BRDA:18,4,0,0
BRDA:18,4,1,0
BRDA:20,5,0,0
BRDA:20,5,1,0
BRDA:20,6,0,0
BRDA:20,6,1,0
BRDA:20,6,2,0
BRDA:20,6,3,0
BRDA:20,6,4,0
BRDA:64,7,0,0
BRDA:64,7,1,0
BRDA:98,8,0,0
BRDA:98,8,1,0
BRDA:120,9,0,0
BRDA:120,9,1,0
BRDA:142,10,0,0
BRDA:142,10,1,0
BRDA:189,11,0,0
BRDA:189,11,1,0
BRDA:208,12,0,0
BRDA:208,12,1,0
BRDA:209,13,0,0
BRDA:209,13,1,0
BRDA:216,14,0,0
BRDA:216,14,1,0
BRF:33
BRH:0
end_of_record
TN:
SF:src\components\canvas\DomainContextMenu.tsx
FN:14,DomainContextMenu
FN:22,(anonymous_1)
FN:23,(anonymous_2)
FN:54,(anonymous_3)
FN:55,(anonymous_4)
FN:61,(anonymous_5)
FN:70,(anonymous_6)
FN:78,(anonymous_7)
FN:85,(anonymous_8)
FN:90,(anonymous_9)
FN:95,(anonymous_10)
FN:122,(anonymous_11)
FNF:12
FNH:0
FNDA:0,DomainContextMenu
FNDA:0,(anonymous_1)
FNDA:0,(anonymous_2)
FNDA:0,(anonymous_3)
FNDA:0,(anonymous_4)
FNDA:0,(anonymous_5)
FNDA:0,(anonymous_6)
FNDA:0,(anonymous_7)
FNDA:0,(anonymous_8)
FNDA:0,(anonymous_9)
FNDA:0,(anonymous_10)
FNDA:0,(anonymous_11)
DA:15,0
DA:16,0
DA:18,0
DA:19,0
DA:20,0
DA:22,0
DA:23,0
DA:24,0
DA:26,0
DA:27,0
DA:28,0
DA:29,0
DA:31,0
DA:32,0
DA:34,0
DA:35,0
DA:37,0
DA:38,0
DA:41,0
DA:42,0
DA:44,0
DA:45,0
DA:48,0
DA:51,0
DA:54,0
DA:55,0
DA:56,0
DA:57,0
DA:61,0
DA:62,0
DA:63,0
DA:67,0
DA:68,0
DA:70,0
DA:71,0
DA:72,0
DA:76,0
DA:78,0
DA:79,0
DA:80,0
DA:81,0
DA:82,0
DA:85,0
DA:86,0
DA:87,0
DA:90,0
DA:91,0
DA:92,0
DA:95,0
DA:106,0
DA:122,0
DA:124,0
LF:52
LH:0
BRDA:24,0,0,0
BRDA:24,0,1,0
BRDA:34,1,0,0
BRDA:34,1,1,0
BRDA:37,2,0,0
BRDA:37,2,1,0
BRDA:41,3,0,0
BRDA:41,3,1,0
BRDA:44,4,0,0
BRDA:44,4,1,0
BRDA:56,5,0,0
BRDA:56,5,1,0
BRDA:56,6,0,0
BRDA:56,6,1,0
BRDA:62,7,0,0
BRDA:62,7,1,0
BRDA:76,8,0,0
BRDA:76,8,1,0
BRDA:99,9,0,0
BRDA:110,10,0,0
BRDA:110,10,1,0
BRDA:117,11,0,0
BRDA:117,11,1,0
BRDA:150,12,0,0
BRDA:150,12,1,0
BRF:25
BRH:0
end_of_record
TN:
SF:src\components\canvas\DomainStylePanel.tsx
FN:7,DomainStylePanel
FN:12,(anonymous_1)
FN:13,(anonymous_2)
FN:21,(anonymous_3)
FN:22,(anonymous_4)
FN:31,(anonymous_5)
FN:37,(anonymous_6)
FN:43,(anonymous_7)
FN:74,(anonymous_8)
FN:88,(anonymous_9)
FN:104,(anonymous_10)
FN:131,(anonymous_11)
FN:149,(anonymous_12)
FNF:13
FNH:0
FNDA:0,DomainStylePanel
FNDA:0,(anonymous_1)
FNDA:0,(anonymous_2)
FNDA:0,(anonymous_3)
FNDA:0,(anonymous_4)
FNDA:0,(anonymous_5)
FNDA:0,(anonymous_6)
FNDA:0,(anonymous_7)
FNDA:0,(anonymous_8)
FNDA:0,(anonymous_9)
FNDA:0,(anonymous_10)
FNDA:0,(anonymous_11)
FNDA:0,(anonymous_12)
DA:8,0
DA:9,0
DA:11,0
DA:12,0
DA:13,0
DA:15,0
DA:16,0
DA:19,0
DA:21,0
DA:22,0
DA:23,0
DA:24,0
DA:25,0
DA:31,0
DA:32,0
DA:33,0
DA:37,0
DA:38,0
DA:39,0
DA:43,0
DA:44,0
DA:45,0
DA:46,0
DA:47,0
DA:48,0
DA:49,0
DA:52,0
DA:74,0
DA:89,0
DA:90,0
DA:91,0
DA:92,0
DA:93,0
DA:94,0
DA:105,0
DA:106,0
DA:107,0
DA:108,0
DA:131,0
DA:149,0
LF:40
LH:0
BRDA:15,0,0,0
BRDA:15,0,1,0
BRDA:15,1,0,0
BRDA:15,1,1,0
BRDA:15,1,2,0
BRDA:24,2,0,0
BRDA:24,2,1,0
BRDA:33,3,0,0
BRDA:33,3,1,0
BRDA:33,4,0,0
BRDA:33,4,1,0
BRDA:39,5,0,0
BRDA:39,5,1,0
BRDA:45,6,0,0
BRDA:45,6,1,0
BRDA:57,7,0,0
BRDA:57,7,1,0
BRDA:107,8,0,0
BRDA:107,8,1,0
BRDA:137,9,0,0
BRDA:137,9,1,0
BRDA:141,10,0,0
BRDA:141,10,1,0
BRDA:148,11,0,0
BRDA:148,11,1,0
BRF:25
BRH:0
end_of_record
TN:
SF:src\components\canvas\FabricCanvas.tsx
FN:14,FabricCanvas
FN:46,(anonymous_1)
FN:47,(anonymous_2)
FN:51,(anonymous_3)
FN:56,(anonymous_4)
FN:85,(anonymous_5)
FN:123,(anonymous_6)
FN:146,(anonymous_7)
FN:217,(anonymous_8)
FN:249,(anonymous_9)
FN:262,(anonymous_10)
FN:307,(anonymous_11)
FN:321,(anonymous_12)
FN:354,(anonymous_13)
FN:360,(anonymous_14)
FN:368,(anonymous_15)
FN:374,(anonymous_16)
FN:380,(anonymous_17)
FN:386,(anonymous_18)
FN:399,(anonymous_19)
FNF:20
FNH:0
FNDA:0,FabricCanvas
FNDA:0,(anonymous_1)
FNDA:0,(anonymous_2)
FNDA:0,(anonymous_3)
FNDA:0,(anonymous_4)
FNDA:0,(anonymous_5)
FNDA:0,(anonymous_6)
FNDA:0,(anonymous_7)
FNDA:0,(anonymous_8)
FNDA:0,(anonymous_9)
FNDA:0,(anonymous_10)
FNDA:0,(anonymous_11)
FNDA:0,(anonymous_12)
FNDA:0,(anonymous_13)
FNDA:0,(anonymous_14)
FNDA:0,(anonymous_15)
FNDA:0,(anonymous_16)
FNDA:0,(anonymous_17)
FNDA:0,(anonymous_18)
FNDA:0,(anonymous_19)
DA:15,0
DA:16,0
DA:17,0
DA:20,0
DA:21,0
DA:22,0
DA:41,0
DA:43,0
DA:46,0
DA:47,0
DA:48,0
DA:51,0
DA:52,0
DA:56,0
DA:58,0
DA:59,0
DA:62,0
DA:63,0
DA:65,0
DA:66,0
DA:68,0
DA:69,0
DA:70,0
DA:73,0
DA:74,0
DA:76,0
DA:77,0
DA:79,0
DA:80,0
DA:81,0
DA:85,0
DA:86,0
DA:87,0
DA:88,0
DA:90,0
DA:91,0
DA:92,0
DA:95,0
DA:96,0
DA:98,0
DA:101,0
DA:105,0
DA:106,0
DA:107,0
DA:109,0
DA:115,0
DA:123,0
DA:124,0
DA:125,0
DA:127,0
DA:128,0
DA:129,0
DA:130,0
DA:133,0
DA:134,0
DA:136,0
DA:137,0
DA:139,0
DA:140,0
DA:142,0
DA:143,0
DA:146,0
DA:148,0
DA:150,0
DA:151,0
DA:152,0
DA:154,0
DA:156,0
DA:171,0
DA:172,0
DA:173,0
DA:174,0
DA:175,0
DA:177,0
DA:178,0
DA:180,0
DA:183,0
DA:184,0
DA:186,0
DA:190,0
DA:191,0
DA:195,0
DA:198,0
DA:199,0
DA:200,0
DA:212,0
DA:213,0
DA:217,0
DA:218,0
DA:219,0
DA:222,0
DA:223,0
DA:224,0
DA:226,0
DA:227,0
DA:232,0
DA:233,0
DA:234,0
DA:235,0
DA:237,0
DA:238,0
DA:239,0
DA:243,0
DA:244,0
DA:246,0
DA:249,0
DA:250,0
DA:251,0
DA:253,0
DA:254,0
DA:256,0
DA:257,0
DA:258,0
DA:262,0
DA:264,0
DA:265,0
DA:266,0
DA:268,0
DA:269,0
DA:270,0
DA:271,0
DA:274,0
DA:275,0
DA:276,0
DA:279,0
DA:280,0
DA:290,0
DA:293,0
DA:294,0
DA:295,0
DA:296,0
DA:299,0
DA:303,0
DA:307,0
DA:308,0
DA:309,0
DA:310,0
DA:311,0
DA:315,0
DA:316,0
DA:321,0
DA:322,0
DA:324,0
DA:325,0
DA:326,0
DA:329,0
DA:336,0
DA:339,0
DA:340,0
DA:341,0
DA:342,0
DA:343,0
DA:344,0
DA:345,0
DA:346,0
DA:347,0
DA:348,0
DA:349,0
DA:352,0
DA:354,0
DA:355,0
DA:360,0
DA:361,0
DA:362,0
DA:364,0
DA:367,0
DA:368,0
DA:369,0
DA:370,0
DA:374,0
DA:375,0
DA:376,0
DA:380,0
DA:381,0
DA:382,0
DA:386,0
DA:387,0
DA:388,0
DA:389,0
DA:394,0
DA:395,0
DA:399,0
DA:400,0
DA:401,0
DA:403,0
DA:404,0
DA:405,0
DA:408,0
LF:188
LH:0
BRDA:47,0,0,0
BRDA:47,0,1,0
BRDA:58,1,0,0
BRDA:58,1,1,0
BRDA:63,2,0,0
BRDA:63,2,1,0
BRDA:66,3,0,0
BRDA:66,3,1,0
BRDA:68,4,0,0
BRDA:68,4,1,0
BRDA:70,5,0,0
BRDA:70,5,1,0
BRDA:73,6,0,0
BRDA:73,6,1,0
BRDA:74,7,0,0
BRDA:74,7,1,0
BRDA:80,8,0,0
BRDA:80,8,1,0
BRDA:88,9,0,0
BRDA:88,9,1,0
BRDA:90,10,0,0
BRDA:90,10,1,0
BRDA:92,11,0,0
BRDA:92,11,1,0
BRDA:105,12,0,0
BRDA:105,12,1,0
BRDA:107,13,0,0
BRDA:107,13,1,0
BRDA:128,14,0,0
BRDA:128,14,1,0
BRDA:150,15,0,0
BRDA:150,15,1,0
BRDA:152,16,0,0
BRDA:152,16,1,0
BRDA:173,17,0,0
BRDA:173,17,1,0
BRDA:175,18,0,0
BRDA:175,18,1,0
BRDA:178,19,0,0
BRDA:178,19,1,0
BRDA:184,20,0,0
BRDA:184,20,1,0
BRDA:184,21,0,0
BRDA:184,21,1,0
BRDA:219,22,0,0
BRDA:219,22,1,0
BRDA:222,23,0,0
BRDA:222,23,1,0
BRDA:222,24,0,0
BRDA:222,24,1,0
BRDA:224,25,0,0
BRDA:224,25,1,0
BRDA:244,26,0,0
BRDA:244,26,1,0
BRDA:251,27,0,0
BRDA:251,27,1,0
BRDA:254,28,0,0
BRDA:254,28,1,0
BRDA:254,29,0,0
BRDA:254,29,1,0
BRDA:257,30,0,0
BRDA:257,30,1,0
BRDA:257,31,0,0
BRDA:257,31,1,0
BRDA:264,32,0,0
BRDA:264,32,1,0
BRDA:264,33,0,0
BRDA:264,33,1,0
BRDA:266,34,0,0
BRDA:266,34,1,0
BRDA:279,35,0,0
BRDA:279,35,1,0
BRDA:279,36,0,0
BRDA:279,36,1,0
BRDA:308,37,0,0
BRDA:308,37,1,0
BRDA:310,38,0,0
BRDA:310,38,1,0
BRDA:315,39,0,0
BRDA:315,39,1,0
BRDA:322,40,0,0
BRDA:322,40,1,0
BRDA:325,41,0,0
BRDA:325,41,1,0
BRDA:362,42,0,0
BRDA:362,42,1,0
BRDA:370,43,0,0
BRDA:370,43,1,0
BRDA:376,44,0,0
BRDA:376,44,1,0
BRDA:382,45,0,0
BRDA:382,45,1,0
BRDA:388,46,0,0
BRDA:388,46,1,0
BRDA:401,47,0,0
BRDA:401,47,1,0
BRDA:414,48,0,0
BRDA:414,48,1,0
BRDA:415,49,0,0
BRDA:415,49,1,0
BRDA:416,50,0,0
BRDA:416,50,1,0
BRF:102
BRH:0
end_of_record
TN:
SF:src\components\canvas\NodeContextMenu.tsx
FN:33,NodeContextMenu
FN:47,(anonymous_1)
FN:48,(anonymous_2)
FN:80,(anonymous_3)
FN:84,(anonymous_4)
FN:112,(anonymous_5)
FN:113,(anonymous_6)
FN:119,(anonymous_7)
FN:128,(anonymous_8)
FN:136,(anonymous_9)
FN:154,(anonymous_10)
FN:158,(anonymous_11)
FN:165,(anonymous_12)
FN:169,(anonymous_13)
FN:176,(anonymous_14)
FN:197,(anonymous_15)
FN:204,(anonymous_16)
FN:230,(anonymous_17)
FN:234,(anonymous_18)
FN:242,(anonymous_19)
FN:247,(anonymous_20)
FN:252,(anonymous_21)
FN:257,(anonymous_22)
FN:275,(anonymous_23)
FN:287,(anonymous_24)
FN:299,(anonymous_25)
FN:303,(anonymous_26)
FN:310,(anonymous_27)
FN:350,(anonymous_28)
FN:449,(anonymous_29)
FN:467,(anonymous_30)
FN:472,(anonymous_31)
FNF:32
FNH:0
FNDA:0,NodeContextMenu
FNDA:0,(anonymous_1)
FNDA:0,(anonymous_2)
FNDA:0,(anonymous_3)
FNDA:0,(anonymous_4)
FNDA:0,(anonymous_5)
FNDA:0,(anonymous_6)
FNDA:0,(anonymous_7)
FNDA:0,(anonymous_8)
FNDA:0,(anonymous_9)
FNDA:0,(anonymous_10)
FNDA:0,(anonymous_11)
FNDA:0,(anonymous_12)
FNDA:0,(anonymous_13)
FNDA:0,(anonymous_14)
FNDA:0,(anonymous_15)
FNDA:0,(anonymous_16)
FNDA:0,(anonymous_17)
FNDA:0,(anonymous_18)
FNDA:0,(anonymous_19)
FNDA:0,(anonymous_20)
FNDA:0,(anonymous_21)
FNDA:0,(anonymous_22)
FNDA:0,(anonymous_23)
FNDA:0,(anonymous_24)
FNDA:0,(anonymous_25)
FNDA:0,(anonymous_26)
FNDA:0,(anonymous_27)
FNDA:0,(anonymous_28)
FNDA:0,(anonymous_29)
FNDA:0,(anonymous_30)
FNDA:0,(anonymous_31)
DA:34,0
DA:35,0
DA:36,0
DA:37,0
DA:39,0
DA:40,0
DA:41,0
DA:42,0
DA:43,0
DA:44,0
DA:47,0
DA:48,0
DA:49,0
DA:51,0
DA:52,0
DA:53,0
DA:54,0
DA:56,0
DA:57,0
DA:60,0
DA:61,0
DA:63,0
DA:64,0
DA:68,0
DA:69,0
DA:71,0
DA:72,0
DA:75,0
DA:76,0
DA:79,0
DA:80,0
DA:84,0
DA:85,0
DA:86,0
DA:87,0
DA:88,0
DA:89,0
DA:91,0
DA:92,0
DA:94,0
DA:95,0
DA:97,0
DA:98,0
DA:101,0
DA:102,0
DA:104,0
DA:105,0
DA:108,0
DA:112,0
DA:113,0
DA:114,0
DA:115,0
DA:119,0
DA:120,0
DA:121,0
DA:125,0
DA:126,0
DA:128,0
DA:129,0
DA:130,0
DA:134,0
DA:136,0
DA:137,0
DA:138,0
DA:139,0
DA:142,0
DA:153,0
DA:155,0
DA:156,0
DA:159,0
DA:162,0
DA:165,0
DA:166,0
DA:167,0
DA:168,0
DA:169,0
DA:170,0
DA:171,0
DA:173,0
DA:174,0
DA:175,0
DA:176,0
DA:177,0
DA:178,0
DA:179,0
DA:185,0
DA:186,0
DA:188,0
DA:190,0
DA:193,0
DA:194,0
DA:197,0
DA:198,0
DA:199,0
DA:200,0
DA:201,0
DA:204,0
DA:205,0
DA:206,0
DA:213,0
DA:214,0
DA:215,0
DA:217,0
DA:220,0
DA:221,0
DA:222,0
DA:225,0
DA:226,0
DA:229,0
DA:230,0
DA:231,0
DA:232,0
DA:234,0
DA:235,0
DA:236,0
DA:238,0
DA:242,0
DA:243,0
DA:244,0
DA:247,0
DA:248,0
DA:249,0
DA:252,0
DA:253,0
DA:254,0
DA:257,0
DA:258,0
DA:260,0
DA:261,0
DA:267,0
DA:272,0
DA:275,0
DA:276,0
DA:277,0
DA:278,0
DA:279,0
DA:280,0
DA:281,0
DA:282,0
DA:284,0
DA:287,0
DA:288,0
DA:289,0
DA:290,0
DA:291,0
DA:292,0
DA:293,0
DA:294,0
DA:296,0
DA:299,0
DA:300,0
DA:303,0
DA:304,0
DA:305,0
DA:306,0
DA:307,0
DA:310,0
DA:327,0
DA:350,0
DA:352,0
DA:449,0
DA:468,0
DA:472,0
LF:163
LH:0
BRDA:49,0,0,0
BRDA:49,0,1,0
BRDA:60,1,0,0
BRDA:60,1,1,0
BRDA:63,2,0,0
BRDA:63,2,1,0
BRDA:68,3,0,0
BRDA:68,3,1,0
BRDA:71,4,0,0
BRDA:71,4,1,0
BRDA:85,5,0,0
BRDA:85,5,1,0
BRDA:85,6,0,0
BRDA:85,6,1,0
BRDA:94,7,0,0
BRDA:94,7,1,0
BRDA:97,8,0,0
BRDA:97,8,1,0
BRDA:101,9,0,0
BRDA:101,9,1,0
BRDA:104,10,0,0
BRDA:104,10,1,0
BRDA:114,11,0,0
BRDA:114,11,1,0
BRDA:114,12,0,0
BRDA:114,12,1,0
BRDA:120,13,0,0
BRDA:120,13,1,0
BRDA:134,14,0,0
BRDA:134,14,1,0
BRDA:137,15,0,0
BRDA:137,15,1,0
BRDA:144,16,0,0
BRDA:144,16,1,0
BRDA:144,16,2,0
BRDA:146,17,0,0
BRDA:146,17,1,0
BRDA:159,18,0,0
BRDA:159,18,1,0
BRDA:171,19,0,0
BRDA:171,19,1,0
BRDA:182,20,0,0
BRDA:182,20,1,0
BRDA:198,21,0,0
BRDA:198,21,1,0
BRDA:213,22,0,0
BRDA:213,22,1,0
BRDA:225,23,0,0
BRDA:225,23,1,0
BRDA:260,24,0,0
BRDA:260,24,1,0
BRDA:269,25,0,0
BRDA:269,25,1,0
BRDA:279,26,0,0
BRDA:279,26,1,0
BRDA:291,27,0,0
BRDA:291,27,1,0
BRDA:315,28,0,0
BRDA:316,29,0,0
BRDA:331,30,0,0
BRDA:331,30,1,0
BRDA:333,31,0,0
BRDA:333,31,1,0
BRDA:341,32,0,0
BRDA:341,32,1,0
BRDA:343,33,0,0
BRDA:343,33,1,0
BRDA:363,34,0,0
BRDA:363,34,1,0
BRDA:364,35,0,0
BRDA:364,35,1,0
BRDA:398,36,0,0
BRDA:398,36,1,0
BRDA:399,37,0,0
BRDA:399,37,1,0
BRDA:402,38,0,0
BRDA:402,38,1,0
BRDA:404,39,0,0
BRDA:404,39,1,0
BRDA:405,40,0,0
BRDA:405,40,1,0
BRDA:409,41,0,0
BRDA:409,41,1,0
BRDA:454,42,0,0
BRDA:454,42,1,0
BRDA:458,43,0,0
BRDA:458,43,1,0
BRDA:461,44,0,0
BRDA:461,44,1,0
BRDA:475,45,0,0
BRDA:475,45,1,0
BRF:91
BRH:0
end_of_record
TN:
SF:src\components\canvas\NodeItem.tsx
FN:10,isDefaultSelectionTool
FN:27,NodeItem
FN:62,(anonymous_2)
FN:72,(anonymous_3)
FN:94,(anonymous_4)
FN:113,(anonymous_5)
FN:135,(anonymous_6)
FN:144,(anonymous_7)
FN:150,(anonymous_8)
FN:178,(anonymous_9)
FN:182,(anonymous_10)
FN:202,(anonymous_11)
FN:223,(anonymous_12)
FN:230,(anonymous_13)
FN:243,(anonymous_14)
FN:282,(anonymous_15)
FN:301,(anonymous_16)
FN:309,(anonymous_17)
FN:320,(anonymous_18)
FN:328,(anonymous_19)
FN:330,(anonymous_20)
FN:331,(anonymous_21)
FN:338,(anonymous_22)
FN:340,(anonymous_23)
FN:362,(anonymous_24)
FN:377,(anonymous_25)
FN:392,(anonymous_26)
FN:478,(anonymous_27)
FN:479,(anonymous_28)
FN:536,(anonymous_29)
FN:549,(anonymous_30)
FN:565,(anonymous_31)
FN:582,(anonymous_32)
FN:593,(anonymous_33)
FN:618,(anonymous_34)
FN:623,(anonymous_35)
FN:628,(anonymous_36)
FN:632,(anonymous_37)
FN:683,(anonymous_38)
FN:703,(anonymous_39)
FN:713,(anonymous_40)
FN:745,(anonymous_41)
FN:768,(anonymous_42)
FN:789,(anonymous_43)
FN:834,(anonymous_44)
FN:861,(anonymous_45)
FN:888,(anonymous_46)
FN:915,(anonymous_47)
FN:960,(anonymous_48)
FN:980,(anonymous_49)
FN:982,(anonymous_50)
FN:983,(anonymous_51)
FN:1023,(anonymous_52)
FN:1027,(anonymous_53)
FN:1028,(anonymous_54)
FN:1040,(anonymous_55)
FN:1063,(anonymous_56)
FN:1085,(anonymous_57)
FN:1121,(anonymous_58)
FN:1125,(anonymous_59)
FN:1126,(anonymous_60)
FN:1138,(anonymous_61)
FN:1163,(anonymous_62)
FN:1167,(anonymous_63)
FN:1168,(anonymous_64)
FN:1181,(anonymous_65)
FN:1193,(anonymous_66)
FNF:67
FNH:0
FNDA:0,isDefaultSelectionTool
FNDA:0,NodeItem
FNDA:0,(anonymous_2)
FNDA:0,(anonymous_3)
FNDA:0,(anonymous_4)
FNDA:0,(anonymous_5)
FNDA:0,(anonymous_6)
FNDA:0,(anonymous_7)
FNDA:0,(anonymous_8)
FNDA:0,(anonymous_9)
FNDA:0,(anonymous_10)
FNDA:0,(anonymous_11)
FNDA:0,(anonymous_12)
FNDA:0,(anonymous_13)
FNDA:0,(anonymous_14)
FNDA:0,(anonymous_15)
FNDA:0,(anonymous_16)
FNDA:0,(anonymous_17)
FNDA:0,(anonymous_18)
FNDA:0,(anonymous_19)
FNDA:0,(anonymous_20)
FNDA:0,(anonymous_21)
FNDA:0,(anonymous_22)
FNDA:0,(anonymous_23)
FNDA:0,(anonymous_24)
FNDA:0,(anonymous_25)
FNDA:0,(anonymous_26)
FNDA:0,(anonymous_27)
FNDA:0,(anonymous_28)
FNDA:0,(anonymous_29)
FNDA:0,(anonymous_30)
FNDA:0,(anonymous_31)
FNDA:0,(anonymous_32)
FNDA:0,(anonymous_33)
FNDA:0,(anonymous_34)
FNDA:0,(anonymous_35)
FNDA:0,(anonymous_36)
FNDA:0,(anonymous_37)
FNDA:0,(anonymous_38)
FNDA:0,(anonymous_39)
FNDA:0,(anonymous_40)
FNDA:0,(anonymous_41)
FNDA:0,(anonymous_42)
FNDA:0,(anonymous_43)
FNDA:0,(anonymous_44)
FNDA:0,(anonymous_45)
FNDA:0,(anonymous_46)
FNDA:0,(anonymous_47)
FNDA:0,(anonymous_48)
FNDA:0,(anonymous_49)
FNDA:0,(anonymous_50)
FNDA:0,(anonymous_51)
FNDA:0,(anonymous_52)
FNDA:0,(anonymous_53)
FNDA:0,(anonymous_54)
FNDA:0,(anonymous_55)
FNDA:0,(anonymous_56)
FNDA:0,(anonymous_57)
FNDA:0,(anonymous_58)
FNDA:0,(anonymous_59)
FNDA:0,(anonymous_60)
FNDA:0,(anonymous_61)
FNDA:0,(anonymous_62)
FNDA:0,(anonymous_63)
FNDA:0,(anonymous_64)
FNDA:0,(anonymous_65)
FNDA:0,(anonymous_66)
DA:11,0
DA:35,0
DA:37,0
DA:39,0
DA:40,0
DA:41,0
DA:42,0
DA:43,0
DA:44,0
DA:46,0
DA:47,0
DA:49,0
DA:50,0
DA:51,0
DA:52,0
DA:53,0
DA:54,0
DA:55,0
DA:56,0
DA:57,0
DA:58,0
DA:59,0
DA:62,0
DA:63,0
DA:65,0
DA:66,0
DA:67,0
DA:70,0
DA:71,0
DA:72,0
DA:73,0
DA:74,0
DA:80,0
DA:83,0
DA:91,0
DA:92,0
DA:94,0
DA:95,0
DA:97,0
DA:98,0
DA:104,0
DA:105,0
DA:106,0
DA:107,0
DA:113,0
DA:114,0
DA:117,0
DA:119,0
DA:121,0
DA:124,0
DA:130,0
DA:135,0
DA:136,0
DA:139,0
DA:140,0
DA:143,0
DA:144,0
DA:145,0
DA:149,0
DA:150,0
DA:151,0
DA:152,0
DA:153,0
DA:155,0
DA:156,0
DA:157,0
DA:162,0
DA:165,0
DA:174,0
DA:178,0
DA:179,0
DA:180,0
DA:181,0
DA:182,0
DA:183,0
DA:184,0
DA:185,0
DA:186,0
DA:187,0
DA:188,0
DA:189,0
DA:190,0
DA:192,0
DA:193,0
DA:195,0
DA:196,0
DA:199,0
DA:200,0
DA:201,0
DA:202,0
DA:203,0
DA:204,0
DA:205,0
DA:206,0
DA:207,0
DA:208,0
DA:209,0
DA:210,0
DA:212,0
DA:213,0
DA:215,0
DA:216,0
DA:220,0
DA:223,0
DA:224,0
DA:230,0
DA:232,0
DA:233,0
DA:236,0
DA:240,0
DA:243,0
DA:244,0
DA:245,0
DA:248,0
DA:249,0
DA:250,0
DA:253,0
DA:254,0
DA:257,0
DA:258,0
DA:259,0
DA:260,0
DA:262,0
DA:263,0
DA:265,0
DA:266,0
DA:269,0
DA:270,0
DA:271,0
DA:272,0
DA:275,0
DA:276,0
DA:282,0
DA:283,0
DA:285,0
DA:286,0
DA:287,0
DA:288,0
DA:290,0
DA:295,0
DA:301,0
DA:302,0
DA:305,0
DA:308,0
DA:309,0
DA:310,0
DA:312,0
DA:316,0
DA:320,0
DA:321,0
DA:328,0
DA:329,0
DA:331,0
DA:332,0
DA:338,0
DA:339,0
DA:340,0
DA:343,0
DA:346,0
DA:349,0
DA:354,0
DA:355,0
DA:358,0
DA:362,0
DA:363,0
DA:364,0
DA:365,0
DA:366,0
DA:367,0
DA:369,0
DA:370,0
DA:371,0
DA:377,0
DA:378,0
DA:379,0
DA:380,0
DA:382,0
DA:383,0
DA:384,0
DA:385,0
DA:391,0
DA:394,0
DA:395,0
DA:396,0
DA:400,0
DA:401,0
DA:404,0
DA:406,0
DA:407,0
DA:408,0
DA:411,0
DA:412,0
DA:414,0
DA:415,0
DA:416,0
DA:417,0
DA:418,0
DA:419,0
DA:420,0
DA:426,0
DA:430,0
DA:431,0
DA:434,0
DA:435,0
DA:436,0
DA:438,0
DA:441,0
DA:442,0
DA:445,0
DA:446,0
DA:447,0
DA:453,0
DA:455,0
DA:478,0
DA:479,0
DA:480,0
DA:481,0
DA:482,0
DA:483,0
DA:484,0
DA:489,0
DA:491,0
DA:492,0
DA:496,0
DA:499,0
DA:500,0
DA:505,0
DA:506,0
DA:507,0
DA:508,0
DA:510,0
DA:511,0
DA:512,0
DA:513,0
DA:515,0
DA:516,0
DA:518,0
DA:519,0
DA:520,0
DA:522,0
DA:523,0
DA:525,0
DA:526,0
DA:527,0
DA:531,0
DA:532,0
DA:536,0
DA:537,0
DA:539,0
DA:540,0
DA:545,0
DA:547,0
DA:549,0
DA:550,0
DA:553,0
DA:557,0
DA:558,0
DA:564,0
DA:565,0
DA:566,0
DA:569,0
DA:570,0
DA:571,0
DA:572,0
DA:576,0
DA:578,0
DA:579,0
DA:580,0
DA:582,0
DA:584,0
DA:585,0
DA:586,0
DA:592,0
DA:594,0
DA:595,0
DA:596,0
DA:597,0
DA:601,0
DA:602,0
DA:603,0
DA:604,0
DA:607,0
DA:608,0
DA:609,0
DA:618,0
DA:619,0
DA:623,0
DA:624,0
DA:628,0
DA:631,0
DA:633,0
DA:636,0
DA:637,0
DA:638,0
DA:641,0
DA:642,0
DA:643,0
DA:644,0
DA:645,0
DA:648,0
DA:649,0
DA:650,0
DA:651,0
DA:653,0
DA:655,0
DA:656,0
DA:659,0
DA:661,0
DA:662,0
DA:663,0
DA:664,0
DA:666,0
DA:668,0
DA:669,0
DA:671,0
DA:673,0
DA:674,0
DA:683,0
DA:684,0
DA:687,0
DA:688,0
DA:690,0
DA:691,0
DA:693,0
DA:696,0
DA:697,0
DA:698,0
DA:699,0
DA:700,0
DA:702,0
DA:703,0
DA:704,0
DA:706,0
DA:707,0
DA:708,0
DA:713,0
DA:714,0
DA:715,0
DA:716,0
DA:717,0
DA:721,0
DA:722,0
DA:724,0
DA:725,0
DA:726,0
DA:730,0
DA:732,0
DA:736,0
DA:737,0
DA:738,0
DA:744,0
DA:746,0
DA:747,0
DA:748,0
DA:752,0
DA:753,0
DA:754,0
DA:756,0
DA:757,0
DA:760,0
DA:761,0
DA:768,0
DA:769,0
DA:771,0
DA:772,0
DA:777,0
DA:779,0
DA:780,0
DA:784,0
DA:789,0
DA:790,0
DA:791,0
DA:792,0
DA:793,0
DA:794,0
DA:796,0
DA:797,0
DA:803,0
DA:835,0
DA:836,0
DA:837,0
DA:838,0
DA:839,0
DA:862,0
DA:863,0
DA:864,0
DA:865,0
DA:866,0
DA:889,0
DA:890,0
DA:891,0
DA:892,0
DA:893,0
DA:916,0
DA:917,0
DA:918,0
DA:919,0
DA:920,0
DA:961,0
DA:962,0
DA:963,0
DA:966,0
DA:967,0
DA:975,0
DA:977,0
DA:980,0
DA:982,0
DA:983,0
DA:1023,0
DA:1027,0
DA:1028,0
DA:1040,0
DA:1064,0
DA:1065,0
DA:1066,0
DA:1086,0
DA:1087,0
DA:1088,0
DA:1121,0
DA:1125,0
DA:1126,0
DA:1138,0
DA:1163,0
DA:1167,0
DA:1168,0
DA:1181,0
DA:1194,0
DA:1195,0
LF:428
LH:0
BRDA:86,0,0,0
BRDA:86,0,1,0
BRDA:95,1,0,0
BRDA:95,1,1,0
BRDA:97,2,0,0
BRDA:97,2,1,0
BRDA:97,3,0,0
BRDA:97,3,1,0
BRDA:98,4,0,0
BRDA:98,4,1,0
BRDA:98,4,2,0
BRDA:98,4,3,0
BRDA:98,4,4,0
BRDA:104,5,0,0
BRDA:104,5,1,0
BRDA:114,6,0,0
BRDA:114,6,1,0
BRDA:119,7,0,0
BRDA:119,7,1,0
BRDA:136,8,0,0
BRDA:136,8,1,0
BRDA:151,9,0,0
BRDA:151,9,1,0
BRDA:152,10,0,0
BRDA:152,10,1,0
BRDA:152,11,0,0
BRDA:152,11,1,0
BRDA:152,11,2,0
BRDA:155,12,0,0
BRDA:155,12,1,0
BRDA:156,13,0,0
BRDA:156,13,1,0
BRDA:156,14,0,0
BRDA:156,14,1,0
BRDA:162,15,0,0
BRDA:162,15,1,0
BRDA:179,16,0,0
BRDA:179,16,1,0
BRDA:180,17,0,0
BRDA:180,17,1,0
BRDA:183,18,0,0
BRDA:183,18,1,0
BRDA:188,19,0,0
BRDA:188,19,1,0
BRDA:199,20,0,0
BRDA:199,20,1,0
BRDA:200,21,0,0
BRDA:200,21,1,0
BRDA:203,22,0,0
BRDA:203,22,1,0
BRDA:208,23,0,0
BRDA:208,23,1,0
BRDA:244,24,0,0
BRDA:244,24,1,0
BRDA:248,25,0,0
BRDA:248,25,1,0
BRDA:253,26,0,0
BRDA:253,26,1,0
BRDA:257,27,0,0
BRDA:257,27,1,0
BRDA:262,28,0,0
BRDA:262,28,1,0
BRDA:265,29,0,0
BRDA:265,29,1,0
BRDA:269,30,0,0
BRDA:269,30,1,0
BRDA:270,31,0,0
BRDA:270,31,1,0
BRDA:272,32,0,0
BRDA:272,32,1,0
BRDA:275,33,0,0
BRDA:275,33,1,0
BRDA:283,34,0,0
BRDA:283,34,1,0
BRDA:285,35,0,0
BRDA:285,35,1,0
BRDA:287,36,0,0
BRDA:287,36,1,0
BRDA:290,37,0,0
BRDA:290,37,1,0
BRDA:290,38,0,0
BRDA:290,38,1,0
BRDA:290,38,2,0
BRDA:290,38,3,0
BRDA:354,39,0,0
BRDA:354,39,1,0
BRDA:354,40,0,0
BRDA:354,40,1,0
BRDA:358,41,0,0
BRDA:358,41,1,0
BRDA:363,42,0,0
BRDA:363,42,1,0
BRDA:363,43,0,0
BRDA:363,43,1,0
BRDA:366,44,0,0
BRDA:366,44,1,0
BRDA:369,45,0,0
BRDA:369,45,1,0
BRDA:378,46,0,0
BRDA:378,46,1,0
BRDA:378,47,0,0
BRDA:378,47,1,0
BRDA:382,48,0,0
BRDA:382,48,1,0
BRDA:383,49,0,0
BRDA:383,49,1,0
BRDA:394,50,0,0
BRDA:394,50,1,0
BRDA:400,51,0,0
BRDA:400,51,1,0
BRDA:404,52,0,0
BRDA:404,52,1,0
BRDA:416,53,0,0
BRDA:416,53,1,0
BRDA:430,54,0,0
BRDA:430,54,1,0
BRDA:434,55,0,0
BRDA:434,55,1,0
BRDA:435,56,0,0
BRDA:435,56,1,0
BRDA:445,57,0,0
BRDA:445,57,1,0
BRDA:480,58,0,0
BRDA:480,58,1,0
BRDA:480,59,0,0
BRDA:480,59,1,0
BRDA:491,60,0,0
BRDA:491,60,1,0
BRDA:505,61,0,0
BRDA:505,61,1,0
BRDA:515,62,0,0
BRDA:515,62,1,0
BRDA:518,63,0,0
BRDA:518,63,1,0
BRDA:522,64,0,0
BRDA:522,64,1,0
BRDA:525,65,0,0
BRDA:525,65,1,0
BRDA:537,66,0,0
BRDA:537,66,1,0
BRDA:537,67,0,0
BRDA:537,67,1,0
BRDA:539,68,0,0
BRDA:539,68,1,0
BRDA:557,69,0,0
BRDA:557,69,1,0
BRDA:576,70,0,0
BRDA:576,70,1,0
BRDA:576,71,0,0
BRDA:576,71,1,0
BRDA:595,72,0,0
BRDA:595,72,1,0
BRDA:596,73,0,0
BRDA:596,73,1,0
BRDA:597,74,0,0
BRDA:597,74,1,0
BRDA:597,75,0,0
BRDA:597,75,1,0
BRDA:601,76,0,0
BRDA:601,76,1,0
BRDA:603,77,0,0
BRDA:603,77,1,0
BRDA:633,78,0,0
BRDA:633,78,1,0
BRDA:636,79,0,0
BRDA:636,79,1,0
BRDA:636,80,0,0
BRDA:636,80,1,0
BRDA:641,81,0,0
BRDA:641,81,1,0
BRDA:648,82,0,0
BRDA:648,82,1,0
BRDA:650,83,0,0
BRDA:650,83,1,0
BRDA:659,84,0,0
BRDA:659,84,1,0
BRDA:661,85,0,0
BRDA:661,85,1,0
BRDA:661,86,0,0
BRDA:661,86,1,0
BRDA:661,86,2,0
BRDA:668,87,0,0
BRDA:668,87,1,0
BRDA:691,88,0,0
BRDA:691,88,1,0
BRDA:691,89,0,0
BRDA:691,89,1,0
BRDA:696,90,0,0
BRDA:696,90,1,0
BRDA:696,91,0,0
BRDA:696,91,1,0
BRDA:697,92,0,0
BRDA:697,92,1,0
BRDA:714,93,0,0
BRDA:714,93,1,0
BRDA:714,94,0,0
BRDA:714,94,1,0
BRDA:716,95,0,0
BRDA:716,95,1,0
BRDA:716,96,0,0
BRDA:716,96,1,0
BRDA:721,97,0,0
BRDA:721,97,1,0
BRDA:725,98,0,0
BRDA:725,98,1,0
BRDA:726,99,0,0
BRDA:726,99,1,0
BRDA:726,100,0,0
BRDA:726,100,1,0
BRDA:726,100,2,0
BRDA:746,101,0,0
BRDA:746,101,1,0
BRDA:754,102,0,0
BRDA:754,102,1,0
BRDA:756,103,0,0
BRDA:756,103,1,0
BRDA:760,104,0,0
BRDA:760,104,1,0
BRDA:771,105,0,0
BRDA:771,105,1,0
BRDA:779,106,0,0
BRDA:779,106,1,0
BRDA:790,107,0,0
BRDA:790,107,1,0
BRDA:790,108,0,0
BRDA:790,108,1,0
BRDA:791,109,0,0
BRDA:791,109,1,0
BRDA:793,110,0,0
BRDA:793,110,1,0
BRDA:815,111,0,0
BRDA:815,111,1,0
BRDA:816,112,0,0
BRDA:816,112,1,0
BRDA:822,113,0,0
BRDA:822,113,1,0
BRDA:822,113,2,0
BRDA:822,113,3,0
BRDA:822,113,4,0
BRDA:822,113,5,0
BRDA:939,114,0,0
BRDA:939,114,1,0
BRDA:939,115,0,0
BRDA:939,115,1,0
BRDA:939,116,0,0
BRDA:939,116,1,0
BRDA:940,117,0,0
BRDA:940,117,1,0
BRDA:940,118,0,0
BRDA:940,118,1,0
BRDA:940,119,0,0
BRDA:940,119,1,0
BRDA:940,119,2,0
BRDA:941,120,0,0
BRDA:941,120,1,0
BRDA:941,121,0,0
BRDA:941,121,1,0
BRDA:941,121,2,0
BRDA:943,122,0,0
BRDA:943,122,1,0
BRDA:952,123,0,0
BRDA:952,123,1,0
BRDA:954,124,0,0
BRDA:954,124,1,0
BRDA:954,125,0,0
BRDA:954,125,1,0
BRDA:961,126,0,0
BRDA:961,126,1,0
BRDA:966,127,0,0
BRDA:966,127,1,0
BRDA:986,128,0,0
BRDA:986,128,1,0
BRDA:992,129,0,0
BRDA:992,129,1,0
BRDA:996,130,0,0
BRDA:996,130,1,0
BRDA:998,131,0,0
BRDA:998,131,1,0
BRDA:998,131,2,0
BRDA:998,132,0,0
BRDA:998,132,1,0
BRDA:1000,133,0,0
BRDA:1000,133,1,0
BRDA:1008,134,0,0
BRDA:1008,134,1,0
BRDA:1020,135,0,0
BRDA:1020,135,1,0
BRDA:1037,136,0,0
BRDA:1037,136,1,0
BRDA:1041,137,0,0
BRDA:1041,137,1,0
BRDA:1048,138,0,0
BRDA:1048,138,1,0
BRDA:1052,139,0,0
BRDA:1052,139,1,0
BRDA:1055,140,0,0
BRDA:1055,140,1,0
BRDA:1065,141,0,0
BRDA:1065,141,1,0
BRDA:1087,142,0,0
BRDA:1087,142,1,0
BRDA:1105,143,0,0
BRDA:1105,143,1,0
BRDA:1117,144,0,0
BRDA:1117,144,1,0
BRDA:1135,145,0,0
BRDA:1135,145,1,0
BRDA:1139,146,0,0
BRDA:1139,146,1,0
BRDA:1146,147,0,0
BRDA:1146,147,1,0
BRDA:1157,148,0,0
BRDA:1157,148,1,0
BRDA:1179,149,0,0
BRDA:1179,149,1,0
BRDA:1182,150,0,0
BRDA:1182,150,1,0
BRDA:1190,151,0,0
BRDA:1190,151,1,0
BRDA:1197,152,0,0
BRDA:1197,152,1,0
BRDA:1200,153,0,0
BRDA:1200,153,1,0
BRDA:1212,154,0,0
BRDA:1212,154,1,0
BRF:325
BRH:0
end_of_record
TN:
SF:src\components\canvas\NodeStylePanel.tsx
FN:6,NodeStylePanel
FN:18,(anonymous_1)
FN:27,(anonymous_2)
FN:28,(anonymous_3)
FN:36,(anonymous_4)
FN:40,(anonymous_5)
FN:44,(anonymous_6)
FN:50,(anonymous_7)
FN:56,(anonymous_8)
FN:62,(anonymous_9)
FN:103,(anonymous_10)
FN:112,(anonymous_11)
FN:121,(anonymous_12)
FN:138,(anonymous_13)
FN:145,(anonymous_14)
FN:152,(anonymous_15)
FN:169,(anonymous_16)
FN:176,(anonymous_17)
FN:183,(anonymous_18)
FN:203,(anonymous_19)
FNF:20
FNH:0
FNDA:0,NodeStylePanel
FNDA:0,(anonymous_1)
FNDA:0,(anonymous_2)
FNDA:0,(anonymous_3)
FNDA:0,(anonymous_4)
FNDA:0,(anonymous_5)
FNDA:0,(anonymous_6)
FNDA:0,(anonymous_7)
FNDA:0,(anonymous_8)
FNDA:0,(anonymous_9)
FNDA:0,(anonymous_10)
FNDA:0,(anonymous_11)
FNDA:0,(anonymous_12)
FNDA:0,(anonymous_13)
FNDA:0,(anonymous_14)
FNDA:0,(anonymous_15)
FNDA:0,(anonymous_16)
FNDA:0,(anonymous_17)
FNDA:0,(anonymous_18)
FNDA:0,(anonymous_19)
DA:7,0
DA:8,0
DA:10,0
DA:11,0
DA:13,0
DA:14,0
DA:16,0
DA:18,0
DA:19,0
DA:20,0
DA:21,0
DA:25,0
DA:27,0
DA:28,0
DA:29,0
DA:30,0
DA:31,0
DA:36,0
DA:37,0
DA:40,0
DA:41,0
DA:44,0
DA:45,0
DA:46,0
DA:47,0
DA:50,0
DA:51,0
DA:52,0
DA:53,0
DA:56,0
DA:57,0
DA:58,0
DA:62,0
DA:63,0
DA:64,0
DA:68,0
DA:104,0
DA:112,0
DA:121,0
DA:138,0
DA:145,0
DA:152,0
DA:169,0
DA:176,0
DA:183,0
DA:203,0
LF:46
LH:0
BRDA:16,0,0,0
BRDA:16,0,1,0
BRDA:19,1,0,0
BRDA:19,1,1,0
BRDA:25,2,0,0
BRDA:25,2,1,0
BRDA:25,3,0,0
BRDA:25,3,1,0
BRDA:25,3,2,0
BRDA:30,4,0,0
BRDA:30,4,1,0
BRDA:45,5,0,0
BRDA:45,5,1,0
BRDA:51,6,0,0
BRDA:51,6,1,0
BRDA:57,7,0,0
BRDA:57,7,1,0
BRDA:63,8,0,0
BRDA:63,8,1,0
BRDA:73,9,0,0
BRDA:73,9,1,0
BRDA:107,10,0,0
BRDA:107,10,1,0
BRDA:137,11,0,0
BRDA:137,11,1,0
BRDA:137,12,0,0
BRDA:137,12,1,0
BRDA:144,13,0,0
BRDA:144,13,1,0
BRDA:144,14,0,0
BRDA:144,14,1,0
BRDA:151,15,0,0
BRDA:151,15,1,0
BRDA:151,16,0,0
BRDA:151,16,1,0
BRDA:161,17,0,0
BRDA:161,17,1,0
BRDA:168,18,0,0
BRDA:168,18,1,0
BRDA:168,19,0,0
BRDA:168,19,1,0
BRDA:175,20,0,0
BRDA:175,20,1,0
BRDA:175,21,0,0
BRDA:175,21,1,0
BRDA:182,22,0,0
BRDA:182,22,1,0
BRDA:182,23,0,0
BRDA:182,23,1,0
BRF:49
BRH:0
end_of_record
TN:
SF:src\components\canvas\RichTextToolbar.tsx
FN:18,RichTextToolbar
FN:24,(anonymous_1)
FN:29,(anonymous_2)
FN:35,(anonymous_3)
FN:36,(anonymous_4)
FN:43,(anonymous_5)
FN:59,(anonymous_6)
FN:63,(anonymous_7)
FN:69,(anonymous_8)
FN:78,(anonymous_9)
FN:87,(anonymous_10)
FN:96,(anonymous_11)
FN:108,(anonymous_12)
FN:122,(anonymous_13)
FN:123,(anonymous_14)
FN:126,(anonymous_15)
FN:130,(anonymous_16)
FN:145,(anonymous_17)
FNF:18
FNH:0
FNDA:0,RichTextToolbar
FNDA:0,(anonymous_1)
FNDA:0,(anonymous_2)
FNDA:0,(anonymous_3)
FNDA:0,(anonymous_4)
FNDA:0,(anonymous_5)
FNDA:0,(anonymous_6)
FNDA:0,(anonymous_7)
FNDA:0,(anonymous_8)
FNDA:0,(anonymous_9)
FNDA:0,(anonymous_10)
FNDA:0,(anonymous_11)
FNDA:0,(anonymous_12)
FNDA:0,(anonymous_13)
FNDA:0,(anonymous_14)
FNDA:0,(anonymous_15)
FNDA:0,(anonymous_16)
FNDA:0,(anonymous_17)
DA:13,0
DA:19,0
DA:20,0
DA:24,0
DA:25,0
DA:26,0
DA:29,0
DA:30,0
DA:31,0
DA:32,0
DA:35,0
DA:36,0
DA:37,0
DA:38,0
DA:42,0
DA:43,0
DA:46,0
DA:48,0
DA:60,0
DA:61,0
DA:63,0
DA:69,0
DA:78,0
DA:87,0
DA:96,0
DA:109,0
DA:110,0
DA:122,0
DA:123,0
DA:127,0
DA:130,0
DA:146,0
DA:147,0
LF:33
LH:0
BRDA:37,0,0,0
BRDA:37,0,1,0
BRDA:37,1,0,0
BRDA:37,1,1,0
BRDA:46,2,0,0
BRDA:46,2,1,0
BRDA:118,3,0,0
BRDA:118,3,1,0
BRF:8
BRH:0
end_of_record
TN:
SF:src\components\canvas\ZoomControls.tsx
FN:6,ZoomControls
FN:10,(anonymous_1)
FN:14,(anonymous_2)
FN:18,(anonymous_3)
FNF:4
FNH:0
FNDA:0,ZoomControls
FNDA:0,(anonymous_1)
FNDA:0,(anonymous_2)
FNDA:0,(anonymous_3)
DA:7,0
DA:8,0
DA:10,0
DA:11,0
DA:14,0
DA:15,0
DA:18,0
DA:19,0
DA:20,0
DA:23,0
LF:10
LH:0
BRDA:25,0,0,0
BRDA:25,0,1,0
BRF:2
BRH:0
end_of_record
TN:
SF:src\components\layout\Header.tsx
FN:8,Header
FN:14,(anonymous_1)
FN:28,(anonymous_2)
FN:81,(anonymous_3)
FN:82,(anonymous_4)
FN:104,(anonymous_5)
FNF:6
FNH:0
FNDA:0,Header
FNDA:0,(anonymous_1)
FNDA:0,(anonymous_2)
FNDA:0,(anonymous_3)
FNDA:0,(anonymous_4)
FNDA:0,(anonymous_5)
DA:9,0
DA:10,0
DA:11,0
DA:12,0
DA:14,0
DA:15,0
DA:16,0
DA:17,0
DA:19,0
DA:23,0
DA:28,0
DA:81,0
DA:82,0
DA:104,0
LF:14
LH:0
BRDA:19,0,0,0
BRDA:19,0,1,0
BRDA:34,1,0,0
BRDA:34,1,1,0
BRDA:38,2,0,0
BRDA:38,2,1,0
BRDA:90,3,0,0
BRDA:90,3,1,0
BRDA:93,4,0,0
BRDA:93,4,1,0
BRDA:98,5,0,0
BRDA:98,5,1,0
BRDA:98,5,2,0
BRDA:104,6,0,0
BRDA:104,6,1,0
BRDA:104,6,2,0
BRF:16
BRH:0
end_of_record
TN:
SF:src\components\layout\MainLayout.tsx
FN:13,MainLayout
FNF:1
FNH:0
FNDA:0,MainLayout
DA:14,0
DA:15,0
DA:17,0
DA:18,0
DA:21,0
LF:5
LH:0
BRDA:17,0,0,0
BRDA:17,0,1,0
BRDA:30,1,0,0
BRDA:30,1,1,0
BRDA:30,2,0,0
BRDA:30,2,1,0
BRF:6
BRH:0
end_of_record
TN:
SF:src\components\layout\Sidebar.tsx
FN:14,Sidebar
FN:44,(anonymous_1)
FN:46,(anonymous_2)
FN:62,(anonymous_3)
FN:89,(anonymous_4)
FN:90,(anonymous_5)
FN:102,(anonymous_6)
FN:107,(anonymous_7)
FN:114,(anonymous_8)
FN:124,(anonymous_9)
FN:134,(anonymous_10)
FN:142,(anonymous_11)
FN:148,(anonymous_12)
FN:152,(anonymous_13)
FN:167,(anonymous_14)
FN:170,(anonymous_15)
FN:187,(anonymous_16)
FN:201,(anonymous_17)
FN:220,(anonymous_18)
FN:225,(anonymous_19)
FN:232,(anonymous_20)
FN:237,(anonymous_21)
FN:238,(anonymous_22)
FN:248,(anonymous_23)
FN:253,(anonymous_24)
FN:258,(anonymous_25)
FN:263,(anonymous_26)
FN:270,(anonymous_27)
FN:290,(anonymous_28)
FN:296,(anonymous_29)
FN:350,(anonymous_30)
FN:358,(anonymous_31)
FN:374,(anonymous_32)
FN:375,(anonymous_33)
FN:382,(anonymous_34)
FN:407,(anonymous_35)
FN:427,(anonymous_36)
FN:440,(anonymous_37)
FN:450,(anonymous_38)
FN:518,(anonymous_39)
FN:542,(anonymous_40)
FN:543,(anonymous_41)
FN:560,(anonymous_42)
FN:582,(anonymous_43)
FN:591,(anonymous_44)
FN:592,(anonymous_45)
FN:593,(anonymous_46)
FN:614,(anonymous_47)
FN:615,(anonymous_48)
FN:639,FolderItem
FN:675,(anonymous_50)
FN:676,(anonymous_51)
FN:686,(anonymous_52)
FN:692,(anonymous_53)
FN:699,(anonymous_54)
FN:705,(anonymous_55)
FN:711,(anonymous_56)
FN:731,(anonymous_57)
FN:736,(anonymous_58)
FN:741,(anonymous_59)
FN:743,(anonymous_60)
FN:751,(anonymous_61)
FN:752,(anonymous_62)
FN:753,(anonymous_63)
FN:806,(anonymous_64)
FN:814,(anonymous_65)
FN:826,(anonymous_66)
FN:852,(anonymous_67)
FN:857,(anonymous_68)
FN:859,(anonymous_69)
FN:868,(anonymous_70)
FN:876,(anonymous_71)
FN:905,(anonymous_72)
FN:907,(anonymous_73)
FN:909,(anonymous_74)
FN:944,(anonymous_75)
FN:954,(anonymous_76)
FN:972,CanvasItem
FN:997,(anonymous_78)
FN:998,(anonymous_79)
FN:1009,(anonymous_80)
FN:1015,(anonymous_81)
FN:1022,(anonymous_82)
FN:1028,(anonymous_83)
FN:1048,(anonymous_84)
FN:1053,(anonymous_85)
FN:1072,(anonymous_86)
FN:1080,(anonymous_87)
FN:1083,(anonymous_88)
FN:1092,(anonymous_89)
FN:1109,(anonymous_90)
FN:1136,(anonymous_91)
FN:1158,(anonymous_92)
FN:1166,(anonymous_93)
FN:1185,(anonymous_94)
FN:1207,(anonymous_95)
FN:1210,(anonymous_96)
FN:1226,(anonymous_97)
FN:1235,(anonymous_98)
FN:1238,(anonymous_99)
FN:1252,(anonymous_100)
FN:1262,(anonymous_101)
FNF:102
FNH:0
FNDA:0,Sidebar
FNDA:0,(anonymous_1)
FNDA:0,(anonymous_2)
FNDA:0,(anonymous_3)
FNDA:0,(anonymous_4)
FNDA:0,(anonymous_5)
FNDA:0,(anonymous_6)
FNDA:0,(anonymous_7)
FNDA:0,(anonymous_8)
FNDA:0,(anonymous_9)
FNDA:0,(anonymous_10)
FNDA:0,(anonymous_11)
FNDA:0,(anonymous_12)
FNDA:0,(anonymous_13)
FNDA:0,(anonymous_14)
FNDA:0,(anonymous_15)
FNDA:0,(anonymous_16)
FNDA:0,(anonymous_17)
FNDA:0,(anonymous_18)
FNDA:0,(anonymous_19)
FNDA:0,(anonymous_20)
FNDA:0,(anonymous_21)
FNDA:0,(anonymous_22)
FNDA:0,(anonymous_23)
FNDA:0,(anonymous_24)
FNDA:0,(anonymous_25)
FNDA:0,(anonymous_26)
FNDA:0,(anonymous_27)
FNDA:0,(anonymous_28)
FNDA:0,(anonymous_29)
FNDA:0,(anonymous_30)
FNDA:0,(anonymous_31)
FNDA:0,(anonymous_32)
FNDA:0,(anonymous_33)
FNDA:0,(anonymous_34)
FNDA:0,(anonymous_35)
FNDA:0,(anonymous_36)
FNDA:0,(anonymous_37)
FNDA:0,(anonymous_38)
FNDA:0,(anonymous_39)
FNDA:0,(anonymous_40)
FNDA:0,(anonymous_41)
FNDA:0,(anonymous_42)
FNDA:0,(anonymous_43)
FNDA:0,(anonymous_44)
FNDA:0,(anonymous_45)
FNDA:0,(anonymous_46)
FNDA:0,(anonymous_47)
FNDA:0,(anonymous_48)
FNDA:0,FolderItem
FNDA:0,(anonymous_50)
FNDA:0,(anonymous_51)
FNDA:0,(anonymous_52)
FNDA:0,(anonymous_53)
FNDA:0,(anonymous_54)
FNDA:0,(anonymous_55)
FNDA:0,(anonymous_56)
FNDA:0,(anonymous_57)
FNDA:0,(anonymous_58)
FNDA:0,(anonymous_59)
FNDA:0,(anonymous_60)
FNDA:0,(anonymous_61)
FNDA:0,(anonymous_62)
FNDA:0,(anonymous_63)
FNDA:0,(anonymous_64)
FNDA:0,(anonymous_65)
FNDA:0,(anonymous_66)
FNDA:0,(anonymous_67)
FNDA:0,(anonymous_68)
FNDA:0,(anonymous_69)
FNDA:0,(anonymous_70)
FNDA:0,(anonymous_71)
FNDA:0,(anonymous_72)
FNDA:0,(anonymous_73)
FNDA:0,(anonymous_74)
FNDA:0,(anonymous_75)
FNDA:0,(anonymous_76)
FNDA:0,CanvasItem
FNDA:0,(anonymous_78)
FNDA:0,(anonymous_79)
FNDA:0,(anonymous_80)
FNDA:0,(anonymous_81)
FNDA:0,(anonymous_82)
FNDA:0,(anonymous_83)
FNDA:0,(anonymous_84)
FNDA:0,(anonymous_85)
FNDA:0,(anonymous_86)
FNDA:0,(anonymous_87)
FNDA:0,(anonymous_88)
FNDA:0,(anonymous_89)
FNDA:0,(anonymous_90)
FNDA:0,(anonymous_91)
FNDA:0,(anonymous_92)
FNDA:0,(anonymous_93)
FNDA:0,(anonymous_94)
FNDA:0,(anonymous_95)
FNDA:0,(anonymous_96)
FNDA:0,(anonymous_97)
FNDA:0,(anonymous_98)
FNDA:0,(anonymous_99)
FNDA:0,(anonymous_100)
FNDA:0,(anonymous_101)
DA:15,0
DA:16,0
DA:17,0
DA:18,0
DA:19,0
DA:20,0
DA:23,0
DA:26,0
DA:29,0
DA:30,0
DA:31,0
DA:34,0
DA:35,0
DA:36,0
DA:37,0
DA:38,0
DA:41,0
DA:42,0
DA:44,0
DA:46,0
DA:47,0
DA:48,0
DA:49,0
DA:52,0
DA:53,0
DA:58,0
DA:62,0
DA:63,0
DA:64,0
DA:65,0
DA:66,0
DA:69,0
DA:70,0
DA:71,0
DA:74,0
DA:75,0
DA:81,0
DA:82,0
DA:84,0
DA:89,0
DA:90,0
DA:91,0
DA:92,0
DA:93,0
DA:95,0
DA:97,0
DA:102,0
DA:103,0
DA:107,0
DA:108,0
DA:109,0
DA:110,0
DA:114,0
DA:115,0
DA:116,0
DA:117,0
DA:118,0
DA:119,0
DA:124,0
DA:125,0
DA:126,0
DA:128,0
DA:129,0
DA:134,0
DA:135,0
DA:136,0
DA:137,0
DA:142,0
DA:143,0
DA:144,0
DA:148,0
DA:149,0
DA:150,0
DA:151,0
DA:152,0
DA:153,0
DA:155,0
DA:156,0
DA:157,0
DA:160,0
DA:162,0
DA:163,0
DA:167,0
DA:168,0
DA:169,0
DA:170,0
DA:171,0
DA:173,0
DA:174,0
DA:175,0
DA:176,0
DA:179,0
DA:181,0
DA:182,0
DA:183,0
DA:187,0
DA:188,0
DA:191,0
DA:192,0
DA:195,0
DA:196,0
DA:197,0
DA:199,0
DA:200,0
DA:201,0
DA:202,0
DA:204,0
DA:205,0
DA:206,0
DA:207,0
DA:210,0
DA:214,0
DA:215,0
DA:216,0
DA:220,0
DA:221,0
DA:225,0
DA:226,0
DA:227,0
DA:228,0
DA:232,0
DA:233,0
DA:237,0
DA:238,0
DA:239,0
DA:240,0
DA:244,0
DA:245,0
DA:248,0
DA:249,0
DA:253,0
DA:254,0
DA:255,0
DA:258,0
DA:259,0
DA:260,0
DA:263,0
DA:264,0
DA:265,0
DA:266,0
DA:267,0
DA:270,0
DA:271,0
DA:272,0
DA:273,0
DA:276,0
DA:278,0
DA:279,0
DA:283,0
DA:284,0
DA:286,0
DA:290,0
DA:291,0
DA:292,0
DA:293,0
DA:296,0
DA:297,0
DA:298,0
DA:301,0
DA:302,0
DA:303,0
DA:304,0
DA:306,0
DA:310,0
DA:350,0
DA:359,0
DA:374,0
DA:375,0
DA:382,0
DA:407,0
DA:428,0
DA:429,0
DA:441,0
DA:442,0
DA:451,0
DA:452,0
DA:518,0
DA:542,0
DA:544,0
DA:545,0
DA:546,0
DA:547,0
DA:548,0
DA:561,0
DA:562,0
DA:583,0
DA:584,0
DA:591,0
DA:592,0
DA:594,0
DA:614,0
DA:616,0
DA:666,0
DA:667,0
DA:668,0
DA:669,0
DA:670,0
DA:671,0
DA:672,0
DA:675,0
DA:676,0
DA:677,0
DA:678,0
DA:682,0
DA:683,0
DA:686,0
DA:687,0
DA:692,0
DA:693,0
DA:694,0
DA:695,0
DA:699,0
DA:700,0
DA:701,0
DA:705,0
DA:706,0
DA:707,0
DA:708,0
DA:711,0
DA:712,0
DA:713,0
DA:714,0
DA:717,0
DA:718,0
DA:719,0
DA:722,0
DA:723,0
DA:724,0
DA:726,0
DA:728,0
DA:731,0
DA:732,0
DA:733,0
DA:736,0
DA:738,0
DA:741,0
DA:742,0
DA:743,0
DA:744,0
DA:745,0
DA:747,0
DA:751,0
DA:752,0
DA:753,0
DA:754,0
DA:755,0
DA:757,0
DA:760,0
DA:761,0
DA:764,0
DA:765,0
DA:766,0
DA:767,0
DA:773,0
DA:775,0
DA:779,0
DA:780,0
DA:781,0
DA:783,0
DA:784,0
DA:786,0
DA:788,0
DA:789,0
DA:792,0
DA:793,0
DA:794,0
DA:802,0
DA:806,0
DA:807,0
DA:808,0
DA:809,0
DA:810,0
DA:814,0
DA:816,0
DA:826,0
DA:853,0
DA:854,0
DA:855,0
DA:857,0
DA:859,0
DA:868,0
DA:876,0
DA:905,0
DA:907,0
DA:910,0
DA:945,0
DA:946,0
DA:955,0
DA:956,0
DA:985,0
DA:986,0
DA:987,0
DA:988,0
DA:989,0
DA:990,0
DA:991,0
DA:992,0
DA:993,0
DA:994,0
DA:997,0
DA:998,0
DA:999,0
DA:1000,0
DA:1001,0
DA:1005,0
DA:1006,0
DA:1009,0
DA:1010,0
DA:1015,0
DA:1016,0
DA:1017,0
DA:1018,0
DA:1022,0
DA:1023,0
DA:1024,0
DA:1025,0
DA:1028,0
DA:1029,0
DA:1030,0
DA:1031,0
DA:1034,0
DA:1035,0
DA:1036,0
DA:1039,0
DA:1040,0
DA:1041,0
DA:1043,0
DA:1045,0
DA:1048,0
DA:1049,0
DA:1050,0
DA:1053,0
DA:1054,0
DA:1055,0
DA:1058,0
DA:1059,0
DA:1060,0
DA:1061,0
DA:1064,0
DA:1065,0
DA:1068,0
DA:1072,0
DA:1073,0
DA:1074,0
DA:1075,0
DA:1076,0
DA:1077,0
DA:1080,0
DA:1081,0
DA:1082,0
DA:1083,0
DA:1084,0
DA:1085,0
DA:1086,0
DA:1088,0
DA:1092,0
DA:1093,0
DA:1094,0
DA:1095,0
DA:1096,0
DA:1100,0
DA:1109,0
DA:1136,0
DA:1158,0
DA:1166,0
DA:1185,0
DA:1207,0
DA:1211,0
DA:1212,0
DA:1227,0
DA:1228,0
DA:1236,0
DA:1239,0
DA:1240,0
DA:1253,0
DA:1254,0
DA:1263,0
DA:1264,0
LF:378
LH:0
BRDA:18,0,0,0
BRDA:18,0,1,0
BRDA:47,1,0,0
BRDA:47,1,1,0
BRDA:58,2,0,0
BRDA:58,2,1,0
BRDA:64,3,0,0
BRDA:64,3,1,0
BRDA:69,4,0,0
BRDA:69,4,1,0
BRDA:84,5,0,0
BRDA:84,5,1,0
BRDA:92,6,0,0
BRDA:92,6,1,0
BRDA:117,7,0,0
BRDA:117,7,1,0
BRDA:128,8,0,0
BRDA:128,8,1,0
BRDA:136,9,0,0
BRDA:136,9,1,0
BRDA:136,10,0,0
BRDA:136,10,1,0
BRDA:151,11,0,0
BRDA:151,11,1,0
BRDA:153,12,0,0
BRDA:153,12,1,0
BRDA:153,13,0,0
BRDA:153,13,1,0
BRDA:169,14,0,0
BRDA:169,14,1,0
BRDA:171,15,0,0
BRDA:171,15,1,0
BRDA:171,16,0,0
BRDA:171,16,1,0
BRDA:188,17,0,0
BRDA:188,17,1,0
BRDA:197,18,0,0
BRDA:197,18,1,0
BRDA:197,19,0,0
BRDA:197,19,1,0
BRDA:200,20,0,0
BRDA:200,20,1,0
BRDA:202,21,0,0
BRDA:202,21,1,0
BRDA:202,22,0,0
BRDA:202,22,1,0
BRDA:239,23,0,0
BRDA:239,23,1,0
BRDA:239,24,0,0
BRDA:239,24,1,0
BRDA:244,25,0,0
BRDA:244,25,1,0
BRDA:265,26,0,0
BRDA:265,26,1,0
BRDA:271,27,0,0
BRDA:271,27,1,0
BRDA:276,28,0,0
BRDA:276,28,1,0
BRDA:281,29,0,0
BRDA:281,29,1,0
BRDA:286,30,0,0
BRDA:286,30,1,0
BRDA:297,31,0,0
BRDA:297,31,1,0
BRDA:306,32,0,0
BRDA:306,32,1,0
BRDA:313,33,0,0
BRDA:313,33,1,0
BRDA:317,34,0,0
BRDA:317,34,1,0
BRDA:325,35,0,0
BRDA:325,35,1,0
BRDA:328,36,0,0
BRDA:328,36,1,0
BRDA:328,37,0,0
BRDA:328,37,1,0
BRDA:345,38,0,0
BRDA:345,38,1,0
BRDA:363,39,0,0
BRDA:363,39,1,0
BRDA:368,40,0,0
BRDA:368,40,1,0
BRDA:375,41,0,0
BRDA:375,41,1,0
BRDA:415,42,0,0
BRDA:415,42,1,0
BRDA:429,43,0,0
BRDA:429,43,1,0
BRDA:437,44,0,0
BRDA:437,44,1,0
BRDA:495,45,0,0
BRDA:495,45,1,0
BRDA:535,46,0,0
BRDA:535,46,1,0
BRDA:544,47,0,0
BRDA:544,47,1,0
BRDA:546,48,0,0
BRDA:546,48,1,0
BRDA:575,49,0,0
BRDA:575,49,1,0
BRDA:575,49,2,0
BRDA:577,50,0,0
BRDA:577,50,1,0
BRDA:577,51,0,0
BRDA:577,51,1,0
BRDA:612,52,0,0
BRDA:612,52,1,0
BRDA:677,53,0,0
BRDA:677,53,1,0
BRDA:677,54,0,0
BRDA:677,54,1,0
BRDA:682,55,0,0
BRDA:682,55,1,0
BRDA:693,56,0,0
BRDA:693,56,1,0
BRDA:693,57,0,0
BRDA:693,57,1,0
BRDA:700,58,0,0
BRDA:700,58,1,0
BRDA:712,59,0,0
BRDA:712,59,1,0
BRDA:717,60,0,0
BRDA:717,60,1,0
BRDA:726,61,0,0
BRDA:726,61,1,0
BRDA:764,62,0,0
BRDA:764,62,1,0
BRDA:764,63,0,0
BRDA:764,63,1,0
BRDA:773,64,0,0
BRDA:773,64,1,0
BRDA:780,65,0,0
BRDA:780,65,1,0
BRDA:783,66,0,0
BRDA:783,66,1,0
BRDA:788,67,0,0
BRDA:788,67,1,0
BRDA:797,68,0,0
BRDA:797,68,1,0
BRDA:802,69,0,0
BRDA:802,69,1,0
BRDA:807,70,0,0
BRDA:807,70,1,0
BRDA:809,71,0,0
BRDA:809,71,1,0
BRDA:818,72,0,0
BRDA:818,72,1,0
BRDA:862,73,0,0
BRDA:862,73,1,0
BRDA:867,74,0,0
BRDA:867,74,1,0
BRDA:869,75,0,0
BRDA:869,75,1,0
BRDA:877,76,0,0
BRDA:877,76,1,0
BRDA:878,77,0,0
BRDA:878,77,1,0
BRDA:880,78,0,0
BRDA:880,78,1,0
BRDA:885,79,0,0
BRDA:885,79,1,0
BRDA:889,80,0,0
BRDA:889,80,1,0
BRDA:897,81,0,0
BRDA:897,81,1,0
BRDA:901,82,0,0
BRDA:901,82,1,0
BRDA:919,83,0,0
BRDA:919,83,1,0
BRDA:922,84,0,0
BRDA:922,84,1,0
BRDA:933,85,0,0
BRDA:933,85,1,0
BRDA:999,86,0,0
BRDA:999,86,1,0
BRDA:999,87,0,0
BRDA:999,87,1,0
BRDA:1005,88,0,0
BRDA:1005,88,1,0
BRDA:1016,89,0,0
BRDA:1016,89,1,0
BRDA:1016,90,0,0
BRDA:1016,90,1,0
BRDA:1029,91,0,0
BRDA:1029,91,1,0
BRDA:1034,92,0,0
BRDA:1034,92,1,0
BRDA:1043,93,0,0
BRDA:1043,93,1,0
BRDA:1054,94,0,0
BRDA:1054,94,1,0
BRDA:1064,95,0,0
BRDA:1064,95,1,0
BRDA:1068,96,0,0
BRDA:1068,96,1,0
BRDA:1083,97,0,0
BRDA:1083,97,1,0
BRDA:1088,98,0,0
BRDA:1088,98,1,0
BRDA:1093,99,0,0
BRDA:1093,99,1,0
BRDA:1095,100,0,0
BRDA:1095,100,1,0
BRDA:1102,101,0,0
BRDA:1102,101,1,0
BRDA:1141,102,0,0
BRDA:1141,102,1,0
BRDA:1144,103,0,0
BRDA:1144,103,1,0
BRDA:1145,104,0,0
BRDA:1145,104,1,0
BRDA:1148,105,0,0
BRDA:1148,105,1,0
BRDA:1161,106,0,0
BRDA:1161,106,1,0
BRDA:1190,107,0,0
BRDA:1190,107,1,0
BRDA:1198,108,0,0
BRDA:1198,108,1,0
BRDA:1223,109,0,0
BRDA:1223,109,1,0
BRF:221
BRH:0
end_of_record
TN:
SF:src\components\ui\AccountSettingsDialog.tsx
FN:21,AccountSettingsDialog
FN:45,(anonymous_1)
FN:53,(anonymous_2)
FN:86,(anonymous_3)
FN:132,(anonymous_4)
FN:169,(anonymous_5)
FN:176,(anonymous_6)
FN:180,(anonymous_7)
FN:192,(anonymous_8)
FN:203,(anonymous_9)
FN:208,(anonymous_10)
FN:274,(anonymous_11)
FN:325,(anonymous_12)
FN:338,(anonymous_13)
FN:351,(anonymous_14)
FN:398,(anonymous_15)
FN:411,(anonymous_16)
FNF:17
FNH:0
FNDA:0,AccountSettingsDialog
FNDA:0,(anonymous_1)
FNDA:0,(anonymous_2)
FNDA:0,(anonymous_3)
FNDA:0,(anonymous_4)
FNDA:0,(anonymous_5)
FNDA:0,(anonymous_6)
FNDA:0,(anonymous_7)
FNDA:0,(anonymous_8)
FNDA:0,(anonymous_9)
FNDA:0,(anonymous_10)
FNDA:0,(anonymous_11)
FNDA:0,(anonymous_12)
FNDA:0,(anonymous_13)
FNDA:0,(anonymous_14)
FNDA:0,(anonymous_15)
FNDA:0,(anonymous_16)
DA:15,0
DA:22,0
DA:23,0
DA:24,0
DA:26,0
DA:27,0
DA:30,0
DA:31,0
DA:32,0
DA:35,0
DA:36,0
DA:37,0
DA:40,0
DA:41,0
DA:43,0
DA:45,0
DA:46,0
DA:47,0
DA:48,0
DA:49,0
DA:53,0
DA:54,0
DA:55,0
DA:56,0
DA:58,0
DA:59,0
DA:60,0
DA:63,0
DA:68,0
DA:73,0
DA:74,0
DA:76,0
DA:82,0
DA:86,0
DA:87,0
DA:88,0
DA:93,0
DA:96,0
DA:97,0
DA:102,0
DA:105,0
DA:106,0
DA:107,0
DA:112,0
DA:118,0
DA:119,0
DA:120,0
DA:122,0
DA:128,0
DA:132,0
DA:133,0
DA:134,0
DA:139,0
DA:142,0
DA:143,0
DA:144,0
DA:149,0
DA:155,0
DA:156,0
DA:157,0
DA:159,0
DA:165,0
DA:169,0
DA:170,0
DA:172,0
DA:176,0
DA:180,0
DA:192,0
DA:204,0
DA:205,0
DA:208,0
DA:274,0
DA:325,0
DA:338,0
DA:351,0
DA:398,0
DA:411,0
LF:77
LH:0
BRDA:30,0,0,0
BRDA:30,0,1,0
BRDA:43,1,0,0
BRDA:43,1,1,0
BRDA:47,2,0,0
BRDA:47,2,1,0
BRDA:56,3,0,0
BRDA:56,3,1,0
BRDA:58,4,0,0
BRDA:58,4,1,0
BRDA:64,5,0,0
BRDA:64,5,1,0
BRDA:79,6,0,0
BRDA:79,6,1,0
BRDA:87,7,0,0
BRDA:87,7,1,0
BRDA:96,8,0,0
BRDA:96,8,1,0
BRDA:125,9,0,0
BRDA:125,9,1,0
BRDA:133,10,0,0
BRDA:133,10,1,0
BRDA:162,11,0,0
BRDA:162,11,1,0
BRDA:170,12,0,0
BRDA:170,12,1,0
BRDA:211,13,0,0
BRDA:211,13,1,0
BRDA:227,14,0,0
BRDA:227,14,1,0
BRDA:236,15,0,0
BRDA:236,15,1,0
BRDA:236,16,0,0
BRDA:236,16,1,0
BRDA:238,17,0,0
BRDA:238,17,1,0
BRDA:238,17,2,0
BRDA:244,18,0,0
BRDA:244,18,1,0
BRDA:244,18,2,0
BRDA:287,19,0,0
BRDA:287,19,1,0
BRDA:303,20,0,0
BRDA:303,20,1,0
BRDA:310,21,0,0
BRDA:310,21,1,0
BRDA:360,22,0,0
BRDA:360,22,1,0
BRDA:360,22,2,0
BRDA:360,22,3,0
BRDA:363,23,0,0
BRDA:363,23,1,0
BRDA:372,24,0,0
BRDA:372,24,1,0
BRDA:419,25,0,0
BRDA:419,25,1,0
BRDA:419,25,2,0
BRDA:422,26,0,0
BRDA:422,26,1,0
BRF:59
BRH:0
end_of_record
TN:
SF:src\components\ui\CommandPalette.tsx
FN:6,CommandPalette
FN:12,(anonymous_1)
FN:13,(anonymous_2)
FN:14,(anonymous_3)
FN:15,(anonymous_4)
FN:16,(anonymous_5)
FN:17,(anonymous_6)
FN:18,(anonymous_7)
FN:19,(anonymous_8)
FN:22,(anonymous_9)
FN:26,(anonymous_10)
FN:37,(anonymous_11)
FN:40,(anonymous_12)
FN:49,(anonymous_13)
FN:51,(anonymous_14)
FN:60,(anonymous_15)
FN:64,(anonymous_16)
FN:71,(anonymous_17)
FN:82,(anonymous_18)
FN:85,(anonymous_19)
FNF:20
FNH:0
FNDA:0,CommandPalette
FNDA:0,(anonymous_1)
FNDA:0,(anonymous_2)
FNDA:0,(anonymous_3)
FNDA:0,(anonymous_4)
FNDA:0,(anonymous_5)
FNDA:0,(anonymous_6)
FNDA:0,(anonymous_7)
FNDA:0,(anonymous_8)
FNDA:0,(anonymous_9)
FNDA:0,(anonymous_10)
FNDA:0,(anonymous_11)
FNDA:0,(anonymous_12)
FNDA:0,(anonymous_13)
FNDA:0,(anonymous_14)
FNDA:0,(anonymous_15)
FNDA:0,(anonymous_16)
FNDA:0,(anonymous_17)
FNDA:0,(anonymous_18)
FNDA:0,(anonymous_19)
DA:7,0
DA:8,0
DA:9,0
DA:11,0
DA:22,0
DA:23,0
DA:26,0
DA:27,0
DA:28,0
DA:29,0
DA:32,0
DA:33,0
DA:34,0
DA:35,0
DA:36,0
DA:37,0
DA:38,0
DA:39,0
DA:40,0
DA:41,0
DA:42,0
DA:43,0
DA:44,0
DA:49,0
DA:50,0
DA:51,0
DA:54,0
DA:56,0
DA:60,0
DA:64,0
DA:72,0
DA:73,0
DA:83,0
DA:86,0
DA:87,0
LF:35
LH:0
BRDA:27,0,0,0
BRDA:27,0,1,0
BRDA:27,1,0,0
BRDA:27,1,1,0
BRDA:27,1,2,0
BRDA:32,2,0,0
BRDA:32,2,1,0
BRDA:33,3,0,0
BRDA:33,3,1,0
BRDA:35,4,0,0
BRDA:35,4,1,0
BRDA:38,5,0,0
BRDA:38,5,1,0
BRDA:41,6,0,0
BRDA:41,6,1,0
BRDA:54,7,0,0
BRDA:54,7,1,0
BRDA:91,8,0,0
BRDA:91,8,1,0
BRDA:104,9,0,0
BRDA:104,9,1,0
BRF:21
BRH:0
end_of_record
TN:
SF:src\components\ui\Dialog.tsx
FN:20,Dialog
FN:33,(anonymous_1)
FN:36,(anonymous_2)
FN:43,(anonymous_3)
FN:53,(anonymous_4)
FN:65,(anonymous_5)
FN:110,DialogAction
FNF:7
FNH:0
FNDA:0,Dialog
FNDA:0,(anonymous_1)
FNDA:0,(anonymous_2)
FNDA:0,(anonymous_3)
FNDA:0,(anonymous_4)
FNDA:0,(anonymous_5)
FNDA:0,DialogAction
DA:33,0
DA:34,0
DA:36,0
DA:37,0
DA:38,0
DA:42,0
DA:43,0
DA:44,0
DA:48,0
DA:50,0
DA:54,0
DA:55,0
DA:65,0
DA:117,0
DA:123,0
LF:15
LH:0
BRDA:26,0,0,0
BRDA:27,1,0,0
BRDA:28,2,0,0
BRDA:29,3,0,0
BRDA:30,4,0,0
BRDA:31,5,0,0
BRDA:34,6,0,0
BRDA:34,6,1,0
BRDA:37,7,0,0
BRDA:37,7,1,0
BRDA:37,8,0,0
BRDA:37,8,1,0
BRDA:48,9,0,0
BRDA:48,9,1,0
BRDA:54,10,0,0
BRDA:54,10,1,0
BRDA:68,11,0,0
BRDA:68,11,1,0
BRDA:74,12,0,0
BRDA:74,12,1,0
BRDA:92,13,0,0
BRDA:92,13,1,0
BRDA:113,14,0,0
BRDA:114,15,0,0
BRDA:115,16,0,0
BRDA:130,17,0,0
BRDA:130,17,1,0
BRF:27
BRH:0
end_of_record
TN:
SF:src\components\ui\DropdownMenu.tsx
FN:18,DropdownMenu
FN:22,(anonymous_1)
FN:23,(anonymous_2)
FN:31,(anonymous_3)
FN:35,(anonymous_4)
FN:42,(anonymous_5)
FN:54,(anonymous_6)
FN:64,(anonymous_7)
FNF:8
FNH:0
FNDA:0,DropdownMenu
FNDA:0,(anonymous_1)
FNDA:0,(anonymous_2)
FNDA:0,(anonymous_3)
FNDA:0,(anonymous_4)
FNDA:0,(anonymous_5)
FNDA:0,(anonymous_6)
FNDA:0,(anonymous_7)
DA:19,0
DA:20,0
DA:22,0
DA:23,0
DA:24,0
DA:25,0
DA:29,0
DA:30,0
DA:31,0
DA:35,0
DA:36,0
DA:37,0
DA:40,0
DA:42,0
DA:55,0
DA:56,0
DA:59,0
DA:61,0
DA:64,0
LF:19
LH:0
BRDA:18,0,0,0
BRDA:24,1,0,0
BRDA:24,1,1,0
BRDA:24,2,0,0
BRDA:24,2,1,0
BRDA:29,3,0,0
BRDA:29,3,1,0
BRDA:46,4,0,0
BRDA:46,4,1,0
BRDA:50,5,0,0
BRDA:50,5,1,0
BRDA:55,6,0,0
BRDA:55,6,1,0
BRDA:67,7,0,0
BRDA:67,7,1,0
BRDA:68,8,0,0
BRDA:68,8,1,0
BRDA:69,9,0,0
BRDA:69,9,1,0
BRF:19
BRH:0
end_of_record
TN:
SF:src\components\ui\MenuItem.tsx
FN:17,MenuItem
FN:63,Menu
FN:68,(anonymous_2)
FNF:3
FNH:0
FNDA:0,MenuItem
FNDA:0,Menu
FNDA:0,(anonymous_2)
DA:28,0
DA:29,0
DA:32,0
DA:68,0
DA:69,0
DA:70,0
DA:74,0
LF:7
LH:0
BRDA:21,0,0,0
BRDA:23,1,0,0
BRDA:24,2,0,0
BRDA:25,3,0,0
BRDA:28,4,0,0
BRDA:28,4,1,0
BRDA:38,5,0,0
BRDA:38,5,1,0
BRDA:39,6,0,0
BRDA:39,6,1,0
BRDA:47,7,0,0
BRDA:47,7,1,0
BRDA:49,8,0,0
BRDA:49,8,1,0
BRDA:65,9,0,0
BRDA:69,10,0,0
BRDA:69,10,1,0
BRDA:69,11,0,0
BRDA:69,11,1,0
BRF:19
BRH:0
end_of_record
TN:
SF:src\components\ui\SearchPanel.tsx
FN:6,SearchPanel
FN:10,(anonymous_1)
FN:11,(anonymous_2)
FN:23,(anonymous_3)
FN:32,(anonymous_4)
FN:36,(anonymous_5)
FN:43,(anonymous_6)
FN:52,(anonymous_7)
FNF:8
FNH:0
FNDA:0,SearchPanel
FNDA:0,(anonymous_1)
FNDA:0,(anonymous_2)
FNDA:0,(anonymous_3)
FNDA:0,(anonymous_4)
FNDA:0,(anonymous_5)
FNDA:0,(anonymous_6)
FNDA:0,(anonymous_7)
DA:7,0
DA:8,0
DA:10,0
DA:11,0
DA:12,0
DA:13,0
DA:14,0
DA:17,0
DA:18,0
DA:22,0
DA:23,0
DA:26,0
DA:28,0
DA:32,0
DA:36,0
DA:43,0
DA:52,0
LF:17
LH:0
BRDA:12,0,0,0
BRDA:12,0,1,0
BRDA:12,1,0,0
BRDA:12,1,1,0
BRDA:12,1,2,0
BRDA:12,1,3,0
BRDA:17,2,0,0
BRDA:17,2,1,0
BRDA:17,3,0,0
BRDA:17,3,1,0
BRDA:26,4,0,0
BRDA:26,4,1,0
BRDA:60,5,0,0
BRDA:60,5,1,0
BRF:14
BRH:0
end_of_record
TN:
SF:src\components\ui\SettingsDialog.tsx
FN:5,SettingsDialog
FN:14,(anonymous_1)
FN:18,(anonymous_2)
FN:30,(anonymous_3)
FN:52,(anonymous_4)
FN:72,(anonymous_5)
FN:102,(anonymous_6)
FN:116,(anonymous_7)
FNF:8
FNH:0
FNDA:0,SettingsDialog
FNDA:0,(anonymous_1)
FNDA:0,(anonymous_2)
FNDA:0,(anonymous_3)
FNDA:0,(anonymous_4)
FNDA:0,(anonymous_5)
FNDA:0,(anonymous_6)
FNDA:0,(anonymous_7)
DA:6,0
DA:8,0
DA:10,0
DA:14,0
DA:18,0
DA:30,0
DA:52,0
DA:72,0
DA:102,0
DA:116,0
LF:10
LH:0
BRDA:8,0,0,0
BRDA:8,0,1,0
BRDA:75,1,0,0
BRDA:75,1,1,0
BRDA:81,2,0,0
BRDA:81,2,1,0
BRF:6
BRH:0
end_of_record
TN:
SF:src\components\ui\ShortcutsDialog.tsx
FN:6,ShortcutsDialog
FN:15,(anonymous_1)
FN:19,(anonymous_2)
FN:30,(anonymous_3)
FN:38,(anonymous_4)
FN:39,(anonymous_5)
FN:48,(anonymous_6)
FN:57,(anonymous_7)
FN:76,(anonymous_8)
FNF:9
FNH:0
FNDA:0,ShortcutsDialog
FNDA:0,(anonymous_1)
FNDA:0,(anonymous_2)
FNDA:0,(anonymous_3)
FNDA:0,(anonymous_4)
FNDA:0,(anonymous_5)
FNDA:0,(anonymous_6)
FNDA:0,(anonymous_7)
FNDA:0,(anonymous_8)
DA:7,0
DA:9,0
DA:11,0
DA:15,0
DA:19,0
DA:30,0
DA:39,0
DA:40,0
DA:42,0
DA:49,0
DA:58,0
DA:76,0
LF:12
LH:0
BRDA:9,0,0,0
BRDA:9,0,1,0
BRDA:40,1,0,0
BRDA:40,1,1,0
BRF:4
BRH:0
end_of_record
TN:
SF:src\components\ui\ToastContainer.tsx
FN:7,ToastContainer
FN:12,(anonymous_1)
FN:13,(anonymous_2)
FN:19,Toast
FN:20,(anonymous_4)
FN:23,(anonymous_5)
FNF:6
FNH:0
FNDA:0,ToastContainer
FNDA:0,(anonymous_1)
FNDA:0,(anonymous_2)
FNDA:0,Toast
FNDA:0,(anonymous_4)
FNDA:0,(anonymous_5)
DA:8,0
DA:10,0
DA:13,0
DA:20,0
DA:21,0
DA:22,0
DA:23,0
DA:27,0
DA:34,0
DA:41,0
DA:43,0
LF:11
LH:0
BRDA:21,0,0,0
BRDA:21,0,1,0
BRDA:22,1,0,0
BRDA:22,1,1,0
BRDA:54,2,0,0
BRDA:54,2,1,0
BRF:6
BRH:0
end_of_record
TN:
SF:src\config\messageConfig.ts
FN:71,(anonymous_0)
FN:76,(anonymous_1)
FN:81,(anonymous_2)
FNF:3
FNH:0
FNDA:0,(anonymous_0)
FNDA:0,(anonymous_1)
FNDA:0,(anonymous_2)
DA:47,0
DA:71,0
DA:72,0
DA:76,0
DA:77,0
DA:81,0
DA:82,0
LF:7
LH:0
BRF:0
BRH:0
end_of_record
TN:
SF:src\constants\index.ts
FN:20,(anonymous_0)
FN:21,(anonymous_1)
FN:22,(anonymous_2)
FN:26,(anonymous_3)
FN:27,(anonymous_4)
FN:28,(anonymous_5)
FN:29,(anonymous_6)
FN:32,(anonymous_7)
FN:33,(anonymous_8)
FN:34,(anonymous_9)
FN:40,(anonymous_10)
FNF:11
FNH:0
FNDA:0,(anonymous_0)
FNDA:0,(anonymous_1)
FNDA:0,(anonymous_2)
FNDA:0,(anonymous_3)
FNDA:0,(anonymous_4)
FNDA:0,(anonymous_5)
FNDA:0,(anonymous_6)
FNDA:0,(anonymous_7)
FNDA:0,(anonymous_8)
FNDA:0,(anonymous_9)
FNDA:0,(anonymous_10)
DA:2,0
DA:20,0
DA:21,0
DA:23,0
DA:26,0
DA:27,0
DA:28,0
DA:29,0
DA:32,0
DA:33,0
DA:34,0
DA:38,0
DA:41,0
DA:42,0
DA:43,0
DA:51,0
DA:61,0
DA:76,0
DA:84,0
DA:89,0
DA:100,0
DA:111,0
DA:121,0
DA:179,0
DA:187,0
LF:25
LH:0
BRDA:41,0,0,0
BRDA:41,0,1,0
BRF:2
BRH:0
end_of_record
TN:
SF:src\constants\shortcuts.ts
FNF:0
FNH:0
DA:7,0
DA:135,0
LF:2
LH:0
BRF:0
BRH:0
end_of_record
TN:
SF:src\constants\zIndex.ts
FNF:0
FNH:0
DA:1,0
LF:1
LH:0
BRF:0
BRH:0
end_of_record
TN:
SF:src\features\node-pool\components\ContextMenuErrorBoundary.tsx
FN:19,(anonymous_0)
FN:23,(anonymous_1)
FN:32,(anonymous_2)
FN:46,(anonymous_3)
FNF:4
FNH:0
FNDA:0,(anonymous_0)
FNDA:0,(anonymous_1)
FNDA:0,(anonymous_2)
FNDA:0,(anonymous_3)
DA:15,0
DA:20,0
DA:24,0
DA:29,0
DA:33,0
DA:34,0
DA:37,0
DA:47,0
DA:48,0
DA:58,0
LF:10
LH:0
BRDA:33,0,0,0
BRDA:33,0,1,0
BRDA:37,1,0,0
BRDA:37,1,1,0
BRF:4
BRH:0
end_of_record
TN:
SF:src\features\node-pool\components\FolderContextMenu.tsx
FN:20,FolderContextMenu
FN:25,(anonymous_1)
FN:30,(anonymous_2)
FN:34,(anonymous_3)
FN:35,(anonymous_4)
FN:36,(anonymous_5)
FNF:6
FNH:0
FNDA:0,FolderContextMenu
FNDA:0,(anonymous_1)
FNDA:0,(anonymous_2)
FNDA:0,(anonymous_3)
FNDA:0,(anonymous_4)
FNDA:0,(anonymous_5)
DA:21,0
DA:22,0
DA:23,0
DA:25,0
DA:26,0
DA:27,0
DA:30,0
DA:31,0
DA:32,0
DA:34,0
DA:35,0
DA:36,0
DA:37,0
DA:38,0
DA:40,0
DA:43,0
DA:45,0
DA:46,0
DA:47,0
DA:48,0
DA:52,0
DA:53,0
DA:54,0
DA:56,0
DA:58,0
DA:61,0
LF:26
LH:0
BRDA:45,0,0,0
BRDA:45,0,1,0
BRDA:47,1,0,0
BRDA:47,1,1,0
BRDA:56,2,0,0
BRDA:56,2,1,0
BRDA:71,3,0,0
BRDA:71,3,1,0
BRDA:72,4,0,0
BRDA:72,4,1,0
BRF:10
BRH:0
end_of_record
TN:
SF:src\features\node-pool\components\FolderItem.tsx
FN:24,FolderItem2
FN:53,(anonymous_1)
FN:60,(anonymous_2)
FN:66,(anonymous_3)
FN:74,(anonymous_4)
FN:81,(anonymous_5)
FN:98,(anonymous_6)
FN:103,(anonymous_7)
FN:111,(anonymous_8)
FN:118,(anonymous_9)
FN:125,(anonymous_10)
FN:146,(anonymous_11)
FN:173,(anonymous_12)
FN:201,(anonymous_13)
FN:208,(anonymous_14)
FN:209,(anonymous_15)
FN:210,(anonymous_16)
FN:220,(anonymous_17)
FN:261,ExpandCollapseIndicator
FN:270,FolderIcon
FNF:20
FNH:0
FNDA:0,FolderItem2
FNDA:0,(anonymous_1)
FNDA:0,(anonymous_2)
FNDA:0,(anonymous_3)
FNDA:0,(anonymous_4)
FNDA:0,(anonymous_5)
FNDA:0,(anonymous_6)
FNDA:0,(anonymous_7)
FNDA:0,(anonymous_8)
FNDA:0,(anonymous_9)
FNDA:0,(anonymous_10)
FNDA:0,(anonymous_11)
FNDA:0,(anonymous_12)
FNDA:0,(anonymous_13)
FNDA:0,(anonymous_14)
FNDA:0,(anonymous_15)
FNDA:0,(anonymous_16)
FNDA:0,(anonymous_17)
FNDA:0,ExpandCollapseIndicator
FNDA:0,FolderIcon
DA:24,0
DA:47,0
DA:48,0
DA:49,0
DA:51,0
DA:53,0
DA:54,0
DA:55,0
DA:56,0
DA:60,0
DA:61,0
DA:62,0
DA:66,0
DA:67,0
DA:68,0
DA:69,0
DA:70,0
DA:74,0
DA:75,0
DA:76,0
DA:77,0
DA:78,0
DA:81,0
DA:82,0
DA:83,0
DA:86,0
DA:87,0
DA:88,0
DA:91,0
DA:92,0
DA:94,0
DA:98,0
DA:99,0
DA:100,0
DA:103,0
DA:104,0
DA:105,0
DA:106,0
DA:107,0
DA:111,0
DA:112,0
DA:113,0
DA:114,0
DA:115,0
DA:118,0
DA:119,0
DA:120,0
DA:121,0
DA:122,0
DA:125,0
DA:126,0
DA:127,0
DA:128,0
DA:129,0
DA:132,0
DA:134,0
DA:146,0
DA:173,0
DA:202,0
DA:210,0
DA:221,0
DA:262,0
DA:263,0
DA:271,0
LF:64
LH:0
BRDA:26,0,0,0
BRDA:29,1,0,0
BRDA:41,2,0,0
BRDA:54,3,0,0
BRDA:54,3,1,0
BRDA:54,4,0,0
BRDA:54,4,1,0
BRDA:61,5,0,0
BRDA:61,5,1,0
BRDA:69,6,0,0
BRDA:69,6,1,0
BRDA:82,7,0,0
BRDA:82,7,1,0
BRDA:86,8,0,0
BRDA:86,8,1,0
BRDA:104,9,0,0
BRDA:104,9,1,0
BRDA:106,10,0,0
BRDA:106,10,1,0
BRDA:136,11,0,0
BRDA:136,11,1,0
BRDA:170,12,0,0
BRDA:170,12,1,0
BRDA:178,13,0,0
BRDA:178,13,1,0
BRDA:180,14,0,0
BRDA:180,14,1,0
BRDA:183,15,0,0
BRDA:183,15,1,0
BRDA:190,16,0,0
BRDA:190,16,1,0
BRDA:194,17,0,0
BRDA:194,17,1,0
BRDA:208,18,0,0
BRDA:208,18,1,0
BRDA:209,19,0,0
BRDA:209,19,1,0
BRDA:210,20,0,0
BRDA:210,20,1,0
BRDA:226,21,0,0
BRDA:226,21,1,0
BRDA:250,22,0,0
BRDA:250,22,1,0
BRDA:250,22,2,0
BRDA:262,23,0,0
BRDA:262,23,1,0
BRDA:263,24,0,0
BRDA:263,24,1,0
BRDA:271,25,0,0
BRDA:271,25,1,0
BRDA:272,26,0,0
BRDA:272,26,1,0
BRDA:274,27,0,0
BRDA:274,27,1,0
BRF:54
BRH:0
end_of_record
TN:
SF:src\features\node-pool\components\NodeCardContextMenu.tsx
FN:23,NodeCardContextMenu
FN:29,(anonymous_1)
FN:29,(anonymous_2)
FN:31,(anonymous_3)
FN:36,(anonymous_4)
FN:46,(anonymous_5)
FN:55,(anonymous_6)
FN:84,(anonymous_7)
FN:102,(anonymous_8)
FN:104,(anonymous_9)
FN:109,(anonymous_10)
FNF:11
FNH:0
FNDA:0,NodeCardContextMenu
FNDA:0,(anonymous_1)
FNDA:0,(anonymous_2)
FNDA:0,(anonymous_3)
FNDA:0,(anonymous_4)
FNDA:0,(anonymous_5)
FNDA:0,(anonymous_6)
FNDA:0,(anonymous_7)
FNDA:0,(anonymous_8)
FNDA:0,(anonymous_9)
FNDA:0,(anonymous_10)
DA:24,0
DA:25,0
DA:26,0
DA:27,0
DA:29,0
DA:31,0
DA:32,0
DA:33,0
DA:36,0
DA:37,0
DA:38,0
DA:39,0
DA:41,0
DA:43,0
DA:46,0
DA:47,0
DA:48,0
DA:51,0
DA:52,0
DA:55,0
DA:56,0
DA:57,0
DA:58,0
DA:61,0
DA:85,0
DA:86,0
DA:102,0
DA:105,0
DA:109,0
LF:29
LH:0
BRDA:41,0,0,0
BRDA:41,0,1,0
BRDA:71,1,0,0
BRDA:71,1,1,0
BRDA:72,2,0,0
BRDA:72,2,1,0
BRDA:97,3,0,0
BRDA:97,3,1,0
BRF:8
BRH:0
end_of_record
TN:
SF:src\features\node-pool\components\NodeCardItem.tsx
FN:16,SearchHighlighter
FN:24,(anonymous_1)
FN:38,NodeCardItem2
FN:58,(anonymous_3)
FN:66,(anonymous_4)
FN:71,(anonymous_5)
FN:81,(anonymous_6)
FN:86,(anonymous_7)
FN:97,(anonymous_8)
FN:117,(anonymous_9)
FN:125,(anonymous_10)
FN:130,(anonymous_11)
FN:131,(anonymous_12)
FN:137,(anonymous_13)
FN:151,(anonymous_14)
FN:158,(anonymous_15)
FN:198,(anonymous_16)
FN:222,(anonymous_17)
FN:227,(anonymous_18)
FN:244,(anonymous_19)
FN:273,(anonymous_20)
FN:284,(anonymous_21)
FNF:22
FNH:0
FNDA:0,SearchHighlighter
FNDA:0,(anonymous_1)
FNDA:0,NodeCardItem2
FNDA:0,(anonymous_3)
FNDA:0,(anonymous_4)
FNDA:0,(anonymous_5)
FNDA:0,(anonymous_6)
FNDA:0,(anonymous_7)
FNDA:0,(anonymous_8)
FNDA:0,(anonymous_9)
FNDA:0,(anonymous_10)
FNDA:0,(anonymous_11)
FNDA:0,(anonymous_12)
FNDA:0,(anonymous_13)
FNDA:0,(anonymous_14)
FNDA:0,(anonymous_15)
FNDA:0,(anonymous_16)
FNDA:0,(anonymous_17)
FNDA:0,(anonymous_18)
FNDA:0,(anonymous_19)
FNDA:0,(anonymous_20)
FNDA:0,(anonymous_21)
DA:17,0
DA:18,0
DA:21,0
DA:22,0
DA:25,0
DA:38,0
DA:51,0
DA:52,0
DA:53,0
DA:54,0
DA:55,0
DA:56,0
DA:58,0
DA:59,0
DA:60,0
DA:62,0
DA:63,0
DA:66,0
DA:67,0
DA:68,0
DA:71,0
DA:72,0
DA:73,0
DA:74,0
DA:75,0
DA:76,0
DA:77,0
DA:81,0
DA:82,0
DA:83,0
DA:86,0
DA:87,0
DA:89,0
DA:90,0
DA:92,0
DA:93,0
DA:97,0
DA:98,0
DA:99,0
DA:102,0
DA:103,0
DA:104,0
DA:107,0
DA:108,0
DA:109,0
DA:112,0
DA:113,0
DA:117,0
DA:118,0
DA:119,0
DA:121,0
DA:122,0
DA:125,0
DA:126,0
DA:127,0
DA:130,0
DA:131,0
DA:132,0
DA:133,0
DA:137,0
DA:138,0
DA:139,0
DA:140,0
DA:141,0
DA:146,0
DA:147,0
DA:148,0
DA:151,0
DA:152,0
DA:153,0
DA:158,0
DA:159,0
DA:160,0
DA:161,0
DA:169,0
DA:179,0
DA:181,0
DA:198,0
DA:222,0
DA:227,0
DA:245,0
DA:246,0
DA:273,0
DA:285,0
DA:286,0
LF:85
LH:0
BRDA:17,0,0,0
BRDA:17,0,1,0
BRDA:17,1,0,0
BRDA:17,1,1,0
BRDA:18,2,0,0
BRDA:18,2,1,0
BRDA:25,3,0,0
BRDA:25,3,1,0
BRDA:26,4,0,0
BRDA:26,4,1,0
BRDA:28,5,0,0
BRDA:28,5,1,0
BRDA:47,6,0,0
BRDA:49,7,0,0
BRDA:59,8,0,0
BRDA:59,8,1,0
BRDA:59,9,0,0
BRDA:59,9,1,0
BRDA:72,10,0,0
BRDA:72,10,1,0
BRDA:75,11,0,0
BRDA:75,11,1,0
BRDA:87,12,0,0
BRDA:87,12,1,0
BRDA:92,13,0,0
BRDA:92,13,1,0
BRDA:92,14,0,0
BRDA:92,14,1,0
BRDA:98,15,0,0
BRDA:98,15,1,0
BRDA:98,16,0,0
BRDA:98,16,1,0
BRDA:103,17,0,0
BRDA:103,17,1,0
BRDA:103,18,0,0
BRDA:103,18,1,0
BRDA:103,18,2,0
BRDA:107,19,0,0
BRDA:107,19,1,0
BRDA:112,20,0,0
BRDA:112,20,1,0
BRDA:113,21,0,0
BRDA:113,21,1,0
BRDA:118,22,0,0
BRDA:118,22,1,0
BRDA:118,23,0,0
BRDA:118,23,1,0
BRDA:132,24,0,0
BRDA:132,24,1,0
BRDA:132,25,0,0
BRDA:132,25,1,0
BRDA:132,25,2,0
BRDA:138,26,0,0
BRDA:138,26,1,0
BRDA:138,27,0,0
BRDA:138,27,1,0
BRDA:138,27,2,0
BRDA:140,28,0,0
BRDA:140,28,1,0
BRDA:146,29,0,0
BRDA:146,29,1,0
BRDA:162,30,0,0
BRDA:162,30,1,0
BRDA:163,31,0,0
BRDA:163,31,1,0
BRDA:164,32,0,0
BRDA:164,32,1,0
BRDA:165,33,0,0
BRDA:165,33,1,0
BRDA:166,34,0,0
BRDA:166,34,1,0
BRDA:184,35,0,0
BRDA:184,35,1,0
BRDA:184,35,2,0
BRDA:191,36,0,0
BRDA:191,36,1,0
BRDA:194,37,0,0
BRDA:194,37,1,0
BRDA:195,38,0,0
BRDA:195,38,1,0
BRDA:195,38,2,0
BRDA:209,39,0,0
BRDA:209,39,1,0
BRDA:211,40,0,0
BRDA:211,40,1,0
BRDA:218,41,0,0
BRDA:218,41,1,0
BRDA:234,42,0,0
BRDA:234,42,1,0
BRDA:234,42,2,0
BRDA:261,43,0,0
BRDA:261,43,1,0
BRDA:277,44,0,0
BRDA:277,44,1,0
BRDA:297,45,0,0
BRDA:297,45,1,0
BRDA:307,46,0,0
BRDA:307,46,1,0
BRDA:309,47,0,0
BRDA:309,47,1,0
BRDA:327,48,0,0
BRDA:327,48,1,0
BRDA:327,48,2,0
BRF:103
BRH:0
end_of_record
TN:
SF:src\features\node-pool\components\NodePoolPanel.tsx
FN:42,SearchHighlighter
FN:50,(anonymous_1)
FN:64,NodePoolPanel
FN:101,(anonymous_3)
FN:108,(anonymous_4)
FN:138,(anonymous_5)
FN:158,(anonymous_6)
FN:168,(anonymous_7)
FN:178,(anonymous_8)
FN:188,(anonymous_9)
FN:193,(anonymous_10)
FN:202,(anonymous_11)
FN:211,(anonymous_12)
FN:217,(anonymous_13)
FN:222,(anonymous_14)
FN:244,(anonymous_15)
FN:249,(anonymous_16)
FN:254,(anonymous_17)
FN:284,(anonymous_18)
FN:290,(anonymous_19)
FN:313,(anonymous_20)
FN:315,(anonymous_21)
FN:322,(anonymous_22)
FN:346,(anonymous_23)
FN:348,(anonymous_24)
FN:355,(anonymous_25)
FN:364,(anonymous_26)
FN:370,(anonymous_27)
FN:373,(anonymous_28)
FN:383,(anonymous_29)
FN:386,(anonymous_30)
FN:397,(anonymous_31)
FN:411,(anonymous_32)
FN:417,(anonymous_33)
FN:426,(anonymous_34)
FN:427,(anonymous_35)
FN:429,(anonymous_36)
FN:430,(anonymous_37)
FN:433,(anonymous_38)
FN:439,(anonymous_39)
FN:445,(anonymous_40)
FN:446,(anonymous_41)
FN:447,(anonymous_42)
FN:456,(anonymous_43)
FN:458,(anonymous_44)
FN:463,(anonymous_45)
FN:465,(anonymous_46)
FN:468,(anonymous_47)
FN:490,(anonymous_48)
FN:495,(anonymous_49)
FN:521,(anonymous_50)
FN:545,(anonymous_51)
FN:555,(anonymous_52)
FN:572,(anonymous_53)
FN:580,(anonymous_54)
FN:594,(anonymous_55)
FN:633,(anonymous_56)
FN:648,(anonymous_57)
FN:658,(anonymous_58)
FN:661,(anonymous_59)
FN:688,(anonymous_60)
FN:689,(anonymous_61)
FN:700,(anonymous_62)
FN:704,(anonymous_63)
FN:705,(anonymous_64)
FN:713,EmptyState
FNF:66
FNH:0
FNDA:0,SearchHighlighter
FNDA:0,(anonymous_1)
FNDA:0,NodePoolPanel
FNDA:0,(anonymous_3)
FNDA:0,(anonymous_4)
FNDA:0,(anonymous_5)
FNDA:0,(anonymous_6)
FNDA:0,(anonymous_7)
FNDA:0,(anonymous_8)
FNDA:0,(anonymous_9)
FNDA:0,(anonymous_10)
FNDA:0,(anonymous_11)
FNDA:0,(anonymous_12)
FNDA:0,(anonymous_13)
FNDA:0,(anonymous_14)
FNDA:0,(anonymous_15)
FNDA:0,(anonymous_16)
FNDA:0,(anonymous_17)
FNDA:0,(anonymous_18)
FNDA:0,(anonymous_19)
FNDA:0,(anonymous_20)
FNDA:0,(anonymous_21)
FNDA:0,(anonymous_22)
FNDA:0,(anonymous_23)
FNDA:0,(anonymous_24)
FNDA:0,(anonymous_25)
FNDA:0,(anonymous_26)
FNDA:0,(anonymous_27)
FNDA:0,(anonymous_28)
FNDA:0,(anonymous_29)
FNDA:0,(anonymous_30)
FNDA:0,(anonymous_31)
FNDA:0,(anonymous_32)
FNDA:0,(anonymous_33)
FNDA:0,(anonymous_34)
FNDA:0,(anonymous_35)
FNDA:0,(anonymous_36)
FNDA:0,(anonymous_37)
FNDA:0,(anonymous_38)
FNDA:0,(anonymous_39)
FNDA:0,(anonymous_40)
FNDA:0,(anonymous_41)
FNDA:0,(anonymous_42)
FNDA:0,(anonymous_43)
FNDA:0,(anonymous_44)
FNDA:0,(anonymous_45)
FNDA:0,(anonymous_46)
FNDA:0,(anonymous_47)
FNDA:0,(anonymous_48)
FNDA:0,(anonymous_49)
FNDA:0,(anonymous_50)
FNDA:0,(anonymous_51)
FNDA:0,(anonymous_52)
FNDA:0,(anonymous_53)
FNDA:0,(anonymous_54)
FNDA:0,(anonymous_55)
FNDA:0,(anonymous_56)
FNDA:0,(anonymous_57)
FNDA:0,(anonymous_58)
FNDA:0,(anonymous_59)
FNDA:0,(anonymous_60)
FNDA:0,(anonymous_61)
FNDA:0,(anonymous_62)
FNDA:0,(anonymous_63)
FNDA:0,(anonymous_64)
FNDA:0,EmptyState
DA:43,0
DA:44,0
DA:47,0
DA:48,0
DA:51,0
DA:65,0
DA:66,0
DA:67,0
DA:80,0
DA:83,0
DA:84,0
DA:85,0
DA:86,0
DA:87,0
DA:88,0
DA:89,0
DA:90,0
DA:91,0
DA:92,0
DA:93,0
DA:94,0
DA:97,0
DA:98,0
DA:101,0
DA:102,0
DA:103,0
DA:108,0
DA:109,0
DA:110,0
DA:111,0
DA:114,0
DA:115,0
DA:116,0
DA:117,0
DA:119,0
DA:120,0
DA:131,0
DA:133,0
DA:138,0
DA:139,0
DA:140,0
DA:141,0
DA:147,0
DA:149,0
DA:151,0
DA:153,0
DA:158,0
DA:159,0
DA:160,0
DA:161,0
DA:163,0
DA:168,0
DA:169,0
DA:170,0
DA:171,0
DA:173,0
DA:178,0
DA:179,0
DA:180,0
DA:182,0
DA:183,0
DA:188,0
DA:189,0
DA:193,0
DA:194,0
DA:195,0
DA:202,0
DA:203,0
DA:204,0
DA:211,0
DA:212,0
DA:213,0
DA:217,0
DA:218,0
DA:222,0
DA:223,0
DA:224,0
DA:225,0
DA:228,0
DA:229,0
DA:230,0
DA:231,0
DA:234,0
DA:235,0
DA:236,0
DA:237,0
DA:239,0
DA:244,0
DA:245,0
DA:249,0
DA:250,0
DA:254,0
DA:255,0
DA:256,0
DA:257,0
DA:258,0
DA:261,0
DA:262,0
DA:263,0
DA:266,0
DA:267,0
DA:275,0
DA:276,0
DA:277,0
DA:279,0
DA:284,0
DA:286,0
DA:290,0
DA:291,0
DA:292,0
DA:294,0
DA:295,0
DA:297,0
DA:298,0
DA:299,0
DA:300,0
DA:302,0
DA:303,0
DA:314,0
DA:316,0
DA:322,0
DA:323,0
DA:324,0
DA:326,0
DA:327,0
DA:328,0
DA:330,0
DA:331,0
DA:332,0
DA:333,0
DA:335,0
DA:336,0
DA:347,0
DA:349,0
DA:355,0
DA:356,0
DA:357,0
DA:358,0
DA:359,0
DA:364,0
DA:365,0
DA:366,0
DA:370,0
DA:371,0
DA:372,0
DA:373,0
DA:374,0
DA:375,0
DA:376,0
DA:378,0
DA:380,0
DA:383,0
DA:384,0
DA:386,0
DA:387,0
DA:388,0
DA:390,0
DA:391,0
DA:392,0
DA:394,0
DA:397,0
DA:398,0
DA:399,0
DA:400,0
DA:401,0
DA:403,0
DA:407,0
DA:411,0
DA:412,0
DA:413,0
DA:416,0
DA:417,0
DA:418,0
DA:419,0
DA:422,0
DA:426,0
DA:427,0
DA:428,0
DA:429,0
DA:430,0
DA:432,0
DA:434,0
DA:435,0
DA:437,0
DA:439,0
DA:445,0
DA:446,0
DA:447,0
DA:448,0
DA:452,0
DA:456,0
DA:457,0
DA:458,0
DA:459,0
DA:463,0
DA:464,0
DA:465,0
DA:466,0
DA:467,0
DA:468,0
DA:469,0
DA:472,0
DA:474,0
DA:491,0
DA:492,0
DA:493,0
DA:496,0
DA:510,0
DA:521,0
DA:545,0
DA:555,0
DA:572,0
DA:580,0
DA:594,0
DA:633,0
DA:648,0
DA:658,0
DA:662,0
DA:688,0
DA:689,0
DA:701,0
DA:702,0
DA:704,0
DA:705,0
DA:714,0
LF:225
LH:0
BRDA:43,0,0,0
BRDA:43,0,1,0
BRDA:43,1,0,0
BRDA:43,1,1,0
BRDA:51,2,0,0
BRDA:51,2,1,0
BRDA:102,3,0,0
BRDA:102,3,1,0
BRDA:109,4,0,0
BRDA:109,4,1,0
BRDA:117,5,0,0
BRDA:117,5,1,0
BRDA:122,6,0,0
BRDA:122,6,1,0
BRDA:122,6,2,0
BRDA:124,7,0,0
BRDA:124,7,1,0
BRDA:133,8,0,0
BRDA:133,8,1,0
BRDA:163,9,0,0
BRDA:163,9,1,0
BRDA:173,10,0,0
BRDA:173,10,1,0
BRDA:179,11,0,0
BRDA:179,11,1,0
BRDA:180,12,0,0
BRDA:180,12,1,0
BRDA:223,13,0,0
BRDA:223,13,1,0
BRDA:229,14,0,0
BRDA:229,14,1,0
BRDA:239,15,0,0
BRDA:239,15,1,0
BRDA:256,16,0,0
BRDA:256,16,1,0
BRDA:261,17,0,0
BRDA:261,17,1,0
BRDA:279,18,0,0
BRDA:279,18,1,0
BRDA:297,19,0,0
BRDA:297,19,1,0
BRDA:300,20,0,0
BRDA:300,20,1,0
BRDA:305,21,0,0
BRDA:305,21,1,0
BRDA:305,21,2,0
BRDA:307,22,0,0
BRDA:307,22,1,0
BRDA:316,23,0,0
BRDA:316,23,1,0
BRDA:330,24,0,0
BRDA:330,24,1,0
BRDA:333,25,0,0
BRDA:333,25,1,0
BRDA:338,26,0,0
BRDA:338,26,1,0
BRDA:338,26,2,0
BRDA:340,27,0,0
BRDA:340,27,1,0
BRDA:349,28,0,0
BRDA:349,28,1,0
BRDA:358,29,0,0
BRDA:358,29,1,0
BRDA:371,30,0,0
BRDA:371,30,1,0
BRDA:374,31,0,0
BRDA:374,31,1,0
BRDA:375,32,0,0
BRDA:375,32,1,0
BRDA:392,33,0,0
BRDA:392,33,1,0
BRDA:392,33,2,0
BRDA:397,34,0,0
BRDA:397,34,1,0
BRDA:398,35,0,0
BRDA:398,35,1,0
BRDA:399,36,0,0
BRDA:399,36,1,0
BRDA:400,37,0,0
BRDA:400,37,1,0
BRDA:412,38,0,0
BRDA:412,38,1,0
BRDA:418,39,0,0
BRDA:418,39,1,0
BRDA:434,40,0,0
BRDA:434,40,1,0
BRDA:435,41,0,0
BRDA:435,41,1,0
BRDA:448,42,0,0
BRDA:448,42,1,0
BRDA:463,43,0,0
BRDA:464,44,0,0
BRDA:464,44,1,0
BRDA:465,45,0,0
BRDA:465,45,1,0
BRDA:466,46,0,0
BRDA:466,46,1,0
BRDA:467,47,0,0
BRDA:467,47,1,0
BRDA:468,48,0,0
BRDA:468,48,1,0
BRDA:468,49,0,0
BRDA:468,49,1,0
BRDA:469,50,0,0
BRDA:469,50,1,0
BRDA:472,51,0,0
BRDA:472,51,1,0
BRDA:513,52,0,0
BRDA:513,52,1,0
BRDA:538,53,0,0
BRDA:538,53,1,0
BRDA:583,54,0,0
BRDA:583,54,1,0
BRDA:589,55,0,0
BRDA:589,55,1,0
BRDA:590,56,0,0
BRDA:590,56,1,0
BRDA:597,57,0,0
BRDA:597,57,1,0
BRDA:603,58,0,0
BRDA:603,58,1,0
BRDA:604,59,0,0
BRDA:604,59,1,0
BRDA:614,60,0,0
BRDA:614,60,1,0
BRDA:616,61,0,0
BRDA:616,61,1,0
BRDA:625,62,0,0
BRDA:625,62,1,0
BRDA:625,63,0,0
BRDA:625,63,1,0
BRDA:627,64,0,0
BRDA:627,64,1,0
BRDA:627,65,0,0
BRDA:627,65,1,0
BRDA:642,66,0,0
BRDA:642,66,1,0
BRDA:646,67,0,0
BRDA:646,67,1,0
BRDA:684,68,0,0
BRDA:684,68,1,0
BRDA:696,69,0,0
BRDA:696,69,1,0
BRF:143
BRH:0
end_of_record
TN:
SF:src\features\node-pool\hooks\useContextMenu.tsx
FN:21,useContextMenu
FN:26,(anonymous_1)
FN:27,(anonymous_2)
FN:51,(anonymous_3)
FN:54,(anonymous_4)
FN:55,(anonymous_5)
FN:61,(anonymous_6)
FN:70,(anonymous_7)
FN:89,MenuItem
FN:114,MenuDivider
FNF:10
FNH:0
FNDA:0,useContextMenu
FNDA:0,(anonymous_1)
FNDA:0,(anonymous_2)
FNDA:0,(anonymous_3)
FNDA:0,(anonymous_4)
FNDA:0,(anonymous_5)
FNDA:0,(anonymous_6)
FNDA:0,(anonymous_7)
FNDA:0,MenuItem
FNDA:0,MenuDivider
DA:22,0
DA:23,0
DA:24,0
DA:26,0
DA:27,0
DA:28,0
DA:30,0
DA:31,0
DA:32,0
DA:33,0
DA:35,0
DA:36,0
DA:38,0
DA:39,0
DA:42,0
DA:43,0
DA:46,0
DA:47,0
DA:50,0
DA:51,0
DA:54,0
DA:55,0
DA:56,0
DA:57,0
DA:61,0
DA:62,0
DA:63,0
DA:67,0
DA:68,0
DA:70,0
DA:71,0
DA:72,0
DA:76,0
DA:90,0
DA:115,0
LF:35
LH:0
BRDA:28,0,0,0
BRDA:28,0,1,0
BRDA:38,1,0,0
BRDA:38,1,1,0
BRDA:42,2,0,0
BRDA:42,2,1,0
BRDA:56,3,0,0
BRDA:56,3,1,0
BRDA:56,4,0,0
BRDA:56,4,1,0
BRDA:62,5,0,0
BRDA:62,5,1,0
BRDA:89,6,0,0
BRDA:89,7,0,0
BRDA:94,8,0,0
BRDA:94,8,1,0
BRDA:96,9,0,0
BRDA:96,9,1,0
BRDA:106,10,0,0
BRDA:106,10,1,0
BRF:20
BRH:0
end_of_record
TN:
SF:src\features\node-pool\hooks\useNodePoolSort.ts
FN:17,useNodePoolSort
FN:22,(anonymous_1)
FN:48,(anonymous_2)
FN:56,(anonymous_3)
FN:65,(anonymous_4)
FN:73,(anonymous_5)
FN:80,(anonymous_6)
FN:94,(anonymous_7)
FN:109,(anonymous_8)
FN:131,sortCards
FN:132,(anonymous_10)
FN:150,useFolderTree
FN:153,(anonymous_12)
FN:154,(anonymous_13)
FN:156,(anonymous_14)
FN:171,useFolderContents
FN:172,(anonymous_16)
FN:173,(anonymous_17)
FNF:18
FNH:0
FNDA:0,useNodePoolSort
FNDA:0,(anonymous_1)
FNDA:0,(anonymous_2)
FNDA:0,(anonymous_3)
FNDA:0,(anonymous_4)
FNDA:0,(anonymous_5)
FNDA:0,(anonymous_6)
FNDA:0,(anonymous_7)
FNDA:0,(anonymous_8)
FNDA:0,sortCards
FNDA:0,(anonymous_10)
FNDA:0,useFolderTree
FNDA:0,(anonymous_12)
[...]
BRDA:612,39,1,0
BRDA:623,40,0,0
BRDA:623,40,1,0
BRDA:623,41,0,0
BRDA:623,41,1,0
BRDA:635,42,0,0
BRDA:635,42,1,0
BRDA:650,43,0,0
BRDA:650,43,1,0
BRDA:685,44,0,0
BRDA:685,44,1,0
BRDA:692,45,0,0
BRDA:692,45,1,0
BRDA:712,46,0,0
BRDA:712,46,1,0
BRDA:729,47,0,0
BRDA:729,47,1,0
BRDA:767,48,0,0
BRDA:767,48,1,0
BRDA:768,49,0,0
BRDA:768,49,1,0
BRDA:769,50,0,0
BRDA:769,50,1,0
BRDA:770,51,0,0
BRDA:770,51,1,0
BRDA:773,52,0,0
BRDA:773,52,1,0
BRDA:774,53,0,0
BRDA:774,53,1,0
BRF:108
BRH:0
end_of_record
TN:
SF:src\store\useProjectsStore.ts
FN:66,(anonymous_0)
FN:67,(anonymous_1)
FN:90,(anonymous_2)
FN:100,(anonymous_3)
FN:115,(anonymous_4)
FN:118,(anonymous_5)
FN:125,(anonymous_6)
FN:135,(anonymous_7)
FN:145,(anonymous_8)
FN:155,(anonymous_9)
FN:165,(anonymous_10)
FN:169,(anonymous_11)
FN:179,(anonymous_12)
FN:183,(anonymous_13)
FN:184,(anonymous_14)
FN:194,(anonymous_15)
FN:198,(anonymous_16)
FN:199,(anonymous_17)
FN:210,(anonymous_18)
FN:229,(anonymous_19)
FN:244,(anonymous_20)
FN:245,(anonymous_21)
FN:251,(anonymous_22)
FN:252,(anonymous_23)
FN:260,(anonymous_24)
FN:266,(anonymous_25)
FN:267,(anonymous_26)
FN:276,(anonymous_27)
FN:283,(anonymous_28)
FN:284,(anonymous_29)
FN:292,(anonymous_30)
FN:300,(anonymous_31)
FN:301,(anonymous_32)
FN:306,(anonymous_33)
FN:307,(anonymous_34)
FN:310,(anonymous_35)
FN:311,(anonymous_36)
FN:319,(anonymous_37)
FN:320,(anonymous_38)
FN:327,(anonymous_39)
FN:343,(anonymous_40)
FN:352,(anonymous_41)
FN:353,(anonymous_42)
FN:357,(anonymous_43)
FN:358,(anonymous_44)
FN:365,(anonymous_45)
FN:369,(anonymous_46)
FN:370,(anonymous_47)
FN:379,(anonymous_48)
FN:391,(anonymous_49)
FN:402,(anonymous_50)
FN:403,(anonymous_51)
FN:404,(anonymous_52)
FN:412,(anonymous_53)
FN:421,(anonymous_54)
FN:435,(anonymous_55)
FN:444,(anonymous_56)
FN:445,(anonymous_57)
FN:451,(anonymous_58)
FN:452,(anonymous_59)
FN:460,(anonymous_60)
FN:467,(anonymous_61)
FN:468,(anonymous_62)
FN:476,(anonymous_63)
FN:484,(anonymous_64)
FN:488,(anonymous_65)
FN:489,(anonymous_66)
FN:498,(anonymous_67)
FN:501,(anonymous_68)
FN:502,(anonymous_69)
FN:509,(anonymous_70)
FN:511,(anonymous_71)
FN:513,(anonymous_72)
FN:517,(anonymous_73)
FN:527,(anonymous_74)
FN:531,(anonymous_75)
FN:532,(anonymous_76)
FN:543,(anonymous_77)
FN:547,(anonymous_78)
FN:548,(anonymous_79)
FN:557,(anonymous_80)
FN:558,(anonymous_81)
FN:559,(anonymous_82)
FN:565,(anonymous_83)
FN:567,(anonymous_84)
FN:568,(anonymous_85)
FN:575,(anonymous_86)
FN:582,(anonymous_87)
FN:584,(anonymous_88)
FN:585,(anonymous_89)
FN:592,(anonymous_90)
FN:599,(anonymous_91)
FN:604,(anonymous_92)
FNF:93
FNH:0
FNDA:0,(anonymous_0)
FNDA:0,(anonymous_1)
FNDA:0,(anonymous_2)
FNDA:0,(anonymous_3)
FNDA:0,(anonymous_4)
FNDA:0,(anonymous_5)
FNDA:0,(anonymous_6)
FNDA:0,(anonymous_7)
FNDA:0,(anonymous_8)
FNDA:0,(anonymous_9)
FNDA:0,(anonymous_10)
FNDA:0,(anonymous_11)
FNDA:0,(anonymous_12)
FNDA:0,(anonymous_13)
FNDA:0,(anonymous_14)
FNDA:0,(anonymous_15)
FNDA:0,(anonymous_16)
FNDA:0,(anonymous_17)
FNDA:0,(anonymous_18)
FNDA:0,(anonymous_19)
FNDA:0,(anonymous_20)
FNDA:0,(anonymous_21)
FNDA:0,(anonymous_22)
FNDA:0,(anonymous_23)
FNDA:0,(anonymous_24)
FNDA:0,(anonymous_25)
FNDA:0,(anonymous_26)
FNDA:0,(anonymous_27)
FNDA:0,(anonymous_28)
FNDA:0,(anonymous_29)
FNDA:0,(anonymous_30)
FNDA:0,(anonymous_31)
FNDA:0,(anonymous_32)
FNDA:0,(anonymous_33)
FNDA:0,(anonymous_34)
FNDA:0,(anonymous_35)
FNDA:0,(anonymous_36)
FNDA:0,(anonymous_37)
FNDA:0,(anonymous_38)
FNDA:0,(anonymous_39)
FNDA:0,(anonymous_40)
FNDA:0,(anonymous_41)
FNDA:0,(anonymous_42)
FNDA:0,(anonymous_43)
FNDA:0,(anonymous_44)
FNDA:0,(anonymous_45)
FNDA:0,(anonymous_46)
FNDA:0,(anonymous_47)
FNDA:0,(anonymous_48)
FNDA:0,(anonymous_49)
FNDA:0,(anonymous_50)
FNDA:0,(anonymous_51)
FNDA:0,(anonymous_52)
FNDA:0,(anonymous_53)
FNDA:0,(anonymous_54)
FNDA:0,(anonymous_55)
FNDA:0,(anonymous_56)
FNDA:0,(anonymous_57)
FNDA:0,(anonymous_58)
FNDA:0,(anonymous_59)
FNDA:0,(anonymous_60)
FNDA:0,(anonymous_61)
FNDA:0,(anonymous_62)
FNDA:0,(anonymous_63)
FNDA:0,(anonymous_64)
FNDA:0,(anonymous_65)
FNDA:0,(anonymous_66)
FNDA:0,(anonymous_67)
FNDA:0,(anonymous_68)
FNDA:0,(anonymous_69)
FNDA:0,(anonymous_70)
FNDA:0,(anonymous_71)
FNDA:0,(anonymous_72)
FNDA:0,(anonymous_73)
FNDA:0,(anonymous_74)
FNDA:0,(anonymous_75)
FNDA:0,(anonymous_76)
FNDA:0,(anonymous_77)
FNDA:0,(anonymous_78)
FNDA:0,(anonymous_79)
FNDA:0,(anonymous_80)
FNDA:0,(anonymous_81)
FNDA:0,(anonymous_82)
FNDA:0,(anonymous_83)
FNDA:0,(anonymous_84)
FNDA:0,(anonymous_85)
FNDA:0,(anonymous_86)
FNDA:0,(anonymous_87)
FNDA:0,(anonymous_88)
FNDA:0,(anonymous_89)
FNDA:0,(anonymous_90)
FNDA:0,(anonymous_91)
FNDA:0,(anonymous_92)
DA:64,0
DA:67,0
DA:68,0
DA:69,0
DA:73,0
DA:76,0
DA:91,0
DA:92,0
DA:93,0
DA:94,0
DA:96,0
DA:101,0
DA:105,0
DA:106,0
DA:116,0
DA:117,0
DA:118,0
DA:119,0
DA:120,0
DA:126,0
DA:127,0
DA:128,0
DA:129,0
DA:131,0
DA:136,0
DA:137,0
DA:138,0
DA:139,0
DA:141,0
DA:146,0
DA:147,0
DA:148,0
DA:149,0
DA:151,0
DA:156,0
DA:157,0
DA:158,0
DA:159,0
DA:161,0
DA:166,0
DA:167,0
DA:168,0
DA:169,0
DA:175,0
DA:180,0
DA:181,0
DA:182,0
DA:183,0
DA:184,0
DA:190,0
DA:195,0
DA:196,0
DA:197,0
DA:198,0
DA:199,0
DA:206,0
DA:212,0
DA:215,0
DA:229,0
DA:233,0
DA:235,0
DA:238,0
DA:244,0
DA:245,0
DA:248,0
DA:251,0
DA:252,0
DA:255,0
DA:256,0
DA:261,0
DA:262,0
DA:264,0
DA:265,0
DA:266,0
DA:267,0
DA:272,0
DA:277,0
DA:280,0
DA:283,0
DA:284,0
DA:287,0
DA:289,0
DA:292,0
DA:296,0
DA:301,0
DA:302,0
DA:303,0
DA:305,0
DA:306,0
DA:307,0
DA:310,0
DA:311,0
DA:315,0
DA:316,0
DA:318,0
DA:319,0
DA:320,0
DA:322,0
DA:329,0
DA:332,0
DA:343,0
DA:347,0
DA:349,0
DA:352,0
DA:353,0
DA:357,0
DA:358,0
DA:361,0
DA:366,0
DA:367,0
DA:368,0
DA:369,0
DA:370,0
DA:375,0
DA:380,0
DA:383,0
DA:384,0
DA:386,0
DA:387,0
DA:388,0
DA:391,0
DA:392,0
DA:393,0
DA:398,0
DA:399,0
DA:402,0
DA:403,0
DA:404,0
DA:407,0
DA:409,0
DA:412,0
DA:417,0
DA:423,0
DA:426,0
DA:435,0
DA:439,0
DA:441,0
DA:444,0
DA:445,0
DA:448,0
DA:451,0
DA:452,0
DA:455,0
DA:456,0
DA:461,0
DA:464,0
DA:467,0
DA:468,0
DA:471,0
DA:473,0
DA:476,0
DA:480,0
DA:485,0
DA:486,0
DA:487,0
DA:488,0
DA:489,0
DA:494,0
DA:499,0
DA:500,0
DA:501,0
DA:502,0
DA:509,0
DA:511,0
DA:514,0
DA:515,0
DA:516,0
DA:517,0
DA:523,0
DA:528,0
DA:529,0
DA:530,0
DA:531,0
DA:533,0
DA:539,0
DA:544,0
DA:545,0
DA:546,0
DA:547,0
DA:548,0
DA:553,0
DA:558,0
DA:560,0
DA:566,0
DA:567,0
DA:568,0
DA:569,0
DA:571,0
DA:573,0
DA:574,0
DA:575,0
DA:578,0
DA:583,0
DA:584,0
DA:585,0
DA:586,0
DA:588,0
DA:590,0
DA:591,0
DA:592,0
DA:595,0
DA:599,0
DA:604,0
LF:203
LH:0
BRDA:68,0,0,0
BRDA:68,0,1,0
BRDA:103,1,0,0
BRDA:103,1,1,0
BRDA:105,2,0,0
BRDA:105,2,1,0
BRDA:117,3,0,0
BRDA:117,3,1,0
BRDA:117,4,0,0
BRDA:117,4,1,0
BRDA:119,5,0,0
BRDA:119,5,1,0
BRDA:184,6,0,0
BRDA:184,6,1,0
BRDA:185,7,0,0
BRDA:185,7,1,0
BRDA:200,8,0,0
BRDA:200,8,1,0
BRDA:201,9,0,0
BRDA:201,9,1,0
BRDA:218,10,0,0
BRDA:218,10,1,0
BRDA:219,11,0,0
BRDA:219,11,1,0
BRDA:224,12,0,0
BRDA:224,12,1,0
BRDA:245,13,0,0
BRDA:245,13,1,0
BRDA:260,14,0,0
BRDA:261,15,0,0
BRDA:261,15,1,0
BRDA:267,16,0,0
BRDA:267,16,1,0
BRDA:268,17,0,0
BRDA:268,17,1,0
BRDA:269,18,0,0
BRDA:269,18,1,0
BRDA:300,19,0,0
BRDA:302,20,0,0
BRDA:302,20,1,0
BRDA:305,21,0,0
BRDA:305,21,1,0
BRDA:307,22,0,0
BRDA:307,22,1,0
BRDA:311,23,0,0
BRDA:311,23,1,0
BRDA:318,24,0,0
BRDA:318,24,1,0
BRDA:320,25,0,0
BRDA:320,25,1,0
BRDA:338,26,0,0
BRDA:338,26,1,0
BRDA:353,27,0,0
BRDA:353,27,1,0
BRDA:370,28,0,0
BRDA:370,28,1,0
BRDA:445,29,0,0
BRDA:445,29,1,0
BRDA:489,30,0,0
BRDA:489,30,1,0
BRDA:502,31,0,0
BRDA:502,31,1,0
BRDA:533,32,0,0
BRDA:533,32,1,0
BRDA:560,33,0,0
BRDA:560,33,1,0
BRDA:569,34,0,0
BRDA:569,34,1,0
BRDA:586,35,0,0
BRDA:586,35,1,0
BRF:70
BRH:0
end_of_record
TN:
SF:src\store\useUIStore.ts
FN:113,(anonymous_0)
FN:114,(anonymous_1)
FN:114,(anonymous_2)
FN:115,(anonymous_3)
FN:120,(anonymous_4)
FN:124,(anonymous_5)
FN:131,(anonymous_6)
FN:136,(anonymous_7)
FN:141,(anonymous_8)
FN:144,(anonymous_9)
FN:145,(anonymous_10)
FN:146,(anonymous_11)
FN:149,(anonymous_12)
FN:155,(anonymous_13)
FN:159,(anonymous_14)
FN:164,(anonymous_15)
FN:168,(anonymous_16)
FN:172,(anonymous_17)
FN:176,(anonymous_18)
FN:182,(anonymous_19)
FN:188,(anonymous_20)
FN:197,(anonymous_21)
FN:200,(anonymous_22)
FN:203,(anonymous_23)
FN:206,(anonymous_24)
FN:209,(anonymous_25)
FN:213,(anonymous_26)
FN:216,(anonymous_27)
FN:222,(anonymous_28)
FN:227,(anonymous_29)
FN:228,(anonymous_30)
FN:229,(anonymous_31)
FN:232,(anonymous_32)
FN:235,(anonymous_33)
FN:238,(anonymous_34)
FN:241,(anonymous_35)
FN:247,(anonymous_36)
FN:253,(anonymous_37)
FN:254,(anonymous_38)
FN:255,(anonymous_39)
FN:262,(anonymous_40)
FN:267,(anonymous_41)
FN:268,(anonymous_42)
FN:276,(anonymous_43)
FN:276,(anonymous_44)
FNF:45
FNH:0
FNDA:0,(anonymous_0)
FNDA:0,(anonymous_1)
FNDA:0,(anonymous_2)
FNDA:0,(anonymous_3)
FNDA:0,(anonymous_4)
FNDA:0,(anonymous_5)
FNDA:0,(anonymous_6)
FNDA:0,(anonymous_7)
FNDA:0,(anonymous_8)
FNDA:0,(anonymous_9)
FNDA:0,(anonymous_10)
FNDA:0,(anonymous_11)
FNDA:0,(anonymous_12)
FNDA:0,(anonymous_13)
FNDA:0,(anonymous_14)
FNDA:0,(anonymous_15)
FNDA:0,(anonymous_16)
FNDA:0,(anonymous_17)
FNDA:0,(anonymous_18)
FNDA:0,(anonymous_19)
FNDA:0,(anonymous_20)
FNDA:0,(anonymous_21)
FNDA:0,(anonymous_22)
FNDA:0,(anonymous_23)
FNDA:0,(anonymous_24)
FNDA:0,(anonymous_25)
FNDA:0,(anonymous_26)
FNDA:0,(anonymous_27)
FNDA:0,(anonymous_28)
FNDA:0,(anonymous_29)
FNDA:0,(anonymous_30)
FNDA:0,(anonymous_31)
FNDA:0,(anonymous_32)
FNDA:0,(anonymous_33)
FNDA:0,(anonymous_34)
FNDA:0,(anonymous_35)
FNDA:0,(anonymous_36)
FNDA:0,(anonymous_37)
FNDA:0,(anonymous_38)
FNDA:0,(anonymous_39)
FNDA:0,(anonymous_40)
FNDA:0,(anonymous_41)
FNDA:0,(anonymous_42)
FNDA:0,(anonymous_43)
FNDA:0,(anonymous_44)
DA:111,0
DA:114,0
DA:115,0
DA:117,0
DA:121,0
DA:122,0
DA:125,0
DA:126,0
DA:131,0
DA:136,0
DA:141,0
DA:144,0
DA:146,0
DA:149,0
DA:155,0
DA:159,0
DA:164,0
DA:168,0
DA:172,0
DA:176,0
DA:183,0
DA:189,0
DA:197,0
DA:200,0
DA:203,0
DA:206,0
DA:209,0
DA:214,0
DA:215,0
DA:216,0
DA:217,0
DA:219,0
DA:221,0
DA:222,0
DA:223,0
DA:228,0
DA:229,0
DA:233,0
DA:236,0
DA:239,0
DA:242,0
DA:247,0
DA:253,0
DA:254,0
DA:256,0
DA:257,0
DA:258,0
DA:260,0
DA:262,0
DA:267,0
DA:268,0
DA:276,0
DA:277,0
DA:278,0
DA:279,0
LF:55
LH:0
BRDA:146,0,0,0
BRDA:146,0,1,0
BRDA:186,1,0,0
BRDA:186,1,1,0
BRDA:221,2,0,0
BRDA:221,2,1,0
BRDA:224,3,0,0
BRDA:224,3,1,0
BRDA:232,4,0,0
BRDA:235,5,0,0
BRDA:238,6,0,0
BRDA:241,7,0,0
BRDA:257,8,0,0
BRDA:257,8,1,0
BRDA:257,9,0,0
BRDA:257,9,1,0
BRDA:277,10,0,0
BRDA:277,10,1,0
BRF:18
BRH:0
end_of_record
TN:
SF:src\utils\canvas.ts
FN:7,snapToGrid
FN:16,generateId
FN:37,getConnectionPath
FN:74,clamp
FN:83,screenToCanvas
FN:99,canvasToScreen
FN:115,colorToHex
FN:127,(anonymous_7)
FN:143,hexToRgba
FNF:9
FNH:0
FNDA:0,snapToGrid
FNDA:0,generateId
FNDA:0,getConnectionPath
FNDA:0,clamp
FNDA:0,screenToCanvas
FNDA:0,canvasToScreen
FNDA:0,colorToHex
FNDA:0,(anonymous_7)
FNDA:0,hexToRgba
DA:8,0
DA:17,0
DA:42,0
DA:46,0
DA:51,0
DA:53,0
DA:56,0
DA:57,0
DA:62,0
DA:63,0
DA:64,0
DA:75,0
DA:90,0
DA:106,0
DA:116,0
DA:117,0
DA:120,0
DA:121,0
DA:122,0
DA:123,0
DA:124,0
DA:125,0
DA:127,0
DA:128,0
DA:130,0
DA:131,0
DA:132,0
DA:134,0
DA:137,0
DA:144,0
DA:146,0
DA:147,0
DA:148,0
DA:150,0
LF:34
LH:0
BRDA:7,0,0,0
BRDA:16,1,0,0
BRDA:51,2,0,0
BRDA:51,2,1,0
BRDA:51,2,2,0
BRDA:51,2,3,0
BRDA:116,3,0,0
BRDA:116,3,1,0
BRDA:121,4,0,0
BRDA:121,4,1,0
BRDA:125,5,0,0
BRDA:125,5,1,0
BRDA:130,6,0,0
BRDA:130,6,1,0
BRDA:143,7,0,0
BRF:15
BRH:0
end_of_record
TN:
SF:src\utils\clearStorage.ts
FN:9,clearAllStorage
FN:31,clearAuthStorage
FN:43,clearCanvasCache
FNF:3
FNH:0
FNDA:0,clearAllStorage
FNDA:0,clearAuthStorage
FNDA:0,clearCanvasCache
DA:1,0
DA:10,0
DA:12,0
DA:13,0
DA:15,0
DA:16,0
DA:23,0
DA:27,0
DA:32,0
DA:34,0
DA:35,0
DA:36,0
DA:37,0
DA:39,0
DA:44,0
DA:46,0
DA:47,0
DA:49,0
DA:50,0
DA:51,0
DA:55,0
LF:21
LH:0
BRDA:10,0,0,0
BRDA:10,0,1,0
BRDA:16,1,0,0
BRDA:16,1,1,0
BRDA:17,2,0,0
BRDA:17,2,1,0
BRDA:17,2,2,0
BRDA:17,2,3,0
BRDA:17,2,4,0
BRDA:32,3,0,0
BRDA:32,3,1,0
BRDA:44,4,0,0
BRDA:44,4,1,0
BRDA:50,5,0,0
BRDA:50,5,1,0
BRF:15
BRH:0
end_of_record
TN:
SF:src\utils\debugLogger.ts
FN:6,(anonymous_0)
FN:10,(anonymous_1)
FN:14,(anonymous_2)
FN:39,(anonymous_3)
FN:43,(anonymous_4)
FN:47,(anonymous_5)
FN:51,(anonymous_6)
FN:55,(anonymous_7)
FN:91,(anonymous_8)
FN:99,(anonymous_9)
FN:101,(anonymous_10)
FN:113,(anonymous_11)
FN:117,(anonymous_12)
FN:121,(anonymous_13)
FNF:14
FNH:0
FNDA:0,(anonymous_0)
FNDA:0,(anonymous_1)
FNDA:0,(anonymous_2)
FNDA:0,(anonymous_3)
FNDA:0,(anonymous_4)
FNDA:0,(anonymous_5)
FNDA:0,(anonymous_6)
FNDA:0,(anonymous_7)
FNDA:0,(anonymous_8)
FNDA:0,(anonymous_9)
FNDA:0,(anonymous_10)
FNDA:0,(anonymous_11)
FNDA:0,(anonymous_12)
FNDA:0,(anonymous_13)
DA:3,0
DA:4,0
DA:7,0
DA:11,0
DA:15,0
DA:16,0
DA:24,0
DA:25,0
DA:27,0
DA:28,0
DA:30,0
DA:31,0
DA:32,0
DA:33,0
DA:35,0
DA:40,0
DA:44,0
DA:48,0
DA:52,0
DA:56,0
DA:58,0
DA:59,0
DA:60,0
DA:63,0
DA:64,0
DA:66,0
DA:77,0
DA:78,0
DA:81,0
DA:82,0
DA:83,0
DA:85,0
DA:86,0
DA:87,0
DA:92,0
DA:93,0
DA:95,0
DA:100,0
DA:101,0
DA:102,0
DA:103,0
DA:104,0
DA:105,0
DA:106,0
DA:107,0
DA:108,0
DA:110,0
DA:114,0
DA:118,0
DA:122,0
DA:123,0
DA:124,0
DA:128,0
LF:53
LH:0
BRDA:11,0,0,0
BRDA:11,0,1,0
BRDA:24,1,0,0
BRDA:24,1,1,0
BRDA:31,2,0,0
BRDA:31,2,1,0
BRDA:55,3,0,0
BRDA:56,4,0,0
BRDA:56,4,1,0
BRDA:58,5,0,0
BRDA:58,5,1,0
BRDA:77,6,0,0
BRDA:77,6,1,0
BRDA:93,7,0,0
BRDA:93,7,1,0
BRF:15
BRH:0
end_of_record
TN:
SF:src\utils\fabric.ts
FN:9,createFabricNode
FN:59,createFabricGroup
FN:112,createFabricDomain
FN:170,createFabricConnection
FN:235,createConnectionPath
FN:269,fabricObjectToNode
FN:292,fabricObjectToGroup
FN:317,getObjectsByType
FN:321,(anonymous_8)
FN:330,clearCanvas
FN:337,addGridBackground
FN:367,updateFabricDomainsEditable
FN:369,(anonymous_12)
FN:383,getFabricDomain
FN:385,(anonymous_14)
FN:391,snapToGridFabric
FN:398,snapDomainToGrid
FNF:17
FNH:0
FNDA:0,createFabricNode
FNDA:0,createFabricGroup
FNDA:0,createFabricDomain
FNDA:0,createFabricConnection
FNDA:0,createConnectionPath
FNDA:0,fabricObjectToNode
FNDA:0,fabricObjectToGroup
FNDA:0,getObjectsByType
FNDA:0,(anonymous_8)
FNDA:0,clearCanvas
FNDA:0,addGridBackground
FNDA:0,updateFabricDomainsEditable
FNDA:0,(anonymous_12)
FNDA:0,getFabricDomain
FNDA:0,(anonymous_14)
FNDA:0,snapToGridFabric
FNDA:0,snapDomainToGrid
DA:4,0
DA:10,0
DA:11,0
DA:25,0
DA:26,0
DA:27,0
DA:39,0
DA:40,0
DA:50,0
DA:53,0
DA:60,0
DA:61,0
DA:79,0
DA:80,0
DA:81,0
DA:94,0
DA:95,0
DA:106,0
DA:113,0
DA:114,0
DA:133,0
DA:134,0
DA:135,0
DA:149,0
DA:150,0
DA:164,0
DA:171,0
DA:172,0
DA:174,0
DA:176,0
DA:180,0
DA:186,0
DA:187,0
DA:188,0
DA:199,0
DA:200,0
DA:201,0
DA:202,0
DA:205,0
DA:209,0
DA:210,0
DA:211,0
DA:223,0
DA:224,0
DA:225,0
DA:226,0
DA:229,0
DA:240,0
DA:244,0
DA:249,0
DA:251,0
DA:252,0
DA:253,0
DA:257,0
DA:258,0
DA:262,0
DA:270,0
DA:271,0
DA:273,0
DA:293,0
DA:294,0
DA:296,0
DA:298,0
DA:321,0
DA:322,0
DA:323,0
DA:331,0
DA:343,0
DA:344,0
DA:346,0
DA:347,0
DA:348,0
DA:356,0
DA:360,0
DA:361,0
DA:368,0
DA:369,0
DA:370,0
DA:377,0
DA:384,0
DA:385,0
DA:392,0
DA:399,0
LF:83
LH:0
BRDA:25,0,0,0
BRDA:25,0,1,0
BRDA:79,1,0,0
BRDA:79,1,1,0
BRDA:112,2,0,0
BRDA:133,3,0,0
BRDA:133,3,1,0
BRDA:133,4,0,0
BRDA:133,4,1,0
BRDA:136,5,0,0
BRDA:136,5,1,0
BRDA:138,6,0,0
BRDA:138,6,1,0
BRDA:152,7,0,0
BRDA:152,7,1,0
BRDA:174,8,0,0
BRDA:174,8,1,0
BRDA:174,9,0,0
BRDA:174,9,1,0
BRDA:186,10,0,0
BRDA:186,10,1,0
BRDA:199,11,0,0
BRDA:199,11,1,0
BRDA:201,12,0,0
BRDA:201,12,1,0
BRDA:223,13,0,0
BRDA:223,13,1,0
BRDA:225,14,0,0
BRDA:225,14,1,0
BRDA:249,15,0,0
BRDA:249,15,1,0
BRDA:249,15,2,0
BRDA:271,16,0,0
BRDA:271,16,1,0
BRDA:271,17,0,0
BRDA:271,17,1,0
BRDA:275,18,0,0
BRDA:275,18,1,0
BRDA:276,19,0,0
BRDA:276,19,1,0
BRDA:277,20,0,0
BRDA:277,20,1,0
BRDA:278,21,0,0
BRDA:278,21,1,0
BRDA:281,22,0,0
BRDA:281,22,1,0
BRDA:294,23,0,0
BRDA:294,23,1,0
BRDA:294,24,0,0
BRDA:294,24,1,0
BRDA:296,25,0,0
BRDA:296,25,1,0
BRDA:301,26,0,0
BRDA:301,26,1,0
BRDA:302,27,0,0
BRDA:302,27,1,0
BRDA:303,28,0,0
BRDA:303,28,1,0
BRDA:304,29,0,0
BRDA:304,29,1,0
BRDA:305,30,0,0
BRDA:305,30,1,0
BRDA:306,31,0,0
BRDA:306,31,1,0
BRDA:307,32,0,0
BRDA:307,32,1,0
BRDA:308,33,0,0
BRDA:308,33,1,0
BRDA:323,34,0,0
BRDA:323,34,1,0
BRDA:339,35,0,0
BRDA:340,36,0,0
BRDA:341,37,0,0
BRDA:346,38,0,0
BRDA:346,38,1,0
BRDA:347,39,0,0
BRDA:347,39,1,0
BRDA:385,40,0,0
BRDA:385,40,1,0
BRDA:385,41,0,0
BRDA:385,41,1,0
BRDA:398,42,0,0
BRF:82
BRH:0
end_of_record
TN:
SF:src\utils\moduleLoader.ts
FN:7,(anonymous_0)
FN:10,(anonymous_1)
FN:16,loadApiModule
FN:26,loadUIStore
FNF:4
FNH:0
FNDA:0,(anonymous_0)
FNDA:0,(anonymous_1)
FNDA:0,loadApiModule
FNDA:0,loadUIStore
DA:7,0
DA:10,0
DA:17,0
DA:18,0
DA:19,0
DA:27,0
DA:28,0
DA:29,0
DA:36,0
LF:9
LH:0
BRF:0
BRH:0
end_of_record
TN:
SF:src\utils\nodeCache.ts
FN:19,saveToCache
FN:42,loadFromCache
FN:72,clearCache
FN:84,hasCache
FN:114,getCacheAge
FN:130,clearAllCaches
FN:133,(anonymous_6)
FN:135,(anonymous_7)
FNF:8
FNH:0
FNDA:0,saveToCache
FNDA:0,loadFromCache
FNDA:0,clearCache
FNDA:0,hasCache
FNDA:0,getCacheAge
FNDA:0,clearAllCaches
FNDA:0,(anonymous_6)
FNDA:0,(anonymous_7)
DA:3,0
DA:4,0
DA:5,0
DA:25,0
DA:26,0
DA:31,0
DA:32,0
DA:43,0
DA:44,0
DA:45,0
DA:46,0
DA:48,0
DA:51,0
DA:52,0
DA:53,0
DA:54,0
DA:58,0
DA:59,0
DA:60,0
DA:63,0
DA:65,0
DA:73,0
DA:74,0
DA:75,0
DA:85,0
DA:86,0
DA:87,0
DA:89,0
DA:90,0
DA:91,0
DA:94,0
DA:95,0
DA:96,0
DA:100,0
DA:101,0
DA:102,0
DA:105,0
DA:107,0
DA:115,0
DA:116,0
DA:117,0
DA:118,0
DA:120,0
DA:121,0
DA:123,0
DA:131,0
DA:132,0
DA:133,0
DA:135,0
DA:136,0
LF:50
LH:0
BRDA:46,0,0,0
BRDA:46,0,1,0
BRDA:52,1,0,0
BRDA:52,1,1,0
BRDA:58,2,0,0
BRDA:58,2,1,0
BRDA:87,3,0,0
BRDA:87,3,1,0
BRDA:94,4,0,0
BRDA:94,4,1,0
BRDA:100,5,0,0
BRDA:100,5,1,0
BRDA:118,6,0,0
BRDA:118,6,1,0
BRF:14
BRH:0
end_of_record
TN:
SF:src\utils\sanitizeHTML.ts
FN:55,sanitizeHTML
FN:61,(anonymous_1)
FN:85,(anonymous_2)
FN:105,(anonymous_3)
FN:126,sanitizeStyle
FN:131,(anonymous_5)
FN:132,(anonymous_6)
FN:154,(anonymous_7)
FN:165,stripHTML
FN:177,containsHTML
FN:187,safeHTML
FNF:11
FNH:0
FNDA:0,sanitizeHTML
FNDA:0,(anonymous_1)
FNDA:0,(anonymous_2)
FNDA:0,(anonymous_3)
FNDA:0,sanitizeStyle
FNDA:0,(anonymous_5)
FNDA:0,(anonymous_6)
FNDA:0,(anonymous_7)
FNDA:0,stripHTML
FNDA:0,containsHTML
FNDA:0,safeHTML
DA:9,0
DA:32,0
DA:42,0
DA:57,0
DA:58,0
DA:61,0
DA:62,0
DA:64,0
DA:67,0
DA:68,0
DA:71,0
DA:73,0
DA:74,0
DA:75,0
DA:77,0
DA:78,0
DA:82,0
DA:83,0
DA:85,0
DA:86,0
DA:89,0
DA:90,0
DA:91,0
DA:93,0
DA:94,0
DA:95,0
DA:97,0
DA:104,0
DA:105,0
DA:106,0
DA:108,0
DA:109,0
DA:115,0
DA:117,0
DA:127,0
DA:129,0
DA:131,0
DA:133,0
DA:135,0
DA:136,0
DA:138,0
DA:139,0
DA:142,0
DA:145,0
DA:154,0
DA:166,0
DA:167,0
DA:168,0
DA:178,0
DA:188,0
DA:189,0
DA:192,0
DA:193,0
DA:196,0
LF:54
LH:0
BRDA:62,0,0,0
BRDA:62,0,1,0
BRDA:67,1,0,0
BRDA:67,1,1,0
BRDA:71,2,0,0
BRDA:71,2,1,0
BRDA:86,3,0,0
BRDA:86,3,1,0
BRDA:89,4,0,0
BRDA:89,4,1,0
BRDA:91,5,0,0
BRDA:91,5,1,0
BRDA:94,6,0,0
BRDA:94,6,1,0
BRDA:108,7,0,0
BRDA:108,7,1,0
BRDA:127,8,0,0
BRDA:127,8,1,0
BRDA:133,9,0,0
BRDA:133,9,1,0
BRDA:136,10,0,0
BRDA:136,10,1,0
BRDA:136,11,0,0
BRDA:136,11,1,0
BRDA:142,12,0,0
BRDA:142,12,1,0
BRDA:168,13,0,0
BRDA:168,13,1,0
BRDA:168,13,2,0
BRDA:188,14,0,0
BRDA:188,14,1,0
BRDA:188,15,0,0
BRDA:188,15,1,0
BRF:33
BRH:0
end_of_record
TN:
SF:src\utils\themeManager.ts
FN:3,getSystemTheme
FN:10,applyTheme
FN:33,initThemeListener
FN:42,(anonymous_3)
FN:58,removeThemeListener
FN:65,(anonymous_5)
FN:83,setupTheme
FNF:7
FNH:0
FNDA:0,getSystemTheme
FNDA:0,applyTheme
FNDA:0,initThemeListener
FNDA:0,(anonymous_3)
FNDA:0,removeThemeListener
FNDA:0,(anonymous_5)
FNDA:0,setupTheme
DA:4,0
DA:5,0
DA:7,0
DA:11,0
DA:12,0
DA:15,0
DA:18,0
DA:19,0
DA:21,0
DA:24,0
DA:25,0
DA:27,0
DA:31,0
DA:34,0
DA:35,0
DA:38,0
DA:40,0
DA:42,0
DA:43,0
DA:44,0
DA:45,0
DA:47,0
DA:51,0
DA:52,0
DA:54,0
DA:59,0
DA:60,0
DA:63,0
DA:65,0
DA:66,0
DA:67,0
DA:68,0
DA:70,0
DA:74,0
DA:75,0
DA:77,0
DA:80,0
DA:84,0
DA:85,0
LF:39
LH:0
BRDA:4,0,0,0
BRDA:4,0,1,0
BRDA:7,1,0,0
BRDA:7,1,1,0
BRDA:11,2,0,0
BRDA:11,2,1,0
BRDA:18,3,0,0
BRDA:18,3,1,0
BRDA:24,4,0,0
BRDA:24,4,1,0
BRDA:34,5,0,0
BRDA:34,5,1,0
BRDA:34,6,0,0
BRDA:34,6,1,0
BRDA:44,7,0,0
BRDA:44,7,1,0
BRDA:51,8,0,0
BRDA:51,8,1,0
BRDA:59,9,0,0
BRDA:59,9,1,0
BRDA:59,10,0,0
BRDA:59,10,1,0
BRDA:67,11,0,0
BRDA:67,11,1,0
BRDA:74,12,0,0
BRDA:74,12,1,0
BRF:26
BRH:0
end_of_record
