{"E:\\我的文档\\工作区\\Vibe Coding\\MindMap\\backend\\src\\controllers\\auth.controller.ts": {"path":"E:\\我的文档\\工作区\\Vibe Coding\\MindMap\\backend\\src\\controllers\\auth.controller.ts","statementMap":{"0":{"start":{"line":11,"column":13},"end":{"line":11,"column":null}},"1":{"start":{"line":14,"column":0},"end":{"line":82,"column":null}},"2":{"start":{"line":15,"column":40},"end":{"line":15,"column":null}},"3":{"start":{"line":18,"column":2},"end":{"line":23,"column":null}},"4":{"start":{"line":19,"column":4},"end":{"line":22,"column":null}},"5":{"start":{"line":26,"column":24},"end":{"line":29,"column":null}},"6":{"start":{"line":30,"column":23},"end":{"line":30,"column":null}},"7":{"start":{"line":32,"column":2},"end":{"line":37,"column":null}},"8":{"start":{"line":33,"column":4},"end":{"line":36,"column":null}},"9":{"start":{"line":40,"column":25},"end":{"line":40,"column":null}},"10":{"start":{"line":43,"column":17},"end":{"line":50,"column":null}},"11":{"start":{"line":52,"column":18},"end":{"line":52,"column":null}},"12":{"start":{"line":55,"column":8},"end":{"line":55,"column":null}},"13":{"start":{"line":56,"column":16},"end":{"line":63,"column":null}},"14":{"start":{"line":66,"column":2},"end":{"line":66,"column":null}},"15":{"start":{"line":68,"column":2},"end":{"line":81,"column":null}},"16":{"start":{"line":85,"column":0},"end":{"line":137,"column":null}},"17":{"start":{"line":86,"column":30},"end":{"line":86,"column":null}},"18":{"start":{"line":89,"column":20},"end":{"line":92,"column":null}},"19":{"start":{"line":93,"column":15},"end":{"line":93,"column":null}},"20":{"start":{"line":95,"column":2},"end":{"line":100,"column":null}},"21":{"start":{"line":96,"column":4},"end":{"line":99,"column":null}},"22":{"start":{"line":103,"column":18},"end":{"line":103,"column":null}},"23":{"start":{"line":105,"column":2},"end":{"line":110,"column":null}},"24":{"start":{"line":106,"column":4},"end":{"line":109,"column":null}},"25":{"start":{"line":113,"column":8},"end":{"line":113,"column":null}},"26":{"start":{"line":114,"column":16},"end":{"line":121,"column":null}},"27":{"start":{"line":123,"column":2},"end":{"line":136,"column":null}},"28":{"start":{"line":140,"column":0},"end":{"line":145,"column":null}},"29":{"start":{"line":141,"column":2},"end":{"line":144,"column":null}},"30":{"start":{"line":148,"column":0},"end":{"line":204,"column":null}},"31":{"start":{"line":149,"column":16},"end":{"line":149,"column":null}},"32":{"start":{"line":151,"column":2},"end":{"line":156,"column":null}},"33":{"start":{"line":152,"column":4},"end":{"line":155,"column":null}},"34":{"start":{"line":158,"column":2},"end":{"line":203,"column":null}},"35":{"start":{"line":159,"column":10},"end":{"line":159,"column":null}},"36":{"start":{"line":160,"column":20},"end":{"line":160,"column":null}},"37":{"start":{"line":162,"column":22},"end":{"line":165,"column":null}},"38":{"start":{"line":166,"column":17},"end":{"line":166,"column":null}},"39":{"start":{"line":168,"column":4},"end":{"line":173,"column":null}},"40":{"start":{"line":169,"column":6},"end":{"line":172,"column":null}},"41":{"start":{"line":175,"column":21},"end":{"line":182,"column":null}},"42":{"start":{"line":184,"column":4},"end":{"line":197,"column":null}},"43":{"start":{"line":199,"column":4},"end":{"line":202,"column":null}}},"fnMap":{"0":{"name":"(anonymous_0)","decl":{"start":{"line":14,"column":57},"end":{"line":14,"column":64}},"loc":{"start":{"line":14,"column":77},"end":{"line":82,"column":1}},"line":14},"1":{"name":"(anonymous_1)","decl":{"start":{"line":85,"column":54},"end":{"line":85,"column":61}},"loc":{"start":{"line":85,"column":74},"end":{"line":137,"column":1}},"line":85},"2":{"name":"(anonymous_2)","decl":{"start":{"line":140,"column":40},"end":{"line":140,"column":47}},"loc":{"start":{"line":140,"column":60},"end":{"line":145,"column":1}},"line":140},"3":{"name":"(anonymous_3)","decl":{"start":{"line":148,"column":56},"end":{"line":148,"column":63}},"loc":{"start":{"line":148,"column":76},"end":{"line":204,"column":1}},"line":148}},"branchMap":{"0":{"loc":{"start":{"line":18,"column":2},"end":{"line":23,"column":null}},"type":"if","locations":[{"start":{"line":18,"column":2},"end":{"line":23,"column":null}},{"start":{},"end":{}}],"line":18},"1":{"loc":{"start":{"line":18,"column":6},"end":{"line":18,"column":27}},"type":"binary-expr","locations":[{"start":{"line":18,"column":6},"end":{"line":18,"column":16}},{"start":{"line":18,"column":16},"end":{"line":18,"column":27}}],"line":18},"2":{"loc":{"start":{"line":32,"column":2},"end":{"line":37,"column":null}},"type":"if","locations":[{"start":{"line":32,"column":2},"end":{"line":37,"column":null}},{"start":{},"end":{}}],"line":32},"3":{"loc":{"start":{"line":48,"column":16},"end":{"line":48,"column":null}},"type":"binary-expr","locations":[{"start":{"line":48,"column":16},"end":{"line":48,"column":28}},{"start":{"line":48,"column":28},"end":{"line":48,"column":null}}],"line":48},"4":{"loc":{"start":{"line":60,"column":17},"end":{"line":60,"column":null}},"type":"binary-expr","locations":[{"start":{"line":60,"column":17},"end":{"line":60,"column":39}},{"start":{"line":60,"column":39},"end":{"line":60,"column":null}}],"line":60},"5":{"loc":{"start":{"line":95,"column":2},"end":{"line":100,"column":null}},"type":"if","locations":[{"start":{"line":95,"column":2},"end":{"line":100,"column":null}},{"start":{},"end":{}}],"line":95},"6":{"loc":{"start":{"line":95,"column":6},"end":{"line":95,"column":31}},"type":"binary-expr","locations":[{"start":{"line":95,"column":6},"end":{"line":95,"column":15}},{"start":{"line":95,"column":15},"end":{"line":95,"column":31}}],"line":95},"7":{"loc":{"start":{"line":105,"column":2},"end":{"line":110,"column":null}},"type":"if","locations":[{"start":{"line":105,"column":2},"end":{"line":110,"column":null}},{"start":{},"end":{}}],"line":105},"8":{"loc":{"start":{"line":118,"column":17},"end":{"line":118,"column":null}},"type":"binary-expr","locations":[{"start":{"line":118,"column":17},"end":{"line":118,"column":39}},{"start":{"line":118,"column":39},"end":{"line":118,"column":null}}],"line":118},"9":{"loc":{"start":{"line":151,"column":2},"end":{"line":156,"column":null}},"type":"if","locations":[{"start":{"line":151,"column":2},"end":{"line":156,"column":null}},{"start":{},"end":{}}],"line":151},"10":{"loc":{"start":{"line":168,"column":4},"end":{"line":173,"column":null}},"type":"if","locations":[{"start":{"line":168,"column":4},"end":{"line":173,"column":null}},{"start":{},"end":{}}],"line":168},"11":{"loc":{"start":{"line":179,"column":19},"end":{"line":179,"column":null}},"type":"binary-expr","locations":[{"start":{"line":179,"column":19},"end":{"line":179,"column":41}},{"start":{"line":179,"column":41},"end":{"line":179,"column":null}}],"line":179}},"s":{"0":0,"1":0,"2":0,"3":0,"4":0,"5":0,"6":0,"7":0,"8":0,"9":0,"10":0,"11":0,"12":0,"13":0,"14":0,"15":0,"16":0,"17":0,"18":0,"19":0,"20":0,"21":0,"22":0,"23":0,"24":0,"25":0,"26":0,"27":0,"28":0,"29":0,"30":0,"31":0,"32":0,"33":0,"34":0,"35":0,"36":0,"37":0,"38":0,"39":0,"40":0,"41":0,"42":0,"43":0},"f":{"0":0,"1":0,"2":0,"3":0},"b":{"0":[0,0],"1":[0,0],"2":[0,0],"3":[0,0],"4":[0,0],"5":[0,0],"6":[0,0],"7":[0,0],"8":[0,0],"9":[0,0],"10":[0,0],"11":[0,0]},"meta":{"lastBranch":12,"lastFunction":4,"lastStatement":44,"seen":{"s:11:13:11:Infinity":0,"s:14:0:82:Infinity":1,"f:14:57:14:64":0,"s:15:40:15:Infinity":2,"b:18:2:23:Infinity:undefined:undefined:undefined:undefined":0,"s:18:2:23:Infinity":3,"b:18:6:18:16:18:16:18:27":1,"s:19:4:22:Infinity":4,"s:26:24:29:Infinity":5,"s:30:23:30:Infinity":6,"b:32:2:37:Infinity:undefined:undefined:undefined:undefined":2,"s:32:2:37:Infinity":7,"s:33:4:36:Infinity":8,"s:40:25:40:Infinity":9,"s:43:17:50:Infinity":10,"b:48:16:48:28:48:28:48:Infinity":3,"s:52:18:52:Infinity":11,"s:55:8:55:Infinity":12,"s:56:16:63:Infinity":13,"b:60:17:60:39:60:39:60:Infinity":4,"s:66:2:66:Infinity":14,"s:68:2:81:Infinity":15,"s:85:0:137:Infinity":16,"f:85:54:85:61":1,"s:86:30:86:Infinity":17,"s:89:20:92:Infinity":18,"s:93:15:93:Infinity":19,"b:95:2:100:Infinity:undefined:undefined:undefined:undefined":5,"s:95:2:100:Infinity":20,"b:95:6:95:15:95:15:95:31":6,"s:96:4:99:Infinity":21,"s:103:18:103:Infinity":22,"b:105:2:110:Infinity:undefined:undefined:undefined:undefined":7,"s:105:2:110:Infinity":23,"s:106:4:109:Infinity":24,"s:113:8:113:Infinity":25,"s:114:16:121:Infinity":26,"b:118:17:118:39:118:39:118:Infinity":8,"s:123:2:136:Infinity":27,"s:140:0:145:Infinity":28,"f:140:40:140:47":2,"s:141:2:144:Infinity":29,"s:148:0:204:Infinity":30,"f:148:56:148:63":3,"s:149:16:149:Infinity":31,"b:151:2:156:Infinity:undefined:undefined:undefined:undefined":9,"s:151:2:156:Infinity":32,"s:152:4:155:Infinity":33,"s:158:2:203:Infinity":34,"s:159:10:159:Infinity":35,"s:160:20:160:Infinity":36,"s:162:22:165:Infinity":37,"s:166:17:166:Infinity":38,"b:168:4:173:Infinity:undefined:undefined:undefined:undefined":10,"s:168:4:173:Infinity":39,"s:169:6:172:Infinity":40,"s:175:21:182:Infinity":41,"b:179:19:179:41:179:41:179:Infinity":11,"s:184:4:197:Infinity":42,"s:199:4:202:Infinity":43}}}
,"E:\\我的文档\\工作区\\Vibe Coding\\MindMap\\backend\\src\\controllers\\canvas.controller.ts": {"path":"E:\\我的文档\\工作区\\Vibe Coding\\MindMap\\backend\\src\\controllers\\canvas.controller.ts","statementMap":{"0":{"start":{"line":10,"column":13},"end":{"line":10,"column":null}},"1":{"start":{"line":14,"column":2},"end":{"line":19,"column":null}},"2":{"start":{"line":15,"column":18},"end":{"line":15,"column":null}},"3":{"start":{"line":16,"column":4},"end":{"line":18,"column":null}},"4":{"start":{"line":17,"column":6},"end":{"line":17,"column":null}},"5":{"start":{"line":20,"column":2},"end":{"line":20,"column":null}},"6":{"start":{"line":24,"column":0},"end":{"line":50,"column":null}},"7":{"start":{"line":25,"column":19},"end":{"line":25,"column":null}},"8":{"start":{"line":26,"column":2},"end":{"line":31,"column":null}},"9":{"start":{"line":27,"column":4},"end":{"line":30,"column":null}},"10":{"start":{"line":33,"column":17},"end":{"line":35,"column":null}},"11":{"start":{"line":37,"column":2},"end":{"line":42,"column":null}},"12":{"start":{"line":38,"column":4},"end":{"line":41,"column":null}},"13":{"start":{"line":44,"column":8},"end":{"line":44,"column":null}},"14":{"start":{"line":46,"column":2},"end":{"line":49,"column":null}},"15":{"start":{"line":53,"column":0},"end":{"line":93,"column":null}},"16":{"start":{"line":54,"column":20},"end":{"line":54,"column":null}},"17":{"start":{"line":55,"column":2},"end":{"line":60,"column":null}},"18":{"start":{"line":56,"column":4},"end":{"line":59,"column":null}},"19":{"start":{"line":62,"column":18},"end":{"line":64,"column":null}},"20":{"start":{"line":66,"column":2},"end":{"line":71,"column":null}},"21":{"start":{"line":67,"column":4},"end":{"line":70,"column":null}},"22":{"start":{"line":73,"column":25},"end":{"line":73,"column":null}},"23":{"start":{"line":75,"column":2},"end":{"line":80,"column":null}},"24":{"start":{"line":76,"column":4},"end":{"line":79,"column":null}},"25":{"start":{"line":82,"column":26},"end":{"line":85,"column":null}},"26":{"start":{"line":84,"column":36},"end":{"line":84,"column":null}},"27":{"start":{"line":87,"column":8},"end":{"line":87,"column":null}},"28":{"start":{"line":89,"column":2},"end":{"line":92,"column":null}},"29":{"start":{"line":96,"column":0},"end":{"line":144,"column":null}},"30":{"start":{"line":97,"column":20},"end":{"line":97,"column":null}},"31":{"start":{"line":98,"column":2},"end":{"line":103,"column":null}},"32":{"start":{"line":99,"column":4},"end":{"line":102,"column":null}},"33":{"start":{"line":105,"column":29},"end":{"line":105,"column":null}},"34":{"start":{"line":107,"column":18},"end":{"line":109,"column":null}},"35":{"start":{"line":111,"column":2},"end":{"line":116,"column":null}},"36":{"start":{"line":112,"column":4},"end":{"line":115,"column":null}},"37":{"start":{"line":118,"column":25},"end":{"line":118,"column":null}},"38":{"start":{"line":120,"column":2},"end":{"line":125,"column":null}},"39":{"start":{"line":121,"column":4},"end":{"line":124,"column":null}},"40":{"start":{"line":127,"column":22},"end":{"line":134,"column":null}},"41":{"start":{"line":136,"column":2},"end":{"line":136,"column":null}},"42":{"start":{"line":138,"column":8},"end":{"line":138,"column":null}},"43":{"start":{"line":140,"column":2},"end":{"line":143,"column":null}},"44":{"start":{"line":147,"column":0},"end":{"line":249,"column":null}},"45":{"start":{"line":148,"column":19},"end":{"line":148,"column":null}},"46":{"start":{"line":149,"column":2},"end":{"line":154,"column":null}},"47":{"start":{"line":150,"column":4},"end":{"line":153,"column":null}},"48":{"start":{"line":156,"column":73},"end":{"line":156,"column":null}},"49":{"start":{"line":158,"column":2},"end":{"line":158,"column":null}},"50":{"start":{"line":160,"column":2},"end":{"line":248,"column":null}},"51":{"start":{"line":161,"column":19},"end":{"line":163,"column":null}},"52":{"start":{"line":165,"column":4},"end":{"line":165,"column":null}},"53":{"start":{"line":167,"column":4},"end":{"line":173,"column":null}},"54":{"start":{"line":168,"column":6},"end":{"line":168,"column":null}},"55":{"start":{"line":169,"column":6},"end":{"line":172,"column":null}},"56":{"start":{"line":176,"column":28},"end":{"line":176,"column":null}},"57":{"start":{"line":178,"column":20},"end":{"line":180,"column":null}},"58":{"start":{"line":182,"column":4},"end":{"line":182,"column":null}},"59":{"start":{"line":184,"column":4},"end":{"line":190,"column":null}},"60":{"start":{"line":185,"column":6},"end":{"line":185,"column":null}},"61":{"start":{"line":186,"column":6},"end":{"line":189,"column":null}},"62":{"start":{"line":192,"column":27},"end":{"line":192,"column":null}},"63":{"start":{"line":194,"column":4},"end":{"line":200,"column":null}},"64":{"start":{"line":195,"column":6},"end":{"line":195,"column":null}},"65":{"start":{"line":196,"column":6},"end":{"line":199,"column":null}},"66":{"start":{"line":202,"column":4},"end":{"line":202,"column":null}},"67":{"start":{"line":204,"column":28},"end":{"line":206,"column":null}},"68":{"start":{"line":208,"column":4},"end":{"line":210,"column":null}},"69":{"start":{"line":209,"column":6},"end":{"line":209,"column":null}},"70":{"start":{"line":211,"column":4},"end":{"line":213,"column":null}},"71":{"start":{"line":212,"column":6},"end":{"line":212,"column":null}},"72":{"start":{"line":214,"column":4},"end":{"line":216,"column":null}},"73":{"start":{"line":215,"column":6},"end":{"line":215,"column":null}},"74":{"start":{"line":217,"column":4},"end":{"line":219,"column":null}},"75":{"start":{"line":218,"column":6},"end":{"line":218,"column":null}},"76":{"start":{"line":220,"column":4},"end":{"line":222,"column":null}},"77":{"start":{"line":221,"column":6},"end":{"line":221,"column":null}},"78":{"start":{"line":223,"column":4},"end":{"line":225,"column":null}},"79":{"start":{"line":224,"column":6},"end":{"line":224,"column":null}},"80":{"start":{"line":227,"column":4},"end":{"line":227,"column":null}},"81":{"start":{"line":229,"column":28},"end":{"line":233,"column":null}},"82":{"start":{"line":235,"column":4},"end":{"line":235,"column":null}},"83":{"start":{"line":237,"column":4},"end":{"line":237,"column":null}},"84":{"start":{"line":239,"column":10},"end":{"line":239,"column":null}},"85":{"start":{"line":241,"column":4},"end":{"line":244,"column":null}},"86":{"start":{"line":246,"column":4},"end":{"line":246,"column":null}},"87":{"start":{"line":247,"column":4},"end":{"line":247,"column":null}},"88":{"start":{"line":252,"column":0},"end":{"line":323,"column":null}},"89":{"start":{"line":253,"column":19},"end":{"line":253,"column":null}},"90":{"start":{"line":254,"column":2},"end":{"line":259,"column":null}},"91":{"start":{"line":255,"column":4},"end":{"line":258,"column":null}},"92":{"start":{"line":261,"column":2},"end":{"line":261,"column":null}},"93":{"start":{"line":263,"column":17},"end":{"line":265,"column":null}},"94":{"start":{"line":267,"column":2},"end":{"line":273,"column":null}},"95":{"start":{"line":268,"column":4},"end":{"line":268,"column":null}},"96":{"start":{"line":269,"column":4},"end":{"line":272,"column":null}},"97":{"start":{"line":276,"column":26},"end":{"line":276,"column":null}},"98":{"start":{"line":278,"column":2},"end":{"line":278,"column":null}},"99":{"start":{"line":280,"column":2},"end":{"line":322,"column":null}},"100":{"start":{"line":281,"column":4},"end":{"line":281,"column":null}},"101":{"start":{"line":283,"column":20},"end":{"line":285,"column":null}},"102":{"start":{"line":287,"column":4},"end":{"line":287,"column":null}},"103":{"start":{"line":289,"column":4},"end":{"line":295,"column":null}},"104":{"start":{"line":290,"column":6},"end":{"line":290,"column":null}},"105":{"start":{"line":291,"column":6},"end":{"line":294,"column":null}},"106":{"start":{"line":297,"column":27},"end":{"line":297,"column":null}},"107":{"start":{"line":299,"column":4},"end":{"line":299,"column":null}},"108":{"start":{"line":301,"column":4},"end":{"line":307,"column":null}},"109":{"start":{"line":302,"column":6},"end":{"line":302,"column":null}},"110":{"start":{"line":303,"column":6},"end":{"line":306,"column":null}},"111":{"start":{"line":309,"column":4},"end":{"line":309,"column":null}},"112":{"start":{"line":311,"column":4},"end":{"line":311,"column":null}},"113":{"start":{"line":313,"column":4},"end":{"line":313,"column":null}},"114":{"start":{"line":315,"column":4},"end":{"line":318,"column":null}},"115":{"start":{"line":320,"column":4},"end":{"line":320,"column":null}},"116":{"start":{"line":321,"column":4},"end":{"line":321,"column":null}},"117":{"start":{"line":326,"column":0},"end":{"line":390,"column":null}},"118":{"start":{"line":327,"column":19},"end":{"line":327,"column":null}},"119":{"start":{"line":328,"column":2},"end":{"line":333,"column":null}},"120":{"start":{"line":329,"column":4},"end":{"line":332,"column":null}},"121":{"start":{"line":335,"column":17},"end":{"line":337,"column":null}},"122":{"start":{"line":339,"column":2},"end":{"line":344,"column":null}},"123":{"start":{"line":340,"column":4},"end":{"line":343,"column":null}},"124":{"start":{"line":347,"column":26},"end":{"line":347,"column":null}},"125":{"start":{"line":349,"column":18},"end":{"line":351,"column":null}},"126":{"start":{"line":353,"column":2},"end":{"line":358,"column":null}},"127":{"start":{"line":354,"column":4},"end":{"line":357,"column":null}},"128":{"start":{"line":360,"column":25},"end":{"line":360,"column":null}},"129":{"start":{"line":362,"column":2},"end":{"line":367,"column":null}},"130":{"start":{"line":363,"column":4},"end":{"line":366,"column":null}},"131":{"start":{"line":369,"column":50},"end":{"line":369,"column":null}},"132":{"start":{"line":371,"column":21},"end":{"line":371,"column":null}},"133":{"start":{"line":372,"column":20},"end":{"line":372,"column":null}},"134":{"start":{"line":373,"column":23},"end":{"line":373,"column":null}},"135":{"start":{"line":373,"column":53},"end":{"line":373,"column":78}},"136":{"start":{"line":374,"column":21},"end":{"line":374,"column":null}},"137":{"start":{"line":376,"column":2},"end":{"line":382,"column":null}},"138":{"start":{"line":384,"column":2},"end":{"line":384,"column":null}},"139":{"start":{"line":386,"column":2},"end":{"line":389,"column":null}},"140":{"start":{"line":393,"column":0},"end":{"line":435,"column":null}},"141":{"start":{"line":397,"column":22},"end":{"line":397,"column":null}},"142":{"start":{"line":398,"column":4},"end":{"line":403,"column":null}},"143":{"start":{"line":399,"column":6},"end":{"line":402,"column":null}},"144":{"start":{"line":405,"column":20},"end":{"line":407,"column":null}},"145":{"start":{"line":409,"column":4},"end":{"line":414,"column":null}},"146":{"start":{"line":410,"column":6},"end":{"line":413,"column":null}},"147":{"start":{"line":416,"column":27},"end":{"line":416,"column":null}},"148":{"start":{"line":418,"column":4},"end":{"line":423,"column":null}},"149":{"start":{"line":419,"column":6},"end":{"line":422,"column":null}},"150":{"start":{"line":425,"column":27},"end":{"line":428,"column":null}},"151":{"start":{"line":427,"column":37},"end":{"line":427,"column":null}},"152":{"start":{"line":430,"column":4},"end":{"line":433,"column":null}},"153":{"start":{"line":438,"column":0},"end":{"line":490,"column":null}},"154":{"start":{"line":442,"column":22},"end":{"line":442,"column":null}},"155":{"start":{"line":443,"column":4},"end":{"line":448,"column":null}},"156":{"start":{"line":444,"column":6},"end":{"line":447,"column":null}},"157":{"start":{"line":450,"column":31},"end":{"line":450,"column":null}},"158":{"start":{"line":452,"column":20},"end":{"line":454,"column":null}},"159":{"start":{"line":456,"column":4},"end":{"line":461,"column":null}},"160":{"start":{"line":457,"column":6},"end":{"line":460,"column":null}},"161":{"start":{"line":463,"column":27},"end":{"line":463,"column":null}},"162":{"start":{"line":465,"column":4},"end":{"line":470,"column":null}},"163":{"start":{"line":466,"column":6},"end":{"line":469,"column":null}},"164":{"start":{"line":472,"column":19},"end":{"line":479,"column":null}},"165":{"start":{"line":481,"column":24},"end":{"line":481,"column":null}},"166":{"start":{"line":483,"column":4},"end":{"line":483,"column":null}},"167":{"start":{"line":485,"column":4},"end":{"line":488,"column":null}},"168":{"start":{"line":493,"column":0},"end":{"line":558,"column":null}},"169":{"start":{"line":497,"column":21},"end":{"line":497,"column":null}},"170":{"start":{"line":498,"column":4},"end":{"line":503,"column":null}},"171":{"start":{"line":499,"column":6},"end":{"line":502,"column":null}},"172":{"start":{"line":505,"column":21},"end":{"line":505,"column":null}},"173":{"start":{"line":507,"column":19},"end":{"line":509,"column":null}},"174":{"start":{"line":511,"column":4},"end":{"line":516,"column":null}},"175":{"start":{"line":512,"column":6},"end":{"line":515,"column":null}},"176":{"start":{"line":519,"column":28},"end":{"line":519,"column":null}},"177":{"start":{"line":521,"column":20},"end":{"line":523,"column":null}},"178":{"start":{"line":525,"column":4},"end":{"line":530,"column":null}},"179":{"start":{"line":526,"column":6},"end":{"line":529,"column":null}},"180":{"start":{"line":532,"column":27},"end":{"line":532,"column":null}},"181":{"start":{"line":534,"column":4},"end":{"line":539,"column":null}},"182":{"start":{"line":535,"column":6},"end":{"line":538,"column":null}},"183":{"start":{"line":541,"column":19},"end":{"line":547,"column":null}},"184":{"start":{"line":549,"column":28},"end":{"line":549,"column":null}},"185":{"start":{"line":551,"column":4},"end":{"line":551,"column":null}},"186":{"start":{"line":553,"column":4},"end":{"line":556,"column":null}},"187":{"start":{"line":561,"column":0},"end":{"line":653,"column":null}},"188":{"start":{"line":565,"column":21},"end":{"line":565,"column":null}},"189":{"start":{"line":566,"column":4},"end":{"line":571,"column":null}},"190":{"start":{"line":567,"column":6},"end":{"line":570,"column":null}},"191":{"start":{"line":573,"column":19},"end":{"line":575,"column":null}},"192":{"start":{"line":577,"column":4},"end":{"line":582,"column":null}},"193":{"start":{"line":578,"column":6},"end":{"line":581,"column":null}},"194":{"start":{"line":585,"column":28},"end":{"line":585,"column":null}},"195":{"start":{"line":587,"column":20},"end":{"line":589,"column":null}},"196":{"start":{"line":591,"column":4},"end":{"line":596,"column":null}},"197":{"start":{"line":592,"column":6},"end":{"line":595,"column":null}},"198":{"start":{"line":598,"column":27},"end":{"line":598,"column":null}},"199":{"start":{"line":600,"column":4},"end":{"line":605,"column":null}},"200":{"start":{"line":601,"column":6},"end":{"line":604,"column":null}},"201":{"start":{"line":608,"column":40},"end":{"line":608,"column":null}},"202":{"start":{"line":611,"column":28},"end":{"line":611,"column":null}},"203":{"start":{"line":612,"column":4},"end":{"line":624,"column":null}},"204":{"start":{"line":613,"column":24},"end":{"line":613,"column":null}},"205":{"start":{"line":614,"column":6},"end":{"line":614,"column":null}},"206":{"start":{"line":617,"column":27},"end":{"line":619,"column":null}},"207":{"start":{"line":621,"column":6},"end":{"line":623,"column":null}},"208":{"start":{"line":622,"column":8},"end":{"line":622,"column":null}},"209":{"start":{"line":626,"column":4},"end":{"line":630,"column":null}},"210":{"start":{"line":633,"column":4},"end":{"line":635,"column":null}},"211":{"start":{"line":634,"column":6},"end":{"line":634,"column":null}},"212":{"start":{"line":639,"column":4},"end":{"line":641,"column":null}},"213":{"start":{"line":639,"column":17},"end":{"line":639,"column":47}},"214":{"start":{"line":640,"column":6},"end":{"line":640,"column":null}},"215":{"start":{"line":643,"column":4},"end":{"line":643,"column":null}},"216":{"start":{"line":645,"column":4},"end":{"line":651,"column":null}}},"fnMap":{"0":{"name":"getProperty","decl":{"start":{"line":13,"column":9},"end":{"line":13,"column":24}},"loc":{"start":{"line":13,"column":68},"end":{"line":21,"column":null}},"line":13},"1":{"name":"(anonymous_1)","decl":{"start":{"line":24,"column":59},"end":{"line":24,"column":66}},"loc":{"start":{"line":24,"column":92},"end":{"line":50,"column":1}},"line":24},"2":{"name":"(anonymous_2)","decl":{"start":{"line":53,"column":59},"end":{"line":53,"column":66}},"loc":{"start":{"line":53,"column":92},"end":{"line":93,"column":1}},"line":53},"3":{"name":"(anonymous_3)","decl":{"start":{"line":84,"column":13},"end":{"line":84,"column":14}},"loc":{"start":{"line":84,"column":36},"end":{"line":84,"column":null}},"line":84},"4":{"name":"(anonymous_4)","decl":{"start":{"line":96,"column":60},"end":{"line":96,"column":67}},"loc":{"start":{"line":96,"column":93},"end":{"line":144,"column":1}},"line":96},"5":{"name":"(anonymous_5)","decl":{"start":{"line":147,"column":52},"end":{"line":147,"column":59}},"loc":{"start":{"line":147,"column":85},"end":{"line":249,"column":1}},"line":147},"6":{"name":"(anonymous_6)","decl":{"start":{"line":252,"column":55},"end":{"line":252,"column":62}},"loc":{"start":{"line":252,"column":88},"end":{"line":323,"column":1}},"line":252},"7":{"name":"(anonymous_7)","decl":{"start":{"line":326,"column":58},"end":{"line":326,"column":65}},"loc":{"start":{"line":326,"column":91},"end":{"line":390,"column":1}},"line":326},"8":{"name":"(anonymous_8)","decl":{"start":{"line":373,"column":45},"end":{"line":373,"column":53}},"loc":{"start":{"line":373,"column":53},"end":{"line":373,"column":78}},"line":373},"9":{"name":"(anonymous_9)","decl":{"start":{"line":396,"column":15},"end":{"line":396,"column":22}},"loc":{"start":{"line":396,"column":48},"end":{"line":434,"column":3}},"line":396},"10":{"name":"(anonymous_10)","decl":{"start":{"line":427,"column":15},"end":{"line":427,"column":16}},"loc":{"start":{"line":427,"column":37},"end":{"line":427,"column":null}},"line":427},"11":{"name":"(anonymous_11)","decl":{"start":{"line":441,"column":15},"end":{"line":441,"column":22}},"loc":{"start":{"line":441,"column":48},"end":{"line":489,"column":3}},"line":441},"12":{"name":"(anonymous_12)","decl":{"start":{"line":496,"column":15},"end":{"line":496,"column":22}},"loc":{"start":{"line":496,"column":48},"end":{"line":557,"column":3}},"line":496},"13":{"name":"(anonymous_13)","decl":{"start":{"line":564,"column":15},"end":{"line":564,"column":22}},"loc":{"start":{"line":564,"column":48},"end":{"line":652,"column":3}},"line":564}},"branchMap":{"0":{"loc":{"start":{"line":16,"column":4},"end":{"line":18,"column":null}},"type":"if","locations":[{"start":{"line":16,"column":4},"end":{"line":18,"column":null}},{"start":{},"end":{}}],"line":16},"1":{"loc":{"start":{"line":26,"column":2},"end":{"line":31,"column":null}},"type":"if","locations":[{"start":{"line":26,"column":2},"end":{"line":31,"column":null}},{"start":{},"end":{}}],"line":26},"2":{"loc":{"start":{"line":37,"column":2},"end":{"line":42,"column":null}},"type":"if","locations":[{"start":{"line":37,"column":2},"end":{"line":42,"column":null}},{"start":{},"end":{}}],"line":37},"3":{"loc":{"start":{"line":55,"column":2},"end":{"line":60,"column":null}},"type":"if","locations":[{"start":{"line":55,"column":2},"end":{"line":60,"column":null}},{"start":{},"end":{}}],"line":55},"4":{"loc":{"start":{"line":66,"column":2},"end":{"line":71,"column":null}},"type":"if","locations":[{"start":{"line":66,"column":2},"end":{"line":71,"column":null}},{"start":{},"end":{}}],"line":66},"5":{"loc":{"start":{"line":73,"column":25},"end":{"line":73,"column":null}},"type":"binary-expr","locations":[{"start":{"line":73,"column":25},"end":{"line":73,"column":72}},{"start":{"line":73,"column":72},"end":{"line":73,"column":null}}],"line":73},"6":{"loc":{"start":{"line":75,"column":2},"end":{"line":80,"column":null}},"type":"if","locations":[{"start":{"line":75,"column":2},"end":{"line":80,"column":null}},{"start":{},"end":{}}],"line":75},"7":{"loc":{"start":{"line":98,"column":2},"end":{"line":103,"column":null}},"type":"if","locations":[{"start":{"line":98,"column":2},"end":{"line":103,"column":null}},{"start":{},"end":{}}],"line":98},"8":{"loc":{"start":{"line":111,"column":2},"end":{"line":116,"column":null}},"type":"if","locations":[{"start":{"line":111,"column":2},"end":{"line":116,"column":null}},{"start":{},"end":{}}],"line":111},"9":{"loc":{"start":{"line":118,"column":25},"end":{"line":118,"column":null}},"type":"binary-expr","locations":[{"start":{"line":118,"column":25},"end":{"line":118,"column":72}},{"start":{"line":118,"column":72},"end":{"line":118,"column":null}}],"line":118},"10":{"loc":{"start":{"line":120,"column":2},"end":{"line":125,"column":null}},"type":"if","locations":[{"start":{"line":120,"column":2},"end":{"line":125,"column":null}},{"start":{},"end":{}}],"line":120},"11":{"loc":{"start":{"line":132,"column":16},"end":{"line":132,"column":null}},"type":"binary-expr","locations":[{"start":{"line":132,"column":16},"end":{"line":132,"column":28}},{"start":{"line":132,"column":28},"end":{"line":132,"column":null}}],"line":132},"12":{"loc":{"start":{"line":149,"column":2},"end":{"line":154,"column":null}},"type":"if","locations":[{"start":{"line":149,"column":2},"end":{"line":154,"column":null}},{"start":{},"end":{}}],"line":149},"13":{"loc":{"start":{"line":165,"column":87},"end":{"line":165,"column":126}},"type":"cond-expr","locations":[{"start":{"line":165,"column":96},"end":{"line":165,"column":121}},{"start":{"line":165,"column":121},"end":{"line":165,"column":126}}],"line":165},"14":{"loc":{"start":{"line":167,"column":4},"end":{"line":173,"column":null}},"type":"if","locations":[{"start":{"line":167,"column":4},"end":{"line":173,"column":null}},{"start":{},"end":{}}],"line":167},"15":{"loc":{"start":{"line":176,"column":28},"end":{"line":176,"column":null}},"type":"binary-expr","locations":[{"start":{"line":176,"column":28},"end":{"line":176,"column":78}},{"start":{"line":176,"column":78},"end":{"line":176,"column":null}}],"line":176},"16":{"loc":{"start":{"line":184,"column":4},"end":{"line":190,"column":null}},"type":"if","locations":[{"start":{"line":184,"column":4},"end":{"line":190,"column":null}},{"start":{},"end":{}}],"line":184},"17":{"loc":{"start":{"line":192,"column":27},"end":{"line":192,"column":null}},"type":"binary-expr","locations":[{"start":{"line":192,"column":27},"end":{"line":192,"column":74}},{"start":{"line":192,"column":74},"end":{"line":192,"column":null}}],"line":192},"18":{"loc":{"start":{"line":194,"column":4},"end":{"line":200,"column":null}},"type":"if","locations":[{"start":{"line":194,"column":4},"end":{"line":200,"column":null}},{"start":{},"end":{}}],"line":194},"19":{"loc":{"start":{"line":208,"column":4},"end":{"line":210,"column":null}},"type":"if","locations":[{"start":{"line":208,"column":4},"end":{"line":210,"column":null}},{"start":{},"end":{}}],"line":208},"20":{"loc":{"start":{"line":211,"column":4},"end":{"line":213,"column":null}},"type":"if","locations":[{"start":{"line":211,"column":4},"end":{"line":213,"column":null}},{"start":{},"end":{}}],"line":211},"21":{"loc":{"start":{"line":214,"column":4},"end":{"line":216,"column":null}},"type":"if","locations":[{"start":{"line":214,"column":4},"end":{"line":216,"column":null}},{"start":{},"end":{}}],"line":214},"22":{"loc":{"start":{"line":217,"column":4},"end":{"line":219,"column":null}},"type":"if","locations":[{"start":{"line":217,"column":4},"end":{"line":219,"column":null}},{"start":{},"end":{}}],"line":217},"23":{"loc":{"start":{"line":220,"column":4},"end":{"line":222,"column":null}},"type":"if","locations":[{"start":{"line":220,"column":4},"end":{"line":222,"column":null}},{"start":{},"end":{}}],"line":220},"24":{"loc":{"start":{"line":223,"column":4},"end":{"line":225,"column":null}},"type":"if","locations":[{"start":{"line":223,"column":4},"end":{"line":225,"column":null}},{"start":{},"end":{}}],"line":223},"25":{"loc":{"start":{"line":246,"column":49},"end":{"line":246,"column":104}},"type":"cond-expr","locations":[{"start":{"line":246,"column":74},"end":{"line":246,"column":90}},{"start":{"line":246,"column":90},"end":{"line":246,"column":104}}],"line":246},"26":{"loc":{"start":{"line":254,"column":2},"end":{"line":259,"column":null}},"type":"if","locations":[{"start":{"line":254,"column":2},"end":{"line":259,"column":null}},{"start":{},"end":{}}],"line":254},"27":{"loc":{"start":{"line":267,"column":2},"end":{"line":273,"column":null}},"type":"if","locations":[{"start":{"line":267,"column":2},"end":{"line":273,"column":null}},{"start":{},"end":{}}],"line":267},"28":{"loc":{"start":{"line":276,"column":26},"end":{"line":276,"column":null}},"type":"binary-expr","locations":[{"start":{"line":276,"column":26},"end":{"line":276,"column":76}},{"start":{"line":276,"column":76},"end":{"line":276,"column":null}}],"line":276},"29":{"loc":{"start":{"line":289,"column":4},"end":{"line":295,"column":null}},"type":"if","locations":[{"start":{"line":289,"column":4},"end":{"line":295,"column":null}},{"start":{},"end":{}}],"line":289},"30":{"loc":{"start":{"line":297,"column":27},"end":{"line":297,"column":null}},"type":"binary-expr","locations":[{"start":{"line":297,"column":27},"end":{"line":297,"column":74}},{"start":{"line":297,"column":74},"end":{"line":297,"column":null}}],"line":297},"31":{"loc":{"start":{"line":301,"column":4},"end":{"line":307,"column":null}},"type":"if","locations":[{"start":{"line":301,"column":4},"end":{"line":307,"column":null}},{"start":{},"end":{}}],"line":301},"32":{"loc":{"start":{"line":320,"column":52},"end":{"line":320,"column":107}},"type":"cond-expr","locations":[{"start":{"line":320,"column":77},"end":{"line":320,"column":93}},{"start":{"line":320,"column":93},"end":{"line":320,"column":107}}],"line":320},"33":{"loc":{"start":{"line":328,"column":2},"end":{"line":333,"column":null}},"type":"if","locations":[{"start":{"line":328,"column":2},"end":{"line":333,"column":null}},{"start":{},"end":{}}],"line":328},"34":{"loc":{"start":{"line":339,"column":2},"end":{"line":344,"column":null}},"type":"if","locations":[{"start":{"line":339,"column":2},"end":{"line":344,"column":null}},{"start":{},"end":{}}],"line":339},"35":{"loc":{"start":{"line":347,"column":26},"end":{"line":347,"column":null}},"type":"binary-expr","locations":[{"start":{"line":347,"column":26},"end":{"line":347,"column":76}},{"start":{"line":347,"column":76},"end":{"line":347,"column":null}}],"line":347},"36":{"loc":{"start":{"line":353,"column":2},"end":{"line":358,"column":null}},"type":"if","locations":[{"start":{"line":353,"column":2},"end":{"line":358,"column":null}},{"start":{},"end":{}}],"line":353},"37":{"loc":{"start":{"line":360,"column":25},"end":{"line":360,"column":null}},"type":"binary-expr","locations":[{"start":{"line":360,"column":25},"end":{"line":360,"column":72}},{"start":{"line":360,"column":72},"end":{"line":360,"column":null}}],"line":360},"38":{"loc":{"start":{"line":362,"column":2},"end":{"line":367,"column":null}},"type":"if","locations":[{"start":{"line":362,"column":2},"end":{"line":367,"column":null}},{"start":{},"end":{}}],"line":362},"39":{"loc":{"start":{"line":398,"column":4},"end":{"line":403,"column":null}},"type":"if","locations":[{"start":{"line":398,"column":4},"end":{"line":403,"column":null}},{"start":{},"end":{}}],"line":398},"40":{"loc":{"start":{"line":409,"column":4},"end":{"line":414,"column":null}},"type":"if","locations":[{"start":{"line":409,"column":4},"end":{"line":414,"column":null}},{"start":{},"end":{}}],"line":409},"41":{"loc":{"start":{"line":416,"column":27},"end":{"line":416,"column":null}},"type":"binary-expr","locations":[{"start":{"line":416,"column":27},"end":{"line":416,"column":74}},{"start":{"line":416,"column":74},"end":{"line":416,"column":null}}],"line":416},"42":{"loc":{"start":{"line":418,"column":4},"end":{"line":423,"column":null}},"type":"if","locations":[{"start":{"line":418,"column":4},"end":{"line":423,"column":null}},{"start":{},"end":{}}],"line":418},"43":{"loc":{"start":{"line":443,"column":4},"end":{"line":448,"column":null}},"type":"if","locations":[{"start":{"line":443,"column":4},"end":{"line":448,"column":null}},{"start":{},"end":{}}],"line":443},"44":{"loc":{"start":{"line":456,"column":4},"end":{"line":461,"column":null}},"type":"if","locations":[{"start":{"line":456,"column":4},"end":{"line":461,"column":null}},{"start":{},"end":{}}],"line":456},"45":{"loc":{"start":{"line":463,"column":27},"end":{"line":463,"column":null}},"type":"binary-expr","locations":[{"start":{"line":463,"column":27},"end":{"line":463,"column":74}},{"start":{"line":463,"column":74},"end":{"line":463,"column":null}}],"line":463},"46":{"loc":{"start":{"line":465,"column":4},"end":{"line":470,"column":null}},"type":"if","locations":[{"start":{"line":465,"column":4},"end":{"line":470,"column":null}},{"start":{},"end":{}}],"line":465},"47":{"loc":{"start":{"line":477,"column":18},"end":{"line":477,"column":null}},"type":"binary-expr","locations":[{"start":{"line":477,"column":18},"end":{"line":477,"column":30}},{"start":{"line":477,"column":30},"end":{"line":477,"column":null}}],"line":477},"48":{"loc":{"start":{"line":481,"column":24},"end":{"line":481,"column":null}},"type":"binary-expr","locations":[{"start":{"line":481,"column":24},"end":{"line":481,"column":34}},{"start":{"line":481,"column":34},"end":{"line":481,"column":null}}],"line":481},"49":{"loc":{"start":{"line":498,"column":4},"end":{"line":503,"column":null}},"type":"if","locations":[{"start":{"line":498,"column":4},"end":{"line":503,"column":null}},{"start":{},"end":{}}],"line":498},"50":{"loc":{"start":{"line":511,"column":4},"end":{"line":516,"column":null}},"type":"if","locations":[{"start":{"line":511,"column":4},"end":{"line":516,"column":null}},{"start":{},"end":{}}],"line":511},"51":{"loc":{"start":{"line":519,"column":28},"end":{"line":519,"column":null}},"type":"binary-expr","locations":[{"start":{"line":519,"column":28},"end":{"line":519,"column":78}},{"start":{"line":519,"column":78},"end":{"line":519,"column":null}}],"line":519},"52":{"loc":{"start":{"line":525,"column":4},"end":{"line":530,"column":null}},"type":"if","locations":[{"start":{"line":525,"column":4},"end":{"line":530,"column":null}},{"start":{},"end":{}}],"line":525},"53":{"loc":{"start":{"line":532,"column":27},"end":{"line":532,"column":null}},"type":"binary-expr","locations":[{"start":{"line":532,"column":27},"end":{"line":532,"column":74}},{"start":{"line":532,"column":74},"end":{"line":532,"column":null}}],"line":532},"54":{"loc":{"start":{"line":534,"column":4},"end":{"line":539,"column":null}},"type":"if","locations":[{"start":{"line":534,"column":4},"end":{"line":539,"column":null}},{"start":{},"end":{}}],"line":534},"55":{"loc":{"start":{"line":544,"column":14},"end":{"line":544,"column":null}},"type":"binary-expr","locations":[{"start":{"line":544,"column":14},"end":{"line":544,"column":22}},{"start":{"line":544,"column":22},"end":{"line":544,"column":null}}],"line":544},"56":{"loc":{"start":{"line":549,"column":28},"end":{"line":549,"column":null}},"type":"binary-expr","locations":[{"start":{"line":549,"column":28},"end":{"line":549,"column":38}},{"start":{"line":549,"column":38},"end":{"line":549,"column":null}}],"line":549},"57":{"loc":{"start":{"line":566,"column":4},"end":{"line":571,"column":null}},"type":"if","locations":[{"start":{"line":566,"column":4},"end":{"line":571,"column":null}},{"start":{},"end":{}}],"line":566},"58":{"loc":{"start":{"line":577,"column":4},"end":{"line":582,"column":null}},"type":"if","locations":[{"start":{"line":577,"column":4},"end":{"line":582,"column":null}},{"start":{},"end":{}}],"line":577},"59":{"loc":{"start":{"line":585,"column":28},"end":{"line":585,"column":null}},"type":"binary-expr","locations":[{"start":{"line":585,"column":28},"end":{"line":585,"column":78}},{"start":{"line":585,"column":78},"end":{"line":585,"column":null}}],"line":585},"60":{"loc":{"start":{"line":591,"column":4},"end":{"line":596,"column":null}},"type":"if","locations":[{"start":{"line":591,"column":4},"end":{"line":596,"column":null}},{"start":{},"end":{}}],"line":591},"61":{"loc":{"start":{"line":598,"column":27},"end":{"line":598,"column":null}},"type":"binary-expr","locations":[{"start":{"line":598,"column":27},"end":{"line":598,"column":74}},{"start":{"line":598,"column":74},"end":{"line":598,"column":null}}],"line":598},"62":{"loc":{"start":{"line":600,"column":4},"end":{"line":605,"column":null}},"type":"if","locations":[{"start":{"line":600,"column":4},"end":{"line":605,"column":null}},{"start":{},"end":{}}],"line":600},"63":{"loc":{"start":{"line":633,"column":4},"end":{"line":635,"column":null}},"type":"if","locations":[{"start":{"line":633,"column":4},"end":{"line":635,"column":null}},{"start":{},"end":{}}],"line":633}},"s":{"0":0,"1":0,"2":0,"3":0,"4":0,"5":0,"6":0,"7":0,"8":0,"9":0,"10":0,"11":0,"12":0,"13":0,"14":0,"15":0,"16":0,"17":0,"18":0,"19":0,"20":0,"21":0,"22":0,"23":0,"24":0,"25":0,"26":0,"27":0,"28":0,"29":0,"30":0,"31":0,"32":0,"33":0,"34":0,"35":0,"36":0,"37":0,"38":0,"39":0,"40":0,"41":0,"42":0,"43":0,"44":0,"45":0,"46":0,"47":0,"48":0,"49":0,"50":0,"51":0,"52":0,"53":0,"54":0,"55":0,"56":0,"57":0,"58":0,"59":0,"60":0,"61":0,"62":0,"63":0,"64":0,"65":0,"66":0,"67":0,"68":0,"69":0,"70":0,"71":0,"72":0,"73":0,"74":0,"75":0,"76":0,"77":0,"78":0,"79":0,"80":0,"81":0,"82":0,"83":0,"84":0,"85":0,"86":0,"87":0,"88":0,"89":0,"90":0,"91":0,"92":0,"93":0,"94":0,"95":0,"96":0,"97":0,"98":0,"99":0,"100":0,"101":0,"102":0,"103":0,"104":0,"105":0,"106":0,"107":0,"108":0,"109":0,"110":0,"111":0,"112":0,"113":0,"114":0,"115":0,"116":0,"117":0,"118":0,"119":0,"120":0,"121":0,"122":0,"123":0,"124":0,"125":0,"126":0,"127":0,"128":0,"129":0,"130":0,"131":0,"132":0,"133":0,"134":0,"135":0,"136":0,"137":0,"138":0,"139":0,"140":0,"141":0,"142":0,"143":0,"144":0,"145":0,"146":0,"147":0,"148":0,"149":0,"150":0,"151":0,"152":0,"153":0,"154":0,"155":0,"156":0,"157":0,"158":0,"159":0,"160":0,"161":0,"162":0,"163":0,"164":0,"165":0,"166":0,"167":0,"168":0,"169":0,"170":0,"171":0,"172":0,"173":0,"174":0,"175":0,"176":0,"177":0,"178":0,"179":0,"180":0,"181":0,"182":0,"183":0,"184":0,"185":0,"186":0,"187":0,"188":0,"189":0,"190":0,"191":0,"192":0,"193":0,"194":0,"195":0,"196":0,"197":0,"198":0,"199":0,"200":0,"201":0,"202":0,"203":0,"204":0,"205":0,"206":0,"207":0,"208":0,"209":0,"210":0,"211":0,"212":0,"213":0,"214":0,"215":0,"216":0},"f":{"0":0,"1":0,"2":0,"3":0,"4":0,"5":0,"6":0,"7":0,"8":0,"9":0,"10":0,"11":0,"12":0,"13":0},"b":{"0":[0,0],"1":[0,0],"2":[0,0],"3":[0,0],"4":[0,0],"5":[0,0],"6":[0,0],"7":[0,0],"8":[0,0],"9":[0,0],"10":[0,0],"11":[0,0],"12":[0,0],"13":[0,0],"14":[0,0],"15":[0,0],"16":[0,0],"17":[0,0],"18":[0,0],"19":[0,0],"20":[0,0],"21":[0,0],"22":[0,0],"23":[0,0],"24":[0,0],"25":[0,0],"26":[0,0],"27":[0,0],"28":[0,0],"29":[0,0],"30":[0,0],"31":[0,0],"32":[0,0],"33":[0,0],"34":[0,0],"35":[0,0],"36":[0,0],"37":[0,0],"38":[0,0],"39":[0,0],"40":[0,0],"41":[0,0],"42":[0,0],"43":[0,0],"44":[0,0],"45":[0,0],"46":[0,0],"47":[0,0],"48":[0,0],"49":[0,0],"50":[0,0],"51":[0,0],"52":[0,0],"53":[0,0],"54":[0,0],"55":[0,0],"56":[0,0],"57":[0,0],"58":[0,0],"59":[0,0],"60":[0,0],"61":[0,0],"62":[0,0],"63":[0,0]},"meta":{"lastBranch":64,"lastFunction":14,"lastStatement":217,"seen":{"s:10:13:10:Infinity":0,"f:13:9:13:24":0,"s:14:2:19:Infinity":1,"s:15:18:15:Infinity":2,"b:16:4:18:Infinity:undefined:undefined:undefined:undefined":0,"s:16:4:18:Infinity":3,"s:17:6:17:Infinity":4,"s:20:2:20:Infinity":5,"s:24:0:50:Infinity":6,"f:24:59:24:66":1,"s:25:19:25:Infinity":7,"b:26:2:31:Infinity:undefined:undefined:undefined:undefined":1,"s:26:2:31:Infinity":8,"s:27:4:30:Infinity":9,"s:33:17:35:Infinity":10,"b:37:2:42:Infinity:undefined:undefined:undefined:undefined":2,"s:37:2:42:Infinity":11,"s:38:4:41:Infinity":12,"s:44:8:44:Infinity":13,"s:46:2:49:Infinity":14,"s:53:0:93:Infinity":15,"f:53:59:53:66":2,"s:54:20:54:Infinity":16,"b:55:2:60:Infinity:undefined:undefined:undefined:undefined":3,"s:55:2:60:Infinity":17,"s:56:4:59:Infinity":18,"s:62:18:64:Infinity":19,"b:66:2:71:Infinity:undefined:undefined:undefined:undefined":4,"s:66:2:71:Infinity":20,"s:67:4:70:Infinity":21,"s:73:25:73:Infinity":22,"b:73:25:73:72:73:72:73:Infinity":5,"b:75:2:80:Infinity:undefined:undefined:undefined:undefined":6,"s:75:2:80:Infinity":23,"s:76:4:79:Infinity":24,"s:82:26:85:Infinity":25,"f:84:13:84:14":3,"s:84:36:84:Infinity":26,"s:87:8:87:Infinity":27,"s:89:2:92:Infinity":28,"s:96:0:144:Infinity":29,"f:96:60:96:67":4,"s:97:20:97:Infinity":30,"b:98:2:103:Infinity:undefined:undefined:undefined:undefined":7,"s:98:2:103:Infinity":31,"s:99:4:102:Infinity":32,"s:105:29:105:Infinity":33,"s:107:18:109:Infinity":34,"b:111:2:116:Infinity:undefined:undefined:undefined:undefined":8,"s:111:2:116:Infinity":35,"s:112:4:115:Infinity":36,"s:118:25:118:Infinity":37,"b:118:25:118:72:118:72:118:Infinity":9,"b:120:2:125:Infinity:undefined:undefined:undefined:undefined":10,"s:120:2:125:Infinity":38,"s:121:4:124:Infinity":39,"s:127:22:134:Infinity":40,"b:132:16:132:28:132:28:132:Infinity":11,"s:136:2:136:Infinity":41,"s:138:8:138:Infinity":42,"s:140:2:143:Infinity":43,"s:147:0:249:Infinity":44,"f:147:52:147:59":5,"s:148:19:148:Infinity":45,"b:149:2:154:Infinity:undefined:undefined:undefined:undefined":12,"s:149:2:154:Infinity":46,"s:150:4:153:Infinity":47,"s:156:73:156:Infinity":48,"s:158:2:158:Infinity":49,"s:160:2:248:Infinity":50,"s:161:19:163:Infinity":51,"s:165:4:165:Infinity":52,"b:165:96:165:121:165:121:165:126":13,"b:167:4:173:Infinity:undefined:undefined:undefined:undefined":14,"s:167:4:173:Infinity":53,"s:168:6:168:Infinity":54,"s:169:6:172:Infinity":55,"s:176:28:176:Infinity":56,"b:176:28:176:78:176:78:176:Infinity":15,"s:178:20:180:Infinity":57,"s:182:4:182:Infinity":58,"b:184:4:190:Infinity:undefined:undefined:undefined:undefined":16,"s:184:4:190:Infinity":59,"s:185:6:185:Infinity":60,"s:186:6:189:Infinity":61,"s:192:27:192:Infinity":62,"b:192:27:192:74:192:74:192:Infinity":17,"b:194:4:200:Infinity:undefined:undefined:undefined:undefined":18,"s:194:4:200:Infinity":63,"s:195:6:195:Infinity":64,"s:196:6:199:Infinity":65,"s:202:4:202:Infinity":66,"s:204:28:206:Infinity":67,"b:208:4:210:Infinity:undefined:undefined:undefined:undefined":19,"s:208:4:210:Infinity":68,"s:209:6:209:Infinity":69,"b:211:4:213:Infinity:undefined:undefined:undefined:undefined":20,"s:211:4:213:Infinity":70,"s:212:6:212:Infinity":71,"b:214:4:216:Infinity:undefined:undefined:undefined:undefined":21,"s:214:4:216:Infinity":72,"s:215:6:215:Infinity":73,"b:217:4:219:Infinity:undefined:undefined:undefined:undefined":22,"s:217:4:219:Infinity":74,"s:218:6:218:Infinity":75,"b:220:4:222:Infinity:undefined:undefined:undefined:undefined":23,"s:220:4:222:Infinity":76,"s:221:6:221:Infinity":77,"b:223:4:225:Infinity:undefined:undefined:undefined:undefined":24,"s:223:4:225:Infinity":78,"s:224:6:224:Infinity":79,"s:227:4:227:Infinity":80,"s:229:28:233:Infinity":81,"s:235:4:235:Infinity":82,"s:237:4:237:Infinity":83,"s:239:10:239:Infinity":84,"s:241:4:244:Infinity":85,"s:246:4:246:Infinity":86,"b:246:74:246:90:246:90:246:104":25,"s:247:4:247:Infinity":87,"s:252:0:323:Infinity":88,"f:252:55:252:62":6,"s:253:19:253:Infinity":89,"b:254:2:259:Infinity:undefined:undefined:undefined:undefined":26,"s:254:2:259:Infinity":90,"s:255:4:258:Infinity":91,"s:261:2:261:Infinity":92,"s:263:17:265:Infinity":93,"b:267:2:273:Infinity:undefined:undefined:undefined:undefined":27,"s:267:2:273:Infinity":94,"s:268:4:268:Infinity":95,"s:269:4:272:Infinity":96,"s:276:26:276:Infinity":97,"b:276:26:276:76:276:76:276:Infinity":28,"s:278:2:278:Infinity":98,"s:280:2:322:Infinity":99,"s:281:4:281:Infinity":100,"s:283:20:285:Infinity":101,"s:287:4:287:Infinity":102,"b:289:4:295:Infinity:undefined:undefined:undefined:undefined":29,"s:289:4:295:Infinity":103,"s:290:6:290:Infinity":104,"s:291:6:294:Infinity":105,"s:297:27:297:Infinity":106,"b:297:27:297:74:297:74:297:Infinity":30,"s:299:4:299:Infinity":107,"b:301:4:307:Infinity:undefined:undefined:undefined:undefined":31,"s:301:4:307:Infinity":108,"s:302:6:302:Infinity":109,"s:303:6:306:Infinity":110,"s:309:4:309:Infinity":111,"s:311:4:311:Infinity":112,"s:313:4:313:Infinity":113,"s:315:4:318:Infinity":114,"s:320:4:320:Infinity":115,"b:320:77:320:93:320:93:320:107":32,"s:321:4:321:Infinity":116,"s:326:0:390:Infinity":117,"f:326:58:326:65":7,"s:327:19:327:Infinity":118,"b:328:2:333:Infinity:undefined:undefined:undefined:undefined":33,"s:328:2:333:Infinity":119,"s:329:4:332:Infinity":120,"s:335:17:337:Infinity":121,"b:339:2:344:Infinity:undefined:undefined:undefined:undefined":34,"s:339:2:344:Infinity":122,"s:340:4:343:Infinity":123,"s:347:26:347:Infinity":124,"b:347:26:347:76:347:76:347:Infinity":35,"s:349:18:351:Infinity":125,"b:353:2:358:Infinity:undefined:undefined:undefined:undefined":36,"s:353:2:358:Infinity":126,"s:354:4:357:Infinity":127,"s:360:25:360:Infinity":128,"b:360:25:360:72:360:72:360:Infinity":37,"b:362:2:367:Infinity:undefined:undefined:undefined:undefined":38,"s:362:2:367:Infinity":129,"s:363:4:366:Infinity":130,"s:369:50:369:Infinity":131,"s:371:21:371:Infinity":132,"s:372:20:372:Infinity":133,"s:373:23:373:Infinity":134,"f:373:45:373:53":8,"s:373:53:373:78":135,"s:374:21:374:Infinity":136,"s:376:2:382:Infinity":137,"s:384:2:384:Infinity":138,"s:386:2:389:Infinity":139,"s:393:0:435:Infinity":140,"f:396:15:396:22":9,"s:397:22:397:Infinity":141,"b:398:4:403:Infinity:undefined:undefined:undefined:undefined":39,"s:398:4:403:Infinity":142,"s:399:6:402:Infinity":143,"s:405:20:407:Infinity":144,"b:409:4:414:Infinity:undefined:undefined:undefined:undefined":40,"s:409:4:414:Infinity":145,"s:410:6:413:Infinity":146,"s:416:27:416:Infinity":147,"b:416:27:416:74:416:74:416:Infinity":41,"b:418:4:423:Infinity:undefined:undefined:undefined:undefined":42,"s:418:4:423:Infinity":148,"s:419:6:422:Infinity":149,"s:425:27:428:Infinity":150,"f:427:15:427:16":10,"s:427:37:427:Infinity":151,"s:430:4:433:Infinity":152,"s:438:0:490:Infinity":153,"f:441:15:441:22":11,"s:442:22:442:Infinity":154,"b:443:4:448:Infinity:undefined:undefined:undefined:undefined":43,"s:443:4:448:Infinity":155,"s:444:6:447:Infinity":156,"s:450:31:450:Infinity":157,"s:452:20:454:Infinity":158,"b:456:4:461:Infinity:undefined:undefined:undefined:undefined":44,"s:456:4:461:Infinity":159,"s:457:6:460:Infinity":160,"s:463:27:463:Infinity":161,"b:463:27:463:74:463:74:463:Infinity":45,"b:465:4:470:Infinity:undefined:undefined:undefined:undefined":46,"s:465:4:470:Infinity":162,"s:466:6:469:Infinity":163,"s:472:19:479:Infinity":164,"b:477:18:477:30:477:30:477:Infinity":47,"s:481:24:481:Infinity":165,"b:481:24:481:34:481:34:481:Infinity":48,"s:483:4:483:Infinity":166,"s:485:4:488:Infinity":167,"s:493:0:558:Infinity":168,"f:496:15:496:22":12,"s:497:21:497:Infinity":169,"b:498:4:503:Infinity:undefined:undefined:undefined:undefined":49,"s:498:4:503:Infinity":170,"s:499:6:502:Infinity":171,"s:505:21:505:Infinity":172,"s:507:19:509:Infinity":173,"b:511:4:516:Infinity:undefined:undefined:undefined:undefined":50,"s:511:4:516:Infinity":174,"s:512:6:515:Infinity":175,"s:519:28:519:Infinity":176,"b:519:28:519:78:519:78:519:Infinity":51,"s:521:20:523:Infinity":177,"b:525:4:530:Infinity:undefined:undefined:undefined:undefined":52,"s:525:4:530:Infinity":178,"s:526:6:529:Infinity":179,"s:532:27:532:Infinity":180,"b:532:27:532:74:532:74:532:Infinity":53,"b:534:4:539:Infinity:undefined:undefined:undefined:undefined":54,"s:534:4:539:Infinity":181,"s:535:6:538:Infinity":182,"s:541:19:547:Infinity":183,"b:544:14:544:22:544:22:544:Infinity":55,"s:549:28:549:Infinity":184,"b:549:28:549:38:549:38:549:Infinity":56,"s:551:4:551:Infinity":185,"s:553:4:556:Infinity":186,"s:561:0:653:Infinity":187,"f:564:15:564:22":13,"s:565:21:565:Infinity":188,"b:566:4:571:Infinity:undefined:undefined:undefined:undefined":57,"s:566:4:571:Infinity":189,"s:567:6:570:Infinity":190,"s:573:19:575:Infinity":191,"b:577:4:582:Infinity:undefined:undefined:undefined:undefined":58,"s:577:4:582:Infinity":192,"s:578:6:581:Infinity":193,"s:585:28:585:Infinity":194,"b:585:28:585:78:585:78:585:Infinity":59,"s:587:20:589:Infinity":195,"b:591:4:596:Infinity:undefined:undefined:undefined:undefined":60,"s:591:4:596:Infinity":196,"s:592:6:595:Infinity":197,"s:598:27:598:Infinity":198,"b:598:27:598:74:598:74:598:Infinity":61,"b:600:4:605:Infinity:undefined:undefined:undefined:undefined":62,"s:600:4:605:Infinity":199,"s:601:6:604:Infinity":200,"s:608:40:608:Infinity":201,"s:611:28:611:Infinity":202,"s:612:4:624:Infinity":203,"s:613:24:613:Infinity":204,"s:614:6:614:Infinity":205,"s:617:27:619:Infinity":206,"s:621:6:623:Infinity":207,"s:622:8:622:Infinity":208,"s:626:4:630:Infinity":209,"b:633:4:635:Infinity:undefined:undefined:undefined:undefined":63,"s:633:4:635:Infinity":210,"s:634:6:634:Infinity":211,"s:639:4:641:Infinity":212,"s:639:17:639:47":213,"s:640:6:640:Infinity":214,"s:643:4:643:Infinity":215,"s:645:4:651:Infinity":216}}}
,"E:\\我的文档\\工作区\\Vibe Coding\\MindMap\\backend\\src\\controllers\\log.routes.ts": {"path":"E:\\我的文档\\工作区\\Vibe Coding\\MindMap\\backend\\src\\controllers\\log.routes.ts","statementMap":{"0":{"start":{"line":4,"column":6},"end":{"line":4,"column":null}},"1":{"start":{"line":6,"column":0},"end":{"line":6,"column":null}},"2":{"start":{"line":7,"column":0},"end":{"line":7,"column":null}},"3":{"start":{"line":8,"column":0},"end":{"line":8,"column":null}},"4":{"start":{"line":10,"column":25},"end":{"line":10,"column":null}}},"fnMap":{},"branchMap":{},"s":{"0":0,"1":0,"2":0,"3":0,"4":0},"f":{},"b":{},"meta":{"lastBranch":0,"lastFunction":0,"lastStatement":5,"seen":{"s:4:6:4:Infinity":0,"s:6:0:6:Infinity":1,"s:7:0:7:Infinity":2,"s:8:0:8:Infinity":3,"s:10:25:10:Infinity":4}}}
,"E:\\我的文档\\工作区\\Vibe Coding\\MindMap\\backend\\src\\controllers\\logger.controller.ts": {"path":"E:\\我的文档\\工作区\\Vibe Coding\\MindMap\\backend\\src\\controllers\\logger.controller.ts","statementMap":{"0":{"start":{"line":6,"column":17},"end":{"line":6,"column":null}},"1":{"start":{"line":8,"column":0},"end":{"line":10,"column":null}},"2":{"start":{"line":9,"column":2},"end":{"line":9,"column":null}},"3":{"start":{"line":19,"column":24},"end":{"line":56,"column":null}},"4":{"start":{"line":20,"column":2},"end":{"line":55,"column":null}},"5":{"start":{"line":21,"column":4},"end":{"line":54,"column":null}},"6":{"start":{"line":22,"column":33},"end":{"line":22,"column":null}},"7":{"start":{"line":24,"column":26},"end":{"line":24,"column":null}},"8":{"start":{"line":25,"column":26},"end":{"line":25,"column":null}},"9":{"start":{"line":27,"column":6},"end":{"line":49,"column":null}},"10":{"start":{"line":28,"column":25},"end":{"line":36,"column":null}},"11":{"start":{"line":29,"column":27},"end":{"line":34,"column":null}},"12":{"start":{"line":35,"column":10},"end":{"line":35,"column":null}},"13":{"start":{"line":38,"column":8},"end":{"line":38,"column":null}},"14":{"start":{"line":40,"column":52},"end":{"line":40,"column":null}},"15":{"start":{"line":41,"column":25},"end":{"line":46,"column":null}},"16":{"start":{"line":47,"column":24},"end":{"line":47,"column":null}},"17":{"start":{"line":48,"column":8},"end":{"line":48,"column":null}},"18":{"start":{"line":51,"column":6},"end":{"line":51,"column":null}},"19":{"start":{"line":53,"column":6},"end":{"line":53,"column":null}},"20":{"start":{"line":58,"column":23},"end":{"line":77,"column":null}},"21":{"start":{"line":59,"column":2},"end":{"line":76,"column":null}},"22":{"start":{"line":60,"column":4},"end":{"line":75,"column":null}},"23":{"start":{"line":61,"column":27},"end":{"line":61,"column":null}},"24":{"start":{"line":62,"column":26},"end":{"line":62,"column":null}},"25":{"start":{"line":63,"column":26},"end":{"line":63,"column":null}},"26":{"start":{"line":65,"column":6},"end":{"line":67,"column":null}},"27":{"start":{"line":66,"column":8},"end":{"line":66,"column":null}},"28":{"start":{"line":69,"column":25},"end":{"line":69,"column":null}},"29":{"start":{"line":70,"column":19},"end":{"line":70,"column":null}},"30":{"start":{"line":70,"column":57},"end":{"line":70,"column":68}},"31":{"start":{"line":70,"column":82},"end":{"line":70,"column":98}},"32":{"start":{"line":72,"column":6},"end":{"line":72,"column":null}},"33":{"start":{"line":74,"column":6},"end":{"line":74,"column":null}},"34":{"start":{"line":79,"column":25},"end":{"line":95,"column":null}},"35":{"start":{"line":80,"column":2},"end":{"line":94,"column":null}},"36":{"start":{"line":81,"column":4},"end":{"line":93,"column":null}},"37":{"start":{"line":82,"column":27},"end":{"line":82,"column":null}},"38":{"start":{"line":83,"column":26},"end":{"line":83,"column":null}},"39":{"start":{"line":84,"column":26},"end":{"line":84,"column":null}},"40":{"start":{"line":86,"column":6},"end":{"line":88,"column":null}},"41":{"start":{"line":87,"column":8},"end":{"line":87,"column":null}},"42":{"start":{"line":90,"column":6},"end":{"line":90,"column":null}},"43":{"start":{"line":92,"column":6},"end":{"line":92,"column":null}}},"fnMap":{"0":{"name":"(anonymous_0)","decl":{"start":{"line":19,"column":24},"end":{"line":19,"column":31}},"loc":{"start":{"line":19,"column":63},"end":{"line":56,"column":null}},"line":19},"1":{"name":"(anonymous_1)","decl":{"start":{"line":20,"column":25},"end":{"line":20,"column":37}},"loc":{"start":{"line":20,"column":37},"end":{"line":55,"column":3}},"line":20},"2":{"name":"(anonymous_2)","decl":{"start":{"line":28,"column":34},"end":{"line":28,"column":35}},"loc":{"start":{"line":28,"column":53},"end":{"line":36,"column":9}},"line":28},"3":{"name":"(anonymous_3)","decl":{"start":{"line":58,"column":23},"end":{"line":58,"column":30}},"loc":{"start":{"line":58,"column":62},"end":{"line":77,"column":null}},"line":58},"4":{"name":"(anonymous_4)","decl":{"start":{"line":59,"column":25},"end":{"line":59,"column":37}},"loc":{"start":{"line":59,"column":37},"end":{"line":76,"column":3}},"line":59},"5":{"name":"(anonymous_5)","decl":{"start":{"line":70,"column":49},"end":{"line":70,"column":57}},"loc":{"start":{"line":70,"column":57},"end":{"line":70,"column":68}},"line":70},"6":{"name":"(anonymous_6)","decl":{"start":{"line":70,"column":74},"end":{"line":70,"column":82}},"loc":{"start":{"line":70,"column":82},"end":{"line":70,"column":98}},"line":70},"7":{"name":"(anonymous_7)","decl":{"start":{"line":79,"column":25},"end":{"line":79,"column":32}},"loc":{"start":{"line":79,"column":64},"end":{"line":95,"column":null}},"line":79},"8":{"name":"(anonymous_8)","decl":{"start":{"line":80,"column":25},"end":{"line":80,"column":37}},"loc":{"start":{"line":80,"column":37},"end":{"line":94,"column":3}},"line":80}},"branchMap":{"0":{"loc":{"start":{"line":8,"column":0},"end":{"line":10,"column":null}},"type":"if","locations":[{"start":{"line":8,"column":0},"end":{"line":10,"column":null}},{"start":{},"end":{}}],"line":8},"1":{"loc":{"start":{"line":24,"column":29},"end":{"line":24,"column":50}},"type":"binary-expr","locations":[{"start":{"line":24,"column":29},"end":{"line":24,"column":41}},{"start":{"line":24,"column":41},"end":{"line":24,"column":50}}],"line":24},"2":{"loc":{"start":{"line":27,"column":6},"end":{"line":49,"column":null}},"type":"if","locations":[{"start":{"line":27,"column":6},"end":{"line":49,"column":null}},{"start":{"line":39,"column":13},"end":{"line":49,"column":null}}],"line":27},"3":{"loc":{"start":{"line":30,"column":23},"end":{"line":30,"column":null}},"type":"binary-expr","locations":[{"start":{"line":30,"column":23},"end":{"line":30,"column":40}},{"start":{"line":30,"column":27},"end":{"line":30,"column":null}}],"line":30},"4":{"loc":{"start":{"line":31,"column":19},"end":{"line":31,"column":null}},"type":"binary-expr","locations":[{"start":{"line":31,"column":19},"end":{"line":31,"column":32}},{"start":{"line":31,"column":32},"end":{"line":31,"column":null}}],"line":31},"5":{"loc":{"start":{"line":42,"column":21},"end":{"line":42,"column":null}},"type":"binary-expr","locations":[{"start":{"line":42,"column":21},"end":{"line":42,"column":34}},{"start":{"line":42,"column":21},"end":{"line":42,"column":null}}],"line":42},"6":{"loc":{"start":{"line":43,"column":17},"end":{"line":43,"column":null}},"type":"binary-expr","locations":[{"start":{"line":43,"column":17},"end":{"line":43,"column":26}},{"start":{"line":43,"column":26},"end":{"line":43,"column":null}}],"line":43},"7":{"loc":{"start":{"line":62,"column":29},"end":{"line":62,"column":50}},"type":"binary-expr","locations":[{"start":{"line":62,"column":29},"end":{"line":62,"column":41}},{"start":{"line":62,"column":41},"end":{"line":62,"column":50}}],"line":62},"8":{"loc":{"start":{"line":65,"column":6},"end":{"line":67,"column":null}},"type":"if","locations":[{"start":{"line":65,"column":6},"end":{"line":67,"column":null}},{"start":{},"end":{}}],"line":65},"9":{"loc":{"start":{"line":83,"column":29},"end":{"line":83,"column":50}},"type":"binary-expr","locations":[{"start":{"line":83,"column":29},"end":{"line":83,"column":41}},{"start":{"line":83,"column":41},"end":{"line":83,"column":50}}],"line":83},"10":{"loc":{"start":{"line":86,"column":6},"end":{"line":88,"column":null}},"type":"if","locations":[{"start":{"line":86,"column":6},"end":{"line":88,"column":null}},{"start":{},"end":{}}],"line":86}},"s":{"0":0,"1":0,"2":0,"3":0,"4":0,"5":0,"6":0,"7":0,"8":0,"9":0,"10":0,"11":0,"12":0,"13":0,"14":0,"15":0,"16":0,"17":0,"18":0,"19":0,"20":0,"21":0,"22":0,"23":0,"24":0,"25":0,"26":0,"27":0,"28":0,"29":0,"30":0,"31":0,"32":0,"33":0,"34":0,"35":0,"36":0,"37":0,"38":0,"39":0,"40":0,"41":0,"42":0,"43":0},"f":{"0":0,"1":0,"2":0,"3":0,"4":0,"5":0,"6":0,"7":0,"8":0},"b":{"0":[0,0],"1":[0,0],"2":[0,0],"3":[0,0],"4":[0,0],"5":[0,0],"6":[0,0],"7":[0,0],"8":[0,0],"9":[0,0],"10":[0,0]},"meta":{"lastBranch":11,"lastFunction":9,"lastStatement":44,"seen":{"s:6:17:6:Infinity":0,"b:8:0:10:Infinity:undefined:undefined:undefined:undefined":0,"s:8:0:10:Infinity":1,"s:9:2:9:Infinity":2,"s:19:24:56:Infinity":3,"f:19:24:19:31":0,"s:20:2:55:Infinity":4,"f:20:25:20:37":1,"s:21:4:54:Infinity":5,"s:22:33:22:Infinity":6,"s:24:26:24:Infinity":7,"b:24:29:24:41:24:41:24:50":1,"s:25:26:25:Infinity":8,"b:27:6:49:Infinity:39:13:49:Infinity":2,"s:27:6:49:Infinity":9,"s:28:25:36:Infinity":10,"f:28:34:28:35":2,"s:29:27:34:Infinity":11,"b:30:23:30:40:30:27:30:Infinity":3,"b:31:19:31:32:31:32:31:Infinity":4,"s:35:10:35:Infinity":12,"s:38:8:38:Infinity":13,"s:40:52:40:Infinity":14,"s:41:25:46:Infinity":15,"b:42:21:42:34:42:21:42:Infinity":5,"b:43:17:43:26:43:26:43:Infinity":6,"s:47:24:47:Infinity":16,"s:48:8:48:Infinity":17,"s:51:6:51:Infinity":18,"s:53:6:53:Infinity":19,"s:58:23:77:Infinity":20,"f:58:23:58:30":3,"s:59:2:76:Infinity":21,"f:59:25:59:37":4,"s:60:4:75:Infinity":22,"s:61:27:61:Infinity":23,"s:62:26:62:Infinity":24,"b:62:29:62:41:62:41:62:50":7,"s:63:26:63:Infinity":25,"b:65:6:67:Infinity:undefined:undefined:undefined:undefined":8,"s:65:6:67:Infinity":26,"s:66:8:66:Infinity":27,"s:69:25:69:Infinity":28,"s:70:19:70:Infinity":29,"f:70:49:70:57":5,"s:70:57:70:68":30,"f:70:74:70:82":6,"s:70:82:70:98":31,"s:72:6:72:Infinity":32,"s:74:6:74:Infinity":33,"s:79:25:95:Infinity":34,"f:79:25:79:32":7,"s:80:2:94:Infinity":35,"f:80:25:80:37":8,"s:81:4:93:Infinity":36,"s:82:27:82:Infinity":37,"s:83:26:83:Infinity":38,"b:83:29:83:41:83:41:83:50":9,"s:84:26:84:Infinity":39,"b:86:6:88:Infinity:undefined:undefined:undefined:undefined":10,"s:86:6:88:Infinity":40,"s:87:8:87:Infinity":41,"s:90:6:90:Infinity":42,"s:92:6:92:Infinity":43}}}
,"E:\\我的文档\\工作区\\Vibe Coding\\MindMap\\backend\\src\\controllers\\project.controller.ts": {"path":"E:\\我的文档\\工作区\\Vibe Coding\\MindMap\\backend\\src\\controllers\\project.controller.ts","statementMap":{"0":{"start":{"line":9,"column":13},"end":{"line":9,"column":null}},"1":{"start":{"line":12,"column":0},"end":{"line":25,"column":null}},"2":{"start":{"line":13,"column":23},"end":{"line":16,"column":null}},"3":{"start":{"line":15,"column":37},"end":{"line":15,"column":null}},"4":{"start":{"line":19,"column":8},"end":{"line":19,"column":null}},"5":{"start":{"line":21,"column":2},"end":{"line":24,"column":null}},"6":{"start":{"line":28,"column":0},"end":{"line":55,"column":null}},"7":{"start":{"line":29,"column":20},"end":{"line":29,"column":null}},"8":{"start":{"line":30,"column":2},"end":{"line":35,"column":null}},"9":{"start":{"line":31,"column":4},"end":{"line":34,"column":null}},"10":{"start":{"line":37,"column":18},"end":{"line":39,"column":null}},"11":{"start":{"line":41,"column":2},"end":{"line":46,"column":null}},"12":{"start":{"line":42,"column":4},"end":{"line":45,"column":null}},"13":{"start":{"line":49,"column":8},"end":{"line":49,"column":null}},"14":{"start":{"line":51,"column":2},"end":{"line":54,"column":null}},"15":{"start":{"line":58,"column":0},"end":{"line":80,"column":null}},"16":{"start":{"line":59,"column":43},"end":{"line":59,"column":null}},"17":{"start":{"line":61,"column":23},"end":{"line":69,"column":null}},"18":{"start":{"line":71,"column":2},"end":{"line":71,"column":null}},"19":{"start":{"line":74,"column":8},"end":{"line":74,"column":null}},"20":{"start":{"line":76,"column":2},"end":{"line":79,"column":null}},"21":{"start":{"line":83,"column":0},"end":{"line":128,"column":null}},"22":{"start":{"line":84,"column":20},"end":{"line":84,"column":null}},"23":{"start":{"line":85,"column":2},"end":{"line":90,"column":null}},"24":{"start":{"line":86,"column":4},"end":{"line":89,"column":null}},"25":{"start":{"line":92,"column":43},"end":{"line":92,"column":null}},"26":{"start":{"line":95,"column":18},"end":{"line":97,"column":null}},"27":{"start":{"line":99,"column":25},"end":{"line":99,"column":null}},"28":{"start":{"line":101,"column":2},"end":{"line":106,"column":null}},"29":{"start":{"line":102,"column":4},"end":{"line":105,"column":null}},"30":{"start":{"line":108,"column":27},"end":{"line":117,"column":null}},"31":{"start":{"line":119,"column":2},"end":{"line":119,"column":null}},"32":{"start":{"line":122,"column":8},"end":{"line":122,"column":null}},"33":{"start":{"line":124,"column":2},"end":{"line":127,"column":null}},"34":{"start":{"line":131,"column":0},"end":{"line":170,"column":null}},"35":{"start":{"line":132,"column":20},"end":{"line":132,"column":null}},"36":{"start":{"line":133,"column":2},"end":{"line":138,"column":null}},"37":{"start":{"line":134,"column":4},"end":{"line":137,"column":null}},"38":{"start":{"line":141,"column":18},"end":{"line":143,"column":null}},"39":{"start":{"line":145,"column":2},"end":{"line":150,"column":null}},"40":{"start":{"line":146,"column":4},"end":{"line":149,"column":null}},"41":{"start":{"line":153,"column":25},"end":{"line":153,"column":null}},"42":{"start":{"line":155,"column":2},"end":{"line":160,"column":null}},"43":{"start":{"line":156,"column":4},"end":{"line":159,"column":null}},"44":{"start":{"line":162,"column":2},"end":{"line":162,"column":null}},"45":{"start":{"line":164,"column":2},"end":{"line":164,"column":null}},"46":{"start":{"line":166,"column":2},"end":{"line":169,"column":null}},"47":{"start":{"line":173,"column":0},"end":{"line":217,"column":null}},"48":{"start":{"line":177,"column":22},"end":{"line":177,"column":null}},"49":{"start":{"line":178,"column":4},"end":{"line":183,"column":null}},"50":{"start":{"line":179,"column":6},"end":{"line":182,"column":null}},"51":{"start":{"line":185,"column":29},"end":{"line":185,"column":null}},"52":{"start":{"line":188,"column":20},"end":{"line":190,"column":null}},"53":{"start":{"line":192,"column":27},"end":{"line":192,"column":null}},"54":{"start":{"line":194,"column":4},"end":{"line":199,"column":null}},"55":{"start":{"line":195,"column":6},"end":{"line":198,"column":null}},"56":{"start":{"line":201,"column":24},"end":{"line":208,"column":null}},"57":{"start":{"line":210,"column":4},"end":{"line":210,"column":null}},"58":{"start":{"line":212,"column":4},"end":{"line":215,"column":null}},"59":{"start":{"line":220,"column":0},"end":{"line":269,"column":null}},"60":{"start":{"line":224,"column":22},"end":{"line":224,"column":null}},"61":{"start":{"line":225,"column":19},"end":{"line":225,"column":null}},"62":{"start":{"line":226,"column":4},"end":{"line":231,"column":null}},"63":{"start":{"line":227,"column":6},"end":{"line":230,"column":null}},"64":{"start":{"line":232,"column":4},"end":{"line":237,"column":null}},"65":{"start":{"line":233,"column":6},"end":{"line":236,"column":null}},"66":{"start":{"line":240,"column":20},"end":{"line":242,"column":null}},"67":{"start":{"line":244,"column":27},"end":{"line":244,"column":null}},"68":{"start":{"line":246,"column":4},"end":{"line":251,"column":null}},"69":{"start":{"line":247,"column":6},"end":{"line":250,"column":null}},"70":{"start":{"line":253,"column":4},"end":{"line":260,"column":null}},"71":{"start":{"line":262,"column":4},"end":{"line":262,"column":null}},"72":{"start":{"line":264,"column":4},"end":{"line":267,"column":null}},"73":{"start":{"line":272,"column":0},"end":{"line":309,"column":null}},"74":{"start":{"line":276,"column":22},"end":{"line":276,"column":null}},"75":{"start":{"line":277,"column":4},"end":{"line":282,"column":null}},"76":{"start":{"line":278,"column":6},"end":{"line":281,"column":null}},"77":{"start":{"line":285,"column":20},"end":{"line":287,"column":null}},"78":{"start":{"line":289,"column":4},"end":{"line":294,"column":null}},"79":{"start":{"line":290,"column":6},"end":{"line":293,"column":null}},"80":{"start":{"line":296,"column":18},"end":{"line":299,"column":null}},"81":{"start":{"line":298,"column":40},"end":{"line":298,"column":null}},"82":{"start":{"line":302,"column":10},"end":{"line":302,"column":null}},"83":{"start":{"line":304,"column":4},"end":{"line":307,"column":null}},"84":{"start":{"line":312,"column":0},"end":{"line":362,"column":null}},"85":{"start":{"line":316,"column":22},"end":{"line":316,"column":null}},"86":{"start":{"line":317,"column":4},"end":{"line":322,"column":null}},"87":{"start":{"line":318,"column":6},"end":{"line":321,"column":null}},"88":{"start":{"line":324,"column":60},"end":{"line":324,"column":null}},"89":{"start":{"line":327,"column":20},"end":{"line":329,"column":null}},"90":{"start":{"line":331,"column":4},"end":{"line":336,"column":null}},"91":{"start":{"line":332,"column":6},"end":{"line":335,"column":null}},"92":{"start":{"line":338,"column":22},"end":{"line":350,"column":null}},"93":{"start":{"line":352,"column":4},"end":{"line":352,"column":null}},"94":{"start":{"line":355,"column":10},"end":{"line":355,"column":null}},"95":{"start":{"line":357,"column":4},"end":{"line":360,"column":null}},"96":{"start":{"line":365,"column":0},"end":{"line":398,"column":null}},"97":{"start":{"line":369,"column":19},"end":{"line":369,"column":null}},"98":{"start":{"line":370,"column":4},"end":{"line":375,"column":null}},"99":{"start":{"line":371,"column":6},"end":{"line":374,"column":null}},"100":{"start":{"line":378,"column":17},"end":{"line":380,"column":null}},"101":{"start":{"line":382,"column":4},"end":{"line":387,"column":null}},"102":{"start":{"line":383,"column":6},"end":{"line":386,"column":null}},"103":{"start":{"line":389,"column":4},"end":{"line":389,"column":null}},"104":{"start":{"line":391,"column":4},"end":{"line":391,"column":null}},"105":{"start":{"line":393,"column":4},"end":{"line":396,"column":null}},"106":{"start":{"line":401,"column":0},"end":{"line":450,"column":null}},"107":{"start":{"line":405,"column":19},"end":{"line":405,"column":null}},"108":{"start":{"line":406,"column":4},"end":{"line":411,"column":null}},"109":{"start":{"line":407,"column":6},"end":{"line":410,"column":null}},"110":{"start":{"line":413,"column":55},"end":{"line":413,"column":null}},"111":{"start":{"line":416,"column":17},"end":{"line":418,"column":null}},"112":{"start":{"line":420,"column":4},"end":{"line":425,"column":null}},"113":{"start":{"line":421,"column":6},"end":{"line":424,"column":null}},"114":{"start":{"line":428,"column":27},"end":{"line":428,"column":null}},"115":{"start":{"line":430,"column":26},"end":{"line":439,"column":null}},"116":{"start":{"line":441,"column":4},"end":{"line":441,"column":null}},"117":{"start":{"line":443,"column":10},"end":{"line":443,"column":null}},"118":{"start":{"line":445,"column":4},"end":{"line":448,"column":null}},"119":{"start":{"line":453,"column":0},"end":{"line":496,"column":null}},"120":{"start":{"line":457,"column":19},"end":{"line":457,"column":null}},"121":{"start":{"line":458,"column":4},"end":{"line":463,"column":null}},"122":{"start":{"line":459,"column":6},"end":{"line":462,"column":null}},"123":{"start":{"line":466,"column":17},"end":{"line":468,"column":null}},"124":{"start":{"line":470,"column":4},"end":{"line":475,"column":null}},"125":{"start":{"line":471,"column":6},"end":{"line":474,"column":null}},"126":{"start":{"line":477,"column":29},"end":{"line":477,"column":null}},"127":{"start":{"line":479,"column":26},"end":{"line":485,"column":null}},"128":{"start":{"line":487,"column":4},"end":{"line":487,"column":null}},"129":{"start":{"line":489,"column":10},"end":{"line":489,"column":null}},"130":{"start":{"line":491,"column":4},"end":{"line":494,"column":null}},"131":{"start":{"line":499,"column":0},"end":{"line":535,"column":null}},"132":{"start":{"line":503,"column":22},"end":{"line":503,"column":null}},"133":{"start":{"line":504,"column":4},"end":{"line":509,"column":null}},"134":{"start":{"line":505,"column":6},"end":{"line":508,"column":null}},"135":{"start":{"line":512,"column":20},"end":{"line":514,"column":null}},"136":{"start":{"line":516,"column":4},"end":{"line":521,"column":null}},"137":{"start":{"line":517,"column":6},"end":{"line":520,"column":null}},"138":{"start":{"line":523,"column":20},"end":{"line":526,"column":null}},"139":{"start":{"line":525,"column":45},"end":{"line":525,"column":null}},"140":{"start":{"line":528,"column":10},"end":{"line":528,"column":null}},"141":{"start":{"line":530,"column":4},"end":{"line":533,"column":null}},"142":{"start":{"line":538,"column":0},"end":{"line":586,"column":null}},"143":{"start":{"line":542,"column":22},"end":{"line":542,"column":null}},"144":{"start":{"line":543,"column":4},"end":{"line":548,"column":null}},"145":{"start":{"line":544,"column":6},"end":{"line":547,"column":null}},"146":{"start":{"line":550,"column":53},"end":{"line":550,"column":null}},"147":{"start":{"line":553,"column":20},"end":{"line":555,"column":null}},"148":{"start":{"line":557,"column":4},"end":{"line":562,"column":null}},"149":{"start":{"line":558,"column":6},"end":{"line":561,"column":null}},"150":{"start":{"line":564,"column":19},"end":{"line":573,"column":null}},"151":{"start":{"line":575,"column":24},"end":{"line":575,"column":null}},"152":{"start":{"line":577,"column":4},"end":{"line":577,"column":null}},"153":{"start":{"line":579,"column":10},"end":{"line":579,"column":null}},"154":{"start":{"line":581,"column":4},"end":{"line":584,"column":null}},"155":{"start":{"line":589,"column":0},"end":{"line":637,"column":null}},"156":{"start":{"line":593,"column":21},"end":{"line":593,"column":null}},"157":{"start":{"line":594,"column":4},"end":{"line":599,"column":null}},"158":{"start":{"line":595,"column":6},"end":{"line":598,"column":null}},"159":{"start":{"line":601,"column":53},"end":{"line":601,"column":null}},"160":{"start":{"line":604,"column":19},"end":{"line":606,"column":null}},"161":{"start":{"line":608,"column":4},"end":{"line":613,"column":null}},"162":{"start":{"line":609,"column":6},"end":{"line":612,"column":null}},"163":{"start":{"line":615,"column":19},"end":{"line":624,"column":null}},"164":{"start":{"line":626,"column":28},"end":{"line":626,"column":null}},"165":{"start":{"line":628,"column":4},"end":{"line":628,"column":null}},"166":{"start":{"line":630,"column":10},"end":{"line":630,"column":null}},"167":{"start":{"line":632,"column":4},"end":{"line":635,"column":null}},"168":{"start":{"line":640,"column":0},"end":{"line":678,"column":null}},"169":{"start":{"line":644,"column":21},"end":{"line":644,"column":null}},"170":{"start":{"line":645,"column":4},"end":{"line":650,"column":null}},"171":{"start":{"line":646,"column":6},"end":{"line":649,"column":null}},"172":{"start":{"line":653,"column":19},"end":{"line":655,"column":null}},"173":{"start":{"line":657,"column":4},"end":{"line":662,"column":null}},"174":{"start":{"line":658,"column":6},"end":{"line":661,"column":null}},"175":{"start":{"line":665,"column":4},"end":{"line":668,"column":null}},"176":{"start":{"line":671,"column":4},"end":{"line":671,"column":null}},"177":{"start":{"line":673,"column":4},"end":{"line":676,"column":null}}},"fnMap":{"0":{"name":"(anonymous_0)","decl":{"start":{"line":12,"column":50},"end":{"line":12,"column":57}},"loc":{"start":{"line":12,"column":83},"end":{"line":25,"column":1}},"line":12},"1":{"name":"(anonymous_1)","decl":{"start":{"line":15,"column":13},"end":{"line":15,"column":14}},"loc":{"start":{"line":15,"column":37},"end":{"line":15,"column":null}},"line":15},"2":{"name":"(anonymous_2)","decl":{"start":{"line":28,"column":53},"end":{"line":28,"column":60}},"loc":{"start":{"line":28,"column":86},"end":{"line":55,"column":1}},"line":28},"3":{"name":"(anonymous_3)","decl":{"start":{"line":58,"column":51},"end":{"line":58,"column":58}},"loc":{"start":{"line":58,"column":84},"end":{"line":80,"column":1}},"line":58},"4":{"name":"(anonymous_4)","decl":{"start":{"line":83,"column":53},"end":{"line":83,"column":60}},"loc":{"start":{"line":83,"column":86},"end":{"line":128,"column":1}},"line":83},"5":{"name":"(anonymous_5)","decl":{"start":{"line":131,"column":56},"end":{"line":131,"column":63}},"loc":{"start":{"line":131,"column":89},"end":{"line":170,"column":1}},"line":131},"6":{"name":"(anonymous_6)","decl":{"start":{"line":176,"column":15},"end":{"line":176,"column":22}},"loc":{"start":{"line":176,"column":48},"end":{"line":216,"column":3}},"line":176},"7":{"name":"(anonymous_7)","decl":{"start":{"line":223,"column":15},"end":{"line":223,"column":22}},"loc":{"start":{"line":223,"column":48},"end":{"line":268,"column":3}},"line":223},"8":{"name":"(anonymous_8)","decl":{"start":{"line":275,"column":15},"end":{"line":275,"column":22}},"loc":{"start":{"line":275,"column":48},"end":{"line":308,"column":3}},"line":275},"9":{"name":"(anonymous_9)","decl":{"start":{"line":298,"column":15},"end":{"line":298,"column":16}},"loc":{"start":{"line":298,"column":40},"end":{"line":298,"column":null}},"line":298},"10":{"name":"(anonymous_10)","decl":{"start":{"line":315,"column":15},"end":{"line":315,"column":22}},"loc":{"start":{"line":315,"column":48},"end":{"line":361,"column":3}},"line":315},"11":{"name":"(anonymous_11)","decl":{"start":{"line":368,"column":15},"end":{"line":368,"column":22}},"loc":{"start":{"line":368,"column":48},"end":{"line":397,"column":3}},"line":368},"12":{"name":"(a
[...]
08},"11":{"loc":{"start":{"line":115,"column":2},"end":{"line":125,"column":null}},"type":"if","locations":[{"start":{"line":115,"column":2},"end":{"line":125,"column":null}},{"start":{},"end":{}}],"line":115},"12":{"loc":{"start":{"line":130,"column":2},"end":{"line":133,"column":null}},"type":"if","locations":[{"start":{"line":130,"column":2},"end":{"line":133,"column":null}},{"start":{},"end":{}}],"line":130},"13":{"loc":{"start":{"line":139,"column":2},"end":{"line":142,"column":null}},"type":"if","locations":[{"start":{"line":139,"column":2},"end":{"line":142,"column":null}},{"start":{},"end":{}}],"line":139},"14":{"loc":{"start":{"line":148,"column":2},"end":{"line":151,"column":null}},"type":"if","locations":[{"start":{"line":148,"column":2},"end":{"line":151,"column":null}},{"start":{},"end":{}}],"line":148},"15":{"loc":{"start":{"line":153,"column":25},"end":{"line":153,"column":null}},"type":"binary-expr","locations":[{"start":{"line":153,"column":25},"end":{"line":153,"column":44}},{"start":{"line":153,"column":44},"end":{"line":153,"column":null}}],"line":153},"16":{"loc":{"start":{"line":155,"column":2},"end":{"line":158,"column":null}},"type":"if","locations":[{"start":{"line":155,"column":2},"end":{"line":158,"column":null}},{"start":{},"end":{}}],"line":155},"17":{"loc":{"start":{"line":161,"column":2},"end":{"line":203,"column":null}},"type":"if","locations":[{"start":{"line":161,"column":2},"end":{"line":203,"column":null}},{"start":{},"end":{}}],"line":161},"18":{"loc":{"start":{"line":169,"column":4},"end":{"line":182,"column":null}},"type":"if","locations":[{"start":{"line":169,"column":4},"end":{"line":182,"column":null}},{"start":{},"end":{}}],"line":169},"19":{"loc":{"start":{"line":169,"column":8},"end":{"line":169,"column":43}},"type":"binary-expr","locations":[{"start":{"line":169,"column":8},"end":{"line":169,"column":19}},{"start":{"line":169,"column":19},"end":{"line":169,"column":43}}],"line":169},"20":{"loc":{"start":{"line":177,"column":17},"end":{"line":177,"column":null}},"type":"cond-expr","locations":[{"start":{"line":177,"column":42},"end":{"line":177,"column":58}},{"start":{"line":177,"column":58},"end":{"line":177,"column":null}}],"line":177},"21":{"loc":{"start":{"line":178,"column":17},"end":{"line":178,"column":null}},"type":"cond-expr","locations":[{"start":{"line":178,"column":42},"end":{"line":178,"column":56}},{"start":{"line":178,"column":56},"end":{"line":178,"column":null}}],"line":178},"22":{"loc":{"start":{"line":193,"column":6},"end":{"line":195,"column":null}},"type":"if","locations":[{"start":{"line":193,"column":6},"end":{"line":195,"column":null}},{"start":{},"end":{}}],"line":193},"23":{"loc":{"start":{"line":220,"column":13},"end":{"line":220,"column":null}},"type":"cond-expr","locations":[{"start":{"line":220,"column":38},"end":{"line":220,"column":54}},{"start":{"line":220,"column":54},"end":{"line":220,"column":null}}],"line":220},"24":{"loc":{"start":{"line":221,"column":13},"end":{"line":221,"column":null}},"type":"cond-expr","locations":[{"start":{"line":221,"column":38},"end":{"line":221,"column":52}},{"start":{"line":221,"column":52},"end":{"line":221,"column":null}}],"line":221},"25":{"loc":{"start":{"line":230,"column":4},"end":{"line":232,"column":null}},"type":"if","locations":[{"start":{"line":230,"column":4},"end":{"line":232,"column":null}},{"start":{},"end":{}}],"line":230},"26":{"loc":{"start":{"line":238,"column":4},"end":{"line":240,"column":null}},"type":"if","locations":[{"start":{"line":238,"column":4},"end":{"line":240,"column":null}},{"start":{},"end":{}}],"line":238},"27":{"loc":{"start":{"line":242,"column":4},"end":{"line":261,"column":null}},"type":"switch","locations":[{"start":{"line":243,"column":6},"end":{"line":246,"column":null}},{"start":{"line":248,"column":6},"end":{"line":248,"column":null}},{"start":{"line":249,"column":6},"end":{"line":252,"column":null}},{"start":{"line":254,"column":6},"end":{"line":257,"column":null}},{"start":{"line":259,"column":6},"end":{"line":259,"column":null}}],"line":242},"28":{"loc":{"start":{"line":266,"column":13},"end":{"line":266,"column":null}},"type":"cond-expr","locations":[{"start":{"line":266,"column":38},"end":{"line":266,"column":54}},{"start":{"line":266,"column":54},"end":{"line":266,"column":null}}],"line":266},"29":{"loc":{"start":{"line":267,"column":13},"end":{"line":267,"column":null}},"type":"cond-expr","locations":[{"start":{"line":267,"column":38},"end":{"line":267,"column":52}},{"start":{"line":267,"column":52},"end":{"line":267,"column":null}}],"line":267},"30":{"loc":{"start":{"line":290,"column":6},"end":{"line":290,"column":null}},"type":"if","locations":[{"start":{"line":290,"column":6},"end":{"line":290,"column":null}},{"start":{},"end":{}}],"line":290},"31":{"loc":{"start":{"line":298,"column":4},"end":{"line":301,"column":null}},"type":"if","locations":[{"start":{"line":298,"column":4},"end":{"line":301,"column":null}},{"start":{},"end":{}}],"line":298},"32":{"loc":{"start":{"line":306,"column":4},"end":{"line":313,"column":null}},"type":"if","locations":[{"start":{"line":306,"column":4},"end":{"line":313,"column":null}},{"start":{},"end":{}}],"line":306},"33":{"loc":{"start":{"line":308,"column":8},"end":{"line":308,"column":null}},"type":"if","locations":[{"start":{"line":308,"column":8},"end":{"line":308,"column":null}},{"start":{},"end":{}}],"line":308},"34":{"loc":{"start":{"line":317,"column":4},"end":{"line":319,"column":null}},"type":"if","locations":[{"start":{"line":317,"column":4},"end":{"line":319,"column":null}},{"start":{},"end":{}}],"line":317},"35":{"loc":{"start":{"line":317,"column":8},"end":{"line":317,"column":66}},"type":"binary-expr","locations":[{"start":{"line":317,"column":8},"end":{"line":317,"column":28}},{"start":{"line":317,"column":28},"end":{"line":317,"column":66}}],"line":317},"36":{"loc":{"start":{"line":322,"column":4},"end":{"line":333,"column":null}},"type":"if","locations":[{"start":{"line":322,"column":4},"end":{"line":333,"column":null}},{"start":{},"end":{}}],"line":322},"37":{"loc":{"start":{"line":322,"column":8},"end":{"line":322,"column":70}},"type":"binary-expr","locations":[{"start":{"line":322,"column":8},"end":{"line":322,"column":33}},{"start":{"line":322,"column":33},"end":{"line":322,"column":60}},{"start":{"line":322,"column":60},"end":{"line":322,"column":70}}],"line":322},"38":{"loc":{"start":{"line":324,"column":17},"end":{"line":324,"column":null}},"type":"binary-expr","locations":[{"start":{"line":324,"column":17},"end":{"line":324,"column":32}},{"start":{"line":324,"column":32},"end":{"line":324,"column":null}}],"line":324},"39":{"loc":{"start":{"line":327,"column":6},"end":{"line":332,"column":null}},"type":"if","locations":[{"start":{"line":327,"column":6},"end":{"line":332,"column":null}},{"start":{},"end":{}}],"line":327},"40":{"loc":{"start":{"line":336,"column":4},"end":{"line":355,"column":null}},"type":"if","locations":[{"start":{"line":336,"column":4},"end":{"line":355,"column":null}},{"start":{},"end":{}}],"line":336},"41":{"loc":{"start":{"line":336,"column":8},"end":{"line":336,"column":46}},"type":"binary-expr","locations":[{"start":{"line":336,"column":8},"end":{"line":336,"column":27}},{"start":{"line":336,"column":27},"end":{"line":336,"column":46}}],"line":336},"42":{"loc":{"start":{"line":338,"column":6},"end":{"line":340,"column":null}},"type":"if","locations":[{"start":{"line":338,"column":6},"end":{"line":340,"column":null}},{"start":{},"end":{}}],"line":338},"43":{"loc":{"start":{"line":338,"column":10},"end":{"line":338,"column":50}},"type":"binary-expr","locations":[{"start":{"line":338,"column":10},"end":{"line":338,"column":33}},{"start":{"line":338,"column":33},"end":{"line":338,"column":50}}],"line":338},"44":{"loc":{"start":{"line":351,"column":17},"end":{"line":351,"column":null}},"type":"cond-expr","locations":[{"start":{"line":351,"column":42},"end":{"line":351,"column":58}},{"start":{"line":351,"column":58},"end":{"line":351,"column":null}}],"line":351},"45":{"loc":{"start":{"line":352,"column":17},"end":{"line":352,"column":null}},"type":"cond-expr","locations":[{"start":{"line":352,"column":42},"end":{"line":352,"column":56}},{"start":{"line":352,"column":56},"end":{"line":352,"column":null}}],"line":352},"46":{"loc":{"start":{"line":361,"column":13},"end":{"line":361,"column":null}},"type":"cond-expr","locations":[{"start":{"line":361,"column":38},"end":{"line":361,"column":54}},{"start":{"line":361,"column":54},"end":{"line":361,"column":null}}],"line":361},"47":{"loc":{"start":{"line":362,"column":13},"end":{"line":362,"column":null}},"type":"cond-expr","locations":[{"start":{"line":362,"column":38},"end":{"line":362,"column":52}},{"start":{"line":362,"column":52},"end":{"line":362,"column":null}}],"line":362},"48":{"loc":{"start":{"line":379,"column":4},"end":{"line":381,"column":null}},"type":"if","locations":[{"start":{"line":379,"column":4},"end":{"line":381,"column":null}},{"start":{},"end":{}}],"line":379},"49":{"loc":{"start":{"line":379,"column":8},"end":{"line":379,"column":54}},"type":"binary-expr","locations":[{"start":{"line":379,"column":8},"end":{"line":379,"column":29}},{"start":{"line":379,"column":29},"end":{"line":379,"column":54}}],"line":379},"50":{"loc":{"start":{"line":396,"column":4},"end":{"line":398,"column":null}},"type":"if","locations":[{"start":{"line":396,"column":4},"end":{"line":398,"column":null}},{"start":{},"end":{}}],"line":396},"51":{"loc":{"start":{"line":396,"column":8},"end":{"line":396,"column":54}},"type":"binary-expr","locations":[{"start":{"line":396,"column":8},"end":{"line":396,"column":29}},{"start":{"line":396,"column":29},"end":{"line":396,"column":54}}],"line":396},"52":{"loc":{"start":{"line":417,"column":13},"end":{"line":417,"column":null}},"type":"cond-expr","locations":[{"start":{"line":417,"column":38},"end":{"line":417,"column":54}},{"start":{"line":417,"column":54},"end":{"line":417,"column":null}}],"line":417},"53":{"loc":{"start":{"line":418,"column":13},"end":{"line":418,"column":null}},"type":"cond-expr","locations":[{"start":{"line":418,"column":38},"end":{"line":418,"column":52}},{"start":{"line":418,"column":52},"end":{"line":418,"column":null}}],"line":418}},"s":{"0":0,"1":0,"2":0,"3":0,"4":0,"5":0,"6":0,"7":0,"8":0,"9":0,"10":0,"11":0,"12":0,"13":0,"14":0,"15":0,"16":0,"17":0,"18":0,"19":0,"20":0,"21":0,"22":0,"23":0,"24":0,"25":0,"26":0,"27":0,"28":0,"29":0,"30":0,"31":0,"32":0,"33":0,"34":0,"35":0,"36":0,"37":0,"38":0,"39":0,"40":0,"41":0,"42":0,"43":0,"44":0,"45":0,"46":0,"47":0,"48":0,"49":0,"50":0,"51":0,"52":0,"53":0,"54":0,"55":0,"56":0,"57":0,"58":0,"59":0,"60":0,"61":0,"62":0,"63":0,"64":0,"65":0,"66":0,"67":0,"68":0,"69":0,"70":0,"71":0,"72":0,"73":0,"74":0,"75":0,"76":0,"77":0,"78":0,"79":0,"80":0,"81":0,"82":0,"83":0,"84":0,"85":0,"86":0,"87":0,"88":0,"89":0,"90":0,"91":0,"92":0,"93":0,"94":0,"95":0,"96":0,"97":0,"98":0,"99":0,"100":0,"101":0,"102":0,"103":0,"104":0,"105":0,"106":0,"107":0,"108":0,"109":0,"110":0,"111":0,"112":0,"113":0,"114":0,"115":0,"116":0,"117":0,"118":0,"119":0,"120":0,"121":0,"122":0,"123":0,"124":0,"125":0,"126":0,"127":0,"128":0,"129":0,"130":0,"131":0,"132":0,"133":0,"134":0,"135":0,"136":0,"137":0,"138":0,"139":0,"140":0,"141":0,"142":0,"143":0,"144":0,"145":0,"146":0,"147":0,"148":0,"149":0,"150":0,"151":0,"152":0,"153":0,"154":0,"155":0,"156":0,"157":0,"158":0,"159":0,"160":0,"161":0,"162":0,"163":0,"164":0,"165":0,"166":0,"167":0,"168":0,"169":0,"170":0},"f":{"0":0,"1":0,"2":0,"3":0,"4":0,"5":0,"6":0,"7":0,"8":0,"9":0,"10":0,"11":0,"12":0,"13":0},"b":{"0":[0,0],"1":[0,0],"2":[0,0],"3":[0,0],"4":[0,0],"5":[0,0,0],"6":[0,0],"7":[0,0],"8":[0,0],"9":[0,0],"10":[0,0],"11":[0,0],"12":[0,0],"13":[0,0],"14":[0,0],"15":[0,0],"16":[0,0],"17":[0,0],"18":[0,0],"19":[0,0],"20":[0,0],"21":[0,0],"22":[0,0],"23":[0,0],"24":[0,0],"25":[0,0],"26":[0,0],"27":[0,0,0,0,0],"28":[0,0],"29":[0,0],"30":[0,0],"31":[0,0],"32":[0,0],"33":[0,0],"34":[0,0],"35":[0,0],"36":[0,0],"37":[0,0,0],"38":[0,0],"39":[0,0],"40":[0,0],"41":[0,0],"42":[0,0],"43":[0,0],"44":[0,0],"45":[0,0],"46":[0,0],"47":[0,0],"48":[0,0],"49":[0,0],"50":[0,0],"51":[0,0],"52":[0,0],"53":[0,0]},"meta":{"lastBranch":54,"lastFunction":14,"lastStatement":171,"seen":{"s:11:26:11:Infinity":0,"s:12:38:12:Infinity":1,"s:13:21:13:Infinity":2,"f:15:9:15:26":0,"s:16:14:16:Infinity":3,"s:17:19:17:Infinity":4,"b:19:2:26:Infinity:undefined:undefined:undefined:undefined":0,"s:19:2:26:Infinity":5,"b:19:6:19:19:19:19:19:45":1,"s:21:4:24:Infinity":6,"s:25:4:25:Infinity":7,"b:28:2:31:Infinity:undefined:undefined:undefined:undefined":2,"s:28:2:31:Infinity":8,"s:29:4:29:Infinity":9,"s:30:4:30:Infinity":10,"s:33:2:33:Infinity":11,"s:34:2:34:Infinity":12,"s:49:20:49:Infinity":13,"s:52:21:52:Infinity":14,"s:53:32:53:Infinity":15,"s:54:26:54:Infinity":16,"s:55:26:55:Infinity":17,"f:57:16:57:31":1,"s:58:2:58:Infinity":18,"s:61:2:80:Infinity":19,"f:61:14:61:20":2,"s:62:16:62:Infinity":20,"s:65:4:69:Infinity":21,"b:66:6:68:Infinity:undefined:undefined:undefined:undefined":3,"s:66:6:68:Infinity":22,"s:67:8:67:Infinity":23,"s:72:4:79:Infinity":24,"b:73:6:78:Infinity:undefined:undefined:undefined:undefined":4,"s:73:6:78:Infinity":25,"s:75:8:75:Infinity":26,"s:76:8:76:Infinity":27,"s:77:8:77:Infinity":28,"f:83:15:83:32":3,"s:84:19:84:Infinity":29,"b:84:19:84:47:84:47:84:91:84:91:84:Infinity":5,"b:87:2:90:Infinity:undefined:undefined:undefined:undefined":6,"s:87:2:90:Infinity":30,"s:88:4:88:Infinity":31,"s:89:4:89:Infinity":32,"s:92:14:92:Infinity":33,"b:92:22:92:33:92:33:92:37":7,"s:93:24:93:Infinity":34,"b:95:2:98:Infinity:undefined:undefined:undefined:undefined":8,"s:95:2:98:Infinity":35,"s:96:4:96:Infinity":36,"s:97:4:97:Infinity":37,"s:100:19:100:Infinity":38,"b:101:2:104:Infinity:undefined:undefined:undefined:undefined":9,"s:101:2:104:Infinity":39,"s:102:4:102:Infinity":40,"s:103:4:103:Infinity":41,"s:107:21:107:Infinity":42,"b:108:2:111:Infinity:undefined:undefined:undefined:undefined":10,"s:108:2:111:Infinity":43,"s:109:4:109:Infinity":44,"s:110:4:110:Infinity":45,"s:114:30:114:Infinity":46,"b:115:2:125:Infinity:undefined:undefined:undefined:undefined":11,"s:115:2:125:Infinity":47,"s:116:4:124:Infinity":48,"s:117:12:117:Infinity":49,"s:118:12:118:Infinity":50,"s:119:22:119:Infinity":51,"s:120:6:120:Infinity":52,"s:122:6:122:Infinity":53,"s:123:6:123:Infinity":54,"s:127:2:127:Infinity":55,"s:128:2:128:Infinity":56,"b:130:2:133:Infinity:undefined:undefined:undefined:undefined":12,"s:130:2:133:Infinity":57,"s:131:4:131:Infinity":58,"s:132:4:132:Infinity":59,"s:135:17:137:Infinity":60,"b:139:2:142:Infinity:undefined:undefined:undefined:undefined":13,"s:139:2:142:Infinity":61,"s:140:4:140:Infinity":62,"s:141:4:141:Infinity":63,"s:144:18:146:Infinity":64,"b:148:2:151:Infinity:undefined:undefined:undefined:undefined":14,"s:148:2:151:Infinity":65,"s:149:4:149:Infinity":66,"s:150:4:150:Infinity":67,"s:153:25:153:Infinity":68,"b:153:25:153:44:153:44:153:Infinity":15,"b:155:2:158:Infinity:undefined:undefined:undefined:undefined":16,"s:155:2:158:Infinity":69,"s:156:4:156:Infinity":70,"s:157:4:157:Infinity":71,"s:160:13:160:Infinity":72,"b:161:2:203:Infinity:undefined:undefined:undefined:undefined":17,"s:161:2:203:Infinity":73,"s:163:19:165:Infinity":74,"s:167:16:167:Infinity":75,"b:169:4:182:Infinity:undefined:undefined:undefined:undefined":18,"s:169:4:182:Infinity":76,"b:169:8:169:19:169:19:169:43":19,"s:170:6:181:Infinity":77,"s:171:28:171:Infinity":78,"s:172:21:172:Infinity":79,"s:173:8:173:Infinity":80,"s:175:8:179:Infinity":81,"b:177:42:177:58:177:58:177:Infinity":20,"b:178:42:178:56:178:56:178:Infinity":21,"s:184:4:188:Infinity":82,"s:191:4:200:Infinity":83,"f:191:21:191:27":4,"b:193:6:195:Infinity:undefined:undefined:undefined:undefined":22,"s:193:6:195:Infinity":84,"s:194:8:194:Infinity":85,"s:196:6:199:Infinity":86,"f:197:8:197:14":5,"s:197:14:197:Infinity":87,"s:202:4:202:Infinity":88,"s:205:2:205:Infinity":89,"s:208:2:210:Infinity":90,"f:208:19:208:20":6,"s:209:4:209:Infinity":91,"s:212:2:214:Infinity":92,"f:212:17:212:23":7,"s:213:4:213:Infinity":93,"s:216:2:223:Infinity":94,"f:216:17:216:18":8,"s:217:4:222:Infinity":95,"b:220:38:220:54:220:54:220:Infinity":23,"b:221:38:221:52:221:52:221:Infinity":24,"f:226:9:226:23":9,"s:227:2:269:Infinity":96,"s:228:23:228:Infinity":97,"b:230:4:232:Infinity:undefined:undefined:undefined:undefined":25,"s:230:4:232:Infinity":98,"s:231:6:231:Infinity":99,"s:234:24:234:Infinity":100,"s:235:24:235:Infinity":101,"b:238:4:240:Infinity:undefined:undefined:undefined:undefined":26,"s:238:4:240:Infinity":102,"s:239:6:239:Infinity":103,"b:243:6:246:Infinity:248:6:248:Infinity:249:6:252:Infinity:254:6:257:Infinity:259:6:259:Infinity":27,"s:242:4:261:Infinity":104,"s:245:8:245:Infinity":105,"s:246:8:246:Infinity":106,"s:251:8:251:Infinity":107,"s:252:8:252:Infinity":108,"s:256:8:256:Infinity":109,"s:257:8:257:Infinity":110,"s:263:4:268:Infinity":111,"b:266:38:266:54:266:54:266:Infinity":28,"b:267:38:267:52:267:52:267:Infinity":29,"f:277:9:277:Infinity":10,"s:282:2:364:Infinity":112,"s:283:17:283:Infinity":113,"s:286:28:286:Infinity":114,"s:287:16:287:Infinity":115,"s:289:4:294:Infinity":116,"b:290:6:290:Infinity:undefined:undefined:undefined:undefined":30,"s:290:6:290:Infinity":117,"s:290:33:290:Infinity":118,"s:291:6:291:Infinity":119,"s:292:6:292:Infinity":120,"s:293:6:293:Infinity":121,"s:297:41:297:Infinity":122,"b:298:4:301:Infinity:undefined:undefined:undefined:undefined":31,"s:298:4:301:Infinity":123,"s:299:6:299:Infinity":124,"s:300:6:300:Infinity":125,"s:304:23:304:Infinity":126,"s:305:4:305:Infinity":127,"b:306:4:313:Infinity:undefined:undefined:undefined:undefined":32,"s:306:4:313:Infinity":128,"s:307:6:312:Infinity":129,"b:308:8:308:Infinity:undefined:undefined:undefined:undefined":33,"s:308:8:308:Infinity":130,"s:308:35:308:Infinity":131,"s:309:8:309:Infinity":132,"s:310:8:310:Infinity":133,"s:311:8:311:Infinity":134,"s:316:36:316:Infinity":135,"b:317:4:319:Infinity:undefined:undefined:undefined:undefined":34,"s:317:4:319:Infinity":136,"b:317:8:317:28:317:28:317:66":35,"s:318:6:318:Infinity":137,"b:322:4:333:Infinity:undefined:undefined:undefined:undefined":36,"s:322:4:333:Infinity":138,"b:322:8:322:33:322:33:322:60:322:60:322:70":37,"s:324:17:324:Infinity":139,"b:324:17:324:32:324:32:324:Infinity":38,"s:325:28:325:Infinity":140,"b:327:6:332:Infinity:undefined:undefined:undefined:undefined":39,"s:327:6:332:Infinity":141,"s:328:28:328:Infinity":142,"s:329:8:329:Infinity":143,"s:330:8:330:Infinity":144,"s:331:8:331:Infinity":145,"b:336:4:355:Infinity:undefined:undefined:undefined:undefined":40,"s:336:4:355:Infinity":146,"b:336:8:336:27:336:27:336:46":41,"b:338:6:340:Infinity:undefined:undefined:undefined:undefined":42,"s:338:6:340:Infinity":147,"b:338:10:338:33:338:33:338:50":43,"s:339:8:339:Infinity":148,"s:342:6:354:Infinity":149,"s:343:8:343:Infinity":150,"s:346:8:346:Infinity":151,"s:348:8:353:Infinity":152,"b:351:42:351:58:351:58:351:Infinity":44,"b:352:42:352:56:352:56:352:Infinity":45,"s:358:4:363:Infinity":153,"b:361:38:361:54:361:54:361:Infinity":46,"b:362:38:362:52:362:52:362:Infinity":47,"f:368:9:368:Infinity":11,"s:374:18:374:Infinity":154,"s:375:2:375:Infinity":155,"s:376:2:376:Infinity":156,"s:378:2:382:Infinity":157,"b:379:4:381:Infinity:undefined:undefined:undefined:undefined":48,"s:379:4:381:Infinity":158,"b:379:8:379:29:379:29:379:54":49,"s:380:6:380:Infinity":159,"f:385:9:385:Infinity":12,"s:391:18:391:Infinity":160,"s:392:2:392:Infinity":161,"s:393:2:393:Infinity":162,"s:395:2:399:Infinity":163,"b:396:4:398:Infinity:undefined:undefined:undefined:undefined":50,"s:396:4:398:Infinity":164,"b:396:8:396:29:396:29:396:54":51,"s:397:6:397:Infinity":165,"f:402:15:402:34":13,"s:403:2:421:Infinity":166,"s:404:19:404:Infinity":167,"s:405:19:405:Infinity":168,"s:407:4:413:Infinity":169,"s:415:4:419:Infinity":170,"b:417:38:417:54:417:54:417:Infinity":52,"b:418:38:418:52:418:52:418:Infinity":53}}}
}
